ARM GAS  C:\Users\BABEH_~1\AppData\Local\Temp\ccXcjpyx.s 			page 1


   1              		.syntax unified
   2              		.cpu cortex-m0
   3              		.fpu softvfp
   4              		.eabi_attribute 20, 1
   5              		.eabi_attribute 21, 1
   6              		.eabi_attribute 23, 3
   7              		.eabi_attribute 24, 1
   8              		.eabi_attribute 25, 1
   9              		.eabi_attribute 26, 1
  10              		.eabi_attribute 30, 6
  11              		.eabi_attribute 34, 0
  12              		.eabi_attribute 18, 4
  13              		.thumb
  14              		.syntax unified
  15              		.file	"debug.c"
  16              		.text
  17              	.Ltext0:
  18              		.cfi_sections	.debug_frame
  19              		.section	.text._write,"ax",%progbits
  20              		.align	2
  21              		.global	_write
  22              		.code	16
  23              		.thumb_func
  24              		.type	_write, %function
  25              	_write:
  26              	.LFB36:
  27              		.file 1 "debug.c"
   1:debug.c       **** /*******************************************************************************
   2:debug.c       **** * File Name: debug.c
   3:debug.c       **** *
   4:debug.c       **** * Version: 1.0
   5:debug.c       **** *
   6:debug.c       **** * Description:
   7:debug.c       **** *  This file contains functions for printf functionality.
   8:debug.c       **** *
   9:debug.c       **** * Hardware Dependency:
  10:debug.c       **** *  CY8CKIT-042 BLE
  11:debug.c       **** * 
  12:debug.c       **** ********************************************************************************
  13:debug.c       **** * Copyright 2016, Cypress Semiconductor Corporation.  All rights reserved.
  14:debug.c       **** * You may use this file only in accordance with the license, terms, conditions,
  15:debug.c       **** * disclaimers, and limitations in the end user license agreement accompanying
  16:debug.c       **** * the software package with which this file was provided.
  17:debug.c       **** *******************************************************************************/
  18:debug.c       **** 
  19:debug.c       **** 
  20:debug.c       **** #include "common.h"
  21:debug.c       **** 
  22:debug.c       **** #if (DEBUG_UART_ENABLED == ENABLED)
  23:debug.c       **** 
  24:debug.c       **** #if defined(__ARMCC_VERSION)
  25:debug.c       ****     
  26:debug.c       **** /* For MDK/RVDS compiler revise fputc function for printf functionality */
  27:debug.c       **** struct __FILE 
  28:debug.c       **** {
  29:debug.c       ****     int handle;  
  30:debug.c       **** };
ARM GAS  C:\Users\BABEH_~1\AppData\Local\Temp\ccXcjpyx.s 			page 2


  31:debug.c       **** 
  32:debug.c       **** enum 
  33:debug.c       **** {
  34:debug.c       ****     STDIN_HANDLE,
  35:debug.c       ****     STDOUT_HANDLE,
  36:debug.c       ****     STDERR_HANDLE
  37:debug.c       **** };
  38:debug.c       **** 
  39:debug.c       **** FILE __stdin = {STDIN_HANDLE};
  40:debug.c       **** FILE __stdout = {STDOUT_HANDLE};
  41:debug.c       **** FILE __stderr = {STDERR_HANDLE};
  42:debug.c       **** 
  43:debug.c       **** int fputc(int ch, FILE *file) 
  44:debug.c       **** {
  45:debug.c       ****     int ret = EOF;
  46:debug.c       **** 
  47:debug.c       ****     switch( file->handle )
  48:debug.c       ****     {
  49:debug.c       ****         case STDOUT_HANDLE:
  50:debug.c       ****             UART_DEB_UartPutChar(ch);
  51:debug.c       ****             ret = ch ;
  52:debug.c       ****             break ;
  53:debug.c       **** 
  54:debug.c       ****         case STDERR_HANDLE:
  55:debug.c       ****             ret = ch ;
  56:debug.c       ****             break ;
  57:debug.c       **** 
  58:debug.c       ****         default:
  59:debug.c       ****             file = file;
  60:debug.c       ****             break ;
  61:debug.c       ****     }
  62:debug.c       ****     return ret ;
  63:debug.c       **** }
  64:debug.c       **** 
  65:debug.c       **** #elif defined (__ICCARM__)      /* IAR */
  66:debug.c       **** 
  67:debug.c       **** /* For IAR compiler revise __write() function for printf functionality */
  68:debug.c       **** size_t __write(int handle, const unsigned char * buffer, size_t size)
  69:debug.c       **** {
  70:debug.c       ****     size_t nChars = 0;
  71:debug.c       **** 
  72:debug.c       ****     if (buffer == 0)
  73:debug.c       ****     {
  74:debug.c       ****         /*
  75:debug.c       ****          * This means that we should flush internal buffers.  Since we
  76:debug.c       ****          * don't we just return.  (Remember, "handle" == -1 means that all
  77:debug.c       ****          * handles should be flushed.)
  78:debug.c       ****          */
  79:debug.c       ****         return (0);
  80:debug.c       ****     }
  81:debug.c       **** 
  82:debug.c       ****     for (/* Empty */; size != 0; --size)
  83:debug.c       ****     {
  84:debug.c       ****         UART_DEB_UartPutChar(*buffer++);
  85:debug.c       ****         ++nChars;
  86:debug.c       ****     }
  87:debug.c       **** 
ARM GAS  C:\Users\BABEH_~1\AppData\Local\Temp\ccXcjpyx.s 			page 3


  88:debug.c       ****     return (nChars);
  89:debug.c       **** }
  90:debug.c       **** 
  91:debug.c       **** #else  /* (__GNUC__)  GCC */
  92:debug.c       **** 
  93:debug.c       **** /* For GCC compiler revise _write() function for printf functionality */
  94:debug.c       **** int _write(int file, char *ptr, int len)
  95:debug.c       **** {
  28              		.loc 1 95 0
  29              		.cfi_startproc
  30              		@ args = 0, pretend = 0, frame = 24
  31              		@ frame_needed = 1, uses_anonymous_args = 0
  32 0000 80B5     		push	{r7, lr}
  33              		.cfi_def_cfa_offset 8
  34              		.cfi_offset 7, -8
  35              		.cfi_offset 14, -4
  36 0002 86B0     		sub	sp, sp, #24
  37              		.cfi_def_cfa_offset 32
  38 0004 00AF     		add	r7, sp, #0
  39              		.cfi_def_cfa_register 7
  40 0006 F860     		str	r0, [r7, #12]
  41 0008 B960     		str	r1, [r7, #8]
  42 000a 7A60     		str	r2, [r7, #4]
  96:debug.c       ****     int i;
  97:debug.c       ****     file = file;
  98:debug.c       ****     for (i = 0; i < len; i++)
  43              		.loc 1 98 0
  44 000c 0023     		movs	r3, #0
  45 000e 7B61     		str	r3, [r7, #20]
  46 0010 09E0     		b	.L2
  47              	.L3:
  48              	.LBB2:
  99:debug.c       ****     {
 100:debug.c       ****         UART_DEB_UartPutChar(*ptr++);
  49              		.loc 1 100 0 discriminator 3
  50 0012 BB68     		ldr	r3, [r7, #8]
  51 0014 5A1C     		adds	r2, r3, #1
  52 0016 BA60     		str	r2, [r7, #8]
  53 0018 1B78     		ldrb	r3, [r3]
  54 001a 1800     		movs	r0, r3
  55 001c FFF7FEFF 		bl	UART_DEB_UartPutChar
  56              	.LBE2:
  98:debug.c       ****     {
  57              		.loc 1 98 0 discriminator 3
  58 0020 7B69     		ldr	r3, [r7, #20]
  59 0022 0133     		adds	r3, r3, #1
  60 0024 7B61     		str	r3, [r7, #20]
  61              	.L2:
  98:debug.c       ****     {
  62              		.loc 1 98 0 is_stmt 0 discriminator 1
  63 0026 7A69     		ldr	r2, [r7, #20]
  64 0028 7B68     		ldr	r3, [r7, #4]
  65 002a 9A42     		cmp	r2, r3
  66 002c F1DB     		blt	.L3
 101:debug.c       ****     }
 102:debug.c       ****     return len;
  67              		.loc 1 102 0 is_stmt 1
ARM GAS  C:\Users\BABEH_~1\AppData\Local\Temp\ccXcjpyx.s 			page 4


  68 002e 7B68     		ldr	r3, [r7, #4]
 103:debug.c       **** }
  69              		.loc 1 103 0
  70 0030 1800     		movs	r0, r3
  71 0032 BD46     		mov	sp, r7
  72 0034 06B0     		add	sp, sp, #24
  73              		@ sp needed
  74 0036 80BD     		pop	{r7, pc}
  75              		.cfi_endproc
  76              	.LFE36:
  77              		.size	_write, .-_write
  78              		.section	.rodata
  79              		.align	2
  80              	.LC0:
  81 0000 25322E32 		.ascii	"%2.2x \000"
  81      782000
  82 0007 00       		.align	2
  83              	.LC2:
  84 0008 0D00     		.ascii	"\015\000"
  85              		.section	.text.ShowValue,"ax",%progbits
  86              		.align	2
  87              		.global	ShowValue
  88              		.code	16
  89              		.thumb_func
  90              		.type	ShowValue, %function
  91              	ShowValue:
  92              	.LFB37:
 104:debug.c       **** 
 105:debug.c       **** 
 106:debug.c       **** #endif  /* (__ARMCC_VERSION) */   
 107:debug.c       **** 
 108:debug.c       **** #endif /* DEBUG_UART_ENABLED == ENABLED */
 109:debug.c       **** 
 110:debug.c       **** 
 111:debug.c       **** void ShowValue(CYBLE_GATT_VALUE_T *value)
 112:debug.c       **** {
  93              		.loc 1 112 0
  94              		.cfi_startproc
  95              		@ args = 0, pretend = 0, frame = 16
  96              		@ frame_needed = 1, uses_anonymous_args = 0
  97 0000 80B5     		push	{r7, lr}
  98              		.cfi_def_cfa_offset 8
  99              		.cfi_offset 7, -8
 100              		.cfi_offset 14, -4
 101 0002 84B0     		sub	sp, sp, #16
 102              		.cfi_def_cfa_offset 24
 103 0004 00AF     		add	r7, sp, #0
 104              		.cfi_def_cfa_register 7
 105 0006 7860     		str	r0, [r7, #4]
 113:debug.c       ****     int16 i;
 114:debug.c       ****     
 115:debug.c       ****     for(i = 0; i < value->len; i++)
 106              		.loc 1 115 0
 107 0008 0E23     		movs	r3, #14
 108 000a FB18     		adds	r3, r7, r3
 109 000c 0022     		movs	r2, #0
 110 000e 1A80     		strh	r2, [r3]
ARM GAS  C:\Users\BABEH_~1\AppData\Local\Temp\ccXcjpyx.s 			page 5


 111 0010 17E0     		b	.L6
 112              	.L7:
 116:debug.c       ****     {
 117:debug.c       ****         DBG_PRINTF("%2.2x ", value->val[i]);
 113              		.loc 1 117 0 discriminator 3
 114 0012 7B68     		ldr	r3, [r7, #4]
 115 0014 1A68     		ldr	r2, [r3]
 116 0016 0E23     		movs	r3, #14
 117 0018 FB18     		adds	r3, r7, r3
 118 001a 0021     		movs	r1, #0
 119 001c 5B5E     		ldrsh	r3, [r3, r1]
 120 001e D318     		adds	r3, r2, r3
 121 0020 1B78     		ldrb	r3, [r3]
 122 0022 1A00     		movs	r2, r3
 123 0024 0F4B     		ldr	r3, .L8
 124 0026 1100     		movs	r1, r2
 125 0028 1800     		movs	r0, r3
 126 002a FFF7FEFF 		bl	printf
 115:debug.c       ****     {
 127              		.loc 1 115 0 discriminator 3
 128 002e 0E23     		movs	r3, #14
 129 0030 FB18     		adds	r3, r7, r3
 130 0032 0022     		movs	r2, #0
 131 0034 9B5E     		ldrsh	r3, [r3, r2]
 132 0036 9BB2     		uxth	r3, r3
 133 0038 0133     		adds	r3, r3, #1
 134 003a 9AB2     		uxth	r2, r3
 135 003c 0E23     		movs	r3, #14
 136 003e FB18     		adds	r3, r7, r3
 137 0040 1A80     		strh	r2, [r3]
 138              	.L6:
 115:debug.c       ****     {
 139              		.loc 1 115 0 is_stmt 0 discriminator 1
 140 0042 0E23     		movs	r3, #14
 141 0044 FB18     		adds	r3, r7, r3
 142 0046 0022     		movs	r2, #0
 143 0048 9B5E     		ldrsh	r3, [r3, r2]
 144 004a 7A68     		ldr	r2, [r7, #4]
 145 004c 9288     		ldrh	r2, [r2, #4]
 146 004e 9342     		cmp	r3, r2
 147 0050 DFDB     		blt	.L7
 118:debug.c       ****     }
 119:debug.c       ****     DBG_PRINTF("\r\n");
 148              		.loc 1 119 0 is_stmt 1
 149 0052 054B     		ldr	r3, .L8+4
 150 0054 1800     		movs	r0, r3
 151 0056 FFF7FEFF 		bl	puts
 120:debug.c       **** }
 152              		.loc 1 120 0
 153 005a C046     		nop
 154 005c BD46     		mov	sp, r7
 155 005e 04B0     		add	sp, sp, #16
 156              		@ sp needed
 157 0060 80BD     		pop	{r7, pc}
 158              	.L9:
 159 0062 C046     		.align	2
 160              	.L8:
ARM GAS  C:\Users\BABEH_~1\AppData\Local\Temp\ccXcjpyx.s 			page 6


 161 0064 00000000 		.word	.LC0
 162 0068 08000000 		.word	.LC2
 163              		.cfi_endproc
 164              	.LFE37:
 165              		.size	ShowValue, .-ShowValue
 166              		.section	.text.Set32ByPtr,"ax",%progbits
 167              		.align	2
 168              		.global	Set32ByPtr
 169              		.code	16
 170              		.thumb_func
 171              		.type	Set32ByPtr, %function
 172              	Set32ByPtr:
 173              	.LFB38:
 121:debug.c       **** 
 122:debug.c       **** 
 123:debug.c       **** void Set32ByPtr(uint8 ptr[], uint32 value)
 124:debug.c       **** {
 174              		.loc 1 124 0
 175              		.cfi_startproc
 176              		@ args = 0, pretend = 0, frame = 8
 177              		@ frame_needed = 1, uses_anonymous_args = 0
 178 0000 80B5     		push	{r7, lr}
 179              		.cfi_def_cfa_offset 8
 180              		.cfi_offset 7, -8
 181              		.cfi_offset 14, -4
 182 0002 82B0     		sub	sp, sp, #8
 183              		.cfi_def_cfa_offset 16
 184 0004 00AF     		add	r7, sp, #0
 185              		.cfi_def_cfa_register 7
 186 0006 7860     		str	r0, [r7, #4]
 187 0008 3960     		str	r1, [r7]
 125:debug.c       ****     ptr[0u] = (uint8) value;
 188              		.loc 1 125 0
 189 000a 3B68     		ldr	r3, [r7]
 190 000c DAB2     		uxtb	r2, r3
 191 000e 7B68     		ldr	r3, [r7, #4]
 192 0010 1A70     		strb	r2, [r3]
 126:debug.c       ****     ptr[1u] = (uint8) (value >> 8u);    
 193              		.loc 1 126 0
 194 0012 7B68     		ldr	r3, [r7, #4]
 195 0014 0133     		adds	r3, r3, #1
 196 0016 3A68     		ldr	r2, [r7]
 197 0018 120A     		lsrs	r2, r2, #8
 198 001a D2B2     		uxtb	r2, r2
 199 001c 1A70     		strb	r2, [r3]
 127:debug.c       ****     ptr[2u] = (uint8) (value >> 16u);    
 200              		.loc 1 127 0
 201 001e 7B68     		ldr	r3, [r7, #4]
 202 0020 0233     		adds	r3, r3, #2
 203 0022 3A68     		ldr	r2, [r7]
 204 0024 120C     		lsrs	r2, r2, #16
 205 0026 D2B2     		uxtb	r2, r2
 206 0028 1A70     		strb	r2, [r3]
 128:debug.c       ****     ptr[3u] = (uint8) (value >> 24u);
 207              		.loc 1 128 0
 208 002a 7B68     		ldr	r3, [r7, #4]
 209 002c 0333     		adds	r3, r3, #3
ARM GAS  C:\Users\BABEH_~1\AppData\Local\Temp\ccXcjpyx.s 			page 7


 210 002e 3A68     		ldr	r2, [r7]
 211 0030 120E     		lsrs	r2, r2, #24
 212 0032 D2B2     		uxtb	r2, r2
 213 0034 1A70     		strb	r2, [r3]
 129:debug.c       **** }
 214              		.loc 1 129 0
 215 0036 C046     		nop
 216 0038 BD46     		mov	sp, r7
 217 003a 02B0     		add	sp, sp, #8
 218              		@ sp needed
 219 003c 80BD     		pop	{r7, pc}
 220              		.cfi_endproc
 221              	.LFE38:
 222              		.size	Set32ByPtr, .-Set32ByPtr
 223 003e C046     		.text
 224              	.Letext0:
 225              		.file 2 "Generated_Source\\PSoC4/cytypes.h"
 226              		.file 3 "Generated_Source\\PSoC4/BLE_StackGatt.h"
 227              		.section	.debug_info,"",%progbits
 228              	.Ldebug_info0:
 229 0000 CF010000 		.4byte	0x1cf
 230 0004 0400     		.2byte	0x4
 231 0006 00000000 		.4byte	.Ldebug_abbrev0
 232 000a 04       		.byte	0x4
 233 000b 01       		.uleb128 0x1
 234 000c 69000000 		.4byte	.LASF22
 235 0010 0C       		.byte	0xc
 236 0011 F7000000 		.4byte	.LASF23
 237 0015 9D010000 		.4byte	.LASF24
 238 0019 00000000 		.4byte	.Ldebug_ranges0+0
 239 001d 00000000 		.4byte	0
 240 0021 00000000 		.4byte	.Ldebug_line0
 241 0025 02       		.uleb128 0x2
 242 0026 01       		.byte	0x1
 243 0027 06       		.byte	0x6
 244 0028 91010000 		.4byte	.LASF0
 245 002c 02       		.uleb128 0x2
 246 002d 01       		.byte	0x1
 247 002e 08       		.byte	0x8
 248 002f 43000000 		.4byte	.LASF1
 249 0033 02       		.uleb128 0x2
 250 0034 02       		.byte	0x2
 251 0035 05       		.byte	0x5
 252 0036 57010000 		.4byte	.LASF2
 253 003a 02       		.uleb128 0x2
 254 003b 02       		.byte	0x2
 255 003c 07       		.byte	0x7
 256 003d 06000000 		.4byte	.LASF3
 257 0041 02       		.uleb128 0x2
 258 0042 04       		.byte	0x4
 259 0043 05       		.byte	0x5
 260 0044 7C010000 		.4byte	.LASF4
 261 0048 02       		.uleb128 0x2
 262 0049 04       		.byte	0x4
 263 004a 07       		.byte	0x7
 264 004b 57000000 		.4byte	.LASF5
 265 004f 02       		.uleb128 0x2
ARM GAS  C:\Users\BABEH_~1\AppData\Local\Temp\ccXcjpyx.s 			page 8


 266 0050 08       		.byte	0x8
 267 0051 05       		.byte	0x5
 268 0052 42010000 		.4byte	.LASF6
 269 0056 02       		.uleb128 0x2
 270 0057 08       		.byte	0x8
 271 0058 07       		.byte	0x7
 272 0059 09020000 		.4byte	.LASF7
 273 005d 03       		.uleb128 0x3
 274 005e 04       		.byte	0x4
 275 005f 05       		.byte	0x5
 276 0060 696E7400 		.ascii	"int\000"
 277 0064 02       		.uleb128 0x2
 278 0065 04       		.byte	0x4
 279 0066 07       		.byte	0x7
 280 0067 27010000 		.4byte	.LASF8
 281 006b 04       		.uleb128 0x4
 282 006c 76010000 		.4byte	.LASF9
 283 0070 02       		.byte	0x2
 284 0071 D201     		.2byte	0x1d2
 285 0073 2C000000 		.4byte	0x2c
 286 0077 04       		.uleb128 0x4
 287 0078 06010000 		.4byte	.LASF10
 288 007c 02       		.byte	0x2
 289 007d D301     		.2byte	0x1d3
 290 007f 3A000000 		.4byte	0x3a
 291 0083 04       		.uleb128 0x4
 292 0084 0D010000 		.4byte	.LASF11
 293 0088 02       		.byte	0x2
 294 0089 D401     		.2byte	0x1d4
 295 008b 48000000 		.4byte	0x48
 296 008f 04       		.uleb128 0x4
 297 0090 51000000 		.4byte	.LASF12
 298 0094 02       		.byte	0x2
 299 0095 D601     		.2byte	0x1d6
 300 0097 33000000 		.4byte	0x33
 301 009b 02       		.uleb128 0x2
 302 009c 04       		.byte	0x4
 303 009d 04       		.byte	0x4
 304 009e 38000000 		.4byte	.LASF13
 305 00a2 02       		.uleb128 0x2
 306 00a3 08       		.byte	0x8
 307 00a4 04       		.byte	0x4
 308 00a5 FF000000 		.4byte	.LASF14
 309 00a9 02       		.uleb128 0x2
 310 00aa 01       		.byte	0x1
 311 00ab 08       		.byte	0x8
 312 00ac 34010000 		.4byte	.LASF15
 313 00b0 02       		.uleb128 0x2
 314 00b1 08       		.byte	0x8
 315 00b2 04       		.byte	0x4
 316 00b3 85010000 		.4byte	.LASF16
 317 00b7 02       		.uleb128 0x2
 318 00b8 04       		.byte	0x4
 319 00b9 07       		.byte	0x7
 320 00ba 39010000 		.4byte	.LASF17
 321 00be 05       		.uleb128 0x5
 322 00bf 04       		.byte	0x4
ARM GAS  C:\Users\BABEH_~1\AppData\Local\Temp\ccXcjpyx.s 			page 9


 323 00c0 A9000000 		.4byte	0xa9
 324 00c4 05       		.uleb128 0x5
 325 00c5 04       		.byte	0x4
 326 00c6 6B000000 		.4byte	0x6b
 327 00ca 06       		.uleb128 0x6
 328 00cb 08       		.byte	0x8
 329 00cc 03       		.byte	0x3
 330 00cd BE01     		.2byte	0x1be
 331 00cf FB000000 		.4byte	0xfb
 332 00d3 07       		.uleb128 0x7
 333 00d4 76616C00 		.ascii	"val\000"
 334 00d8 03       		.byte	0x3
 335 00d9 C101     		.2byte	0x1c1
 336 00db C4000000 		.4byte	0xc4
 337 00df 00       		.byte	0
 338 00e0 07       		.uleb128 0x7
 339 00e1 6C656E00 		.ascii	"len\000"
 340 00e5 03       		.byte	0x3
 341 00e6 C401     		.2byte	0x1c4
 342 00e8 77000000 		.4byte	0x77
 343 00ec 04       		.byte	0x4
 344 00ed 08       		.uleb128 0x8
 345 00ee 2E000000 		.4byte	.LASF18
 346 00f2 03       		.byte	0x3
 347 00f3 CB01     		.2byte	0x1cb
 348 00f5 77000000 		.4byte	0x77
 349 00f9 06       		.byte	0x6
 350 00fa 00       		.byte	0
 351 00fb 04       		.uleb128 0x4
 352 00fc 14010000 		.4byte	.LASF19
 353 0100 03       		.byte	0x3
 354 0101 CD01     		.2byte	0x1cd
 355 0103 CA000000 		.4byte	0xca
 356 0107 09       		.uleb128 0x9
 357 0108 50010000 		.4byte	.LASF25
 358 010c 01       		.byte	0x1
 359 010d 5E       		.byte	0x5e
 360 010e 5D000000 		.4byte	0x5d
 361 0112 00000000 		.4byte	.LFB36
 362 0116 38000000 		.4byte	.LFE36-.LFB36
 363 011a 01       		.uleb128 0x1
 364 011b 9C       		.byte	0x9c
 365 011c 6E010000 		.4byte	0x16e
 366 0120 0A       		.uleb128 0xa
 367 0121 3E000000 		.4byte	.LASF20
 368 0125 01       		.byte	0x1
 369 0126 5E       		.byte	0x5e
 370 0127 5D000000 		.4byte	0x5d
 371 012b 02       		.uleb128 0x2
 372 012c 91       		.byte	0x91
 373 012d 6C       		.sleb128 -20
 374 012e 0B       		.uleb128 0xb
 375 012f 70747200 		.ascii	"ptr\000"
 376 0133 01       		.byte	0x1
 377 0134 5E       		.byte	0x5e
 378 0135 BE000000 		.4byte	0xbe
 379 0139 02       		.uleb128 0x2
ARM GAS  C:\Users\BABEH_~1\AppData\Local\Temp\ccXcjpyx.s 			page 10


 380 013a 91       		.byte	0x91
 381 013b 68       		.sleb128 -24
 382 013c 0B       		.uleb128 0xb
 383 013d 6C656E00 		.ascii	"len\000"
 384 0141 01       		.byte	0x1
 385 0142 5E       		.byte	0x5e
 386 0143 5D000000 		.4byte	0x5d
 387 0147 02       		.uleb128 0x2
 388 0148 91       		.byte	0x91
 389 0149 64       		.sleb128 -28
 390 014a 0C       		.uleb128 0xc
 391 014b 6900     		.ascii	"i\000"
 392 014d 01       		.byte	0x1
 393 014e 60       		.byte	0x60
 394 014f 5D000000 		.4byte	0x5d
 395 0153 02       		.uleb128 0x2
 396 0154 91       		.byte	0x91
 397 0155 74       		.sleb128 -12
 398 0156 0D       		.uleb128 0xd
 399 0157 12000000 		.4byte	.LBB2
 400 015b 0E000000 		.4byte	.LBE2-.LBB2
 401 015f 0E       		.uleb128 0xe
 402 0160 61010000 		.4byte	.LASF26
 403 0164 01       		.byte	0x1
 404 0165 64       		.byte	0x64
 405 0166 5D000000 		.4byte	0x5d
 406 016a 0F       		.uleb128 0xf
 407 016b 00       		.byte	0
 408 016c 00       		.byte	0
 409 016d 00       		.byte	0
 410 016e 10       		.uleb128 0x10
 411 016f 24000000 		.4byte	.LASF27
 412 0173 01       		.byte	0x1
 413 0174 6F       		.byte	0x6f
 414 0175 00000000 		.4byte	.LFB37
 415 0179 6C000000 		.4byte	.LFE37-.LFB37
 416 017d 01       		.uleb128 0x1
 417 017e 9C       		.byte	0x9c
 418 017f 9E010000 		.4byte	0x19e
 419 0183 0A       		.uleb128 0xa
 420 0184 00000000 		.4byte	.LASF21
 421 0188 01       		.byte	0x1
 422 0189 6F       		.byte	0x6f
 423 018a 9E010000 		.4byte	0x19e
 424 018e 02       		.uleb128 0x2
 425 018f 91       		.byte	0x91
 426 0190 6C       		.sleb128 -20
 427 0191 0C       		.uleb128 0xc
 428 0192 6900     		.ascii	"i\000"
 429 0194 01       		.byte	0x1
 430 0195 71       		.byte	0x71
 431 0196 8F000000 		.4byte	0x8f
 432 019a 02       		.uleb128 0x2
 433 019b 91       		.byte	0x91
 434 019c 76       		.sleb128 -10
 435 019d 00       		.byte	0
 436 019e 05       		.uleb128 0x5
ARM GAS  C:\Users\BABEH_~1\AppData\Local\Temp\ccXcjpyx.s 			page 11


 437 019f 04       		.byte	0x4
 438 01a0 FB000000 		.4byte	0xfb
 439 01a4 11       		.uleb128 0x11
 440 01a5 19000000 		.4byte	.LASF28
 441 01a9 01       		.byte	0x1
 442 01aa 7B       		.byte	0x7b
 443 01ab 00000000 		.4byte	.LFB38
 444 01af 3E000000 		.4byte	.LFE38-.LFB38
 445 01b3 01       		.uleb128 0x1
 446 01b4 9C       		.byte	0x9c
 447 01b5 0B       		.uleb128 0xb
 448 01b6 70747200 		.ascii	"ptr\000"
 449 01ba 01       		.byte	0x1
 450 01bb 7B       		.byte	0x7b
 451 01bc C4000000 		.4byte	0xc4
 452 01c0 02       		.uleb128 0x2
 453 01c1 91       		.byte	0x91
 454 01c2 74       		.sleb128 -12
 455 01c3 0A       		.uleb128 0xa
 456 01c4 00000000 		.4byte	.LASF21
 457 01c8 01       		.byte	0x1
 458 01c9 7B       		.byte	0x7b
 459 01ca 83000000 		.4byte	0x83
 460 01ce 02       		.uleb128 0x2
 461 01cf 91       		.byte	0x91
 462 01d0 70       		.sleb128 -16
 463 01d1 00       		.byte	0
 464 01d2 00       		.byte	0
 465              		.section	.debug_abbrev,"",%progbits
 466              	.Ldebug_abbrev0:
 467 0000 01       		.uleb128 0x1
 468 0001 11       		.uleb128 0x11
 469 0002 01       		.byte	0x1
 470 0003 25       		.uleb128 0x25
 471 0004 0E       		.uleb128 0xe
 472 0005 13       		.uleb128 0x13
 473 0006 0B       		.uleb128 0xb
 474 0007 03       		.uleb128 0x3
 475 0008 0E       		.uleb128 0xe
 476 0009 1B       		.uleb128 0x1b
 477 000a 0E       		.uleb128 0xe
 478 000b 55       		.uleb128 0x55
 479 000c 17       		.uleb128 0x17
 480 000d 11       		.uleb128 0x11
 481 000e 01       		.uleb128 0x1
 482 000f 10       		.uleb128 0x10
 483 0010 17       		.uleb128 0x17
 484 0011 00       		.byte	0
 485 0012 00       		.byte	0
 486 0013 02       		.uleb128 0x2
 487 0014 24       		.uleb128 0x24
 488 0015 00       		.byte	0
 489 0016 0B       		.uleb128 0xb
 490 0017 0B       		.uleb128 0xb
 491 0018 3E       		.uleb128 0x3e
 492 0019 0B       		.uleb128 0xb
 493 001a 03       		.uleb128 0x3
ARM GAS  C:\Users\BABEH_~1\AppData\Local\Temp\ccXcjpyx.s 			page 12


 494 001b 0E       		.uleb128 0xe
 495 001c 00       		.byte	0
 496 001d 00       		.byte	0
 497 001e 03       		.uleb128 0x3
 498 001f 24       		.uleb128 0x24
 499 0020 00       		.byte	0
 500 0021 0B       		.uleb128 0xb
 501 0022 0B       		.uleb128 0xb
 502 0023 3E       		.uleb128 0x3e
 503 0024 0B       		.uleb128 0xb
 504 0025 03       		.uleb128 0x3
 505 0026 08       		.uleb128 0x8
 506 0027 00       		.byte	0
 507 0028 00       		.byte	0
 508 0029 04       		.uleb128 0x4
 509 002a 16       		.uleb128 0x16
 510 002b 00       		.byte	0
 511 002c 03       		.uleb128 0x3
 512 002d 0E       		.uleb128 0xe
 513 002e 3A       		.uleb128 0x3a
 514 002f 0B       		.uleb128 0xb
 515 0030 3B       		.uleb128 0x3b
 516 0031 05       		.uleb128 0x5
 517 0032 49       		.uleb128 0x49
 518 0033 13       		.uleb128 0x13
 519 0034 00       		.byte	0
 520 0035 00       		.byte	0
 521 0036 05       		.uleb128 0x5
 522 0037 0F       		.uleb128 0xf
 523 0038 00       		.byte	0
 524 0039 0B       		.uleb128 0xb
 525 003a 0B       		.uleb128 0xb
 526 003b 49       		.uleb128 0x49
 527 003c 13       		.uleb128 0x13
 528 003d 00       		.byte	0
 529 003e 00       		.byte	0
 530 003f 06       		.uleb128 0x6
 531 0040 13       		.uleb128 0x13
 532 0041 01       		.byte	0x1
 533 0042 0B       		.uleb128 0xb
 534 0043 0B       		.uleb128 0xb
 535 0044 3A       		.uleb128 0x3a
 536 0045 0B       		.uleb128 0xb
 537 0046 3B       		.uleb128 0x3b
 538 0047 05       		.uleb128 0x5
 539 0048 01       		.uleb128 0x1
 540 0049 13       		.uleb128 0x13
 541 004a 00       		.byte	0
 542 004b 00       		.byte	0
 543 004c 07       		.uleb128 0x7
 544 004d 0D       		.uleb128 0xd
 545 004e 00       		.byte	0
 546 004f 03       		.uleb128 0x3
 547 0050 08       		.uleb128 0x8
 548 0051 3A       		.uleb128 0x3a
 549 0052 0B       		.uleb128 0xb
 550 0053 3B       		.uleb128 0x3b
ARM GAS  C:\Users\BABEH_~1\AppData\Local\Temp\ccXcjpyx.s 			page 13


 551 0054 05       		.uleb128 0x5
 552 0055 49       		.uleb128 0x49
 553 0056 13       		.uleb128 0x13
 554 0057 38       		.uleb128 0x38
 555 0058 0B       		.uleb128 0xb
 556 0059 00       		.byte	0
 557 005a 00       		.byte	0
 558 005b 08       		.uleb128 0x8
 559 005c 0D       		.uleb128 0xd
 560 005d 00       		.byte	0
 561 005e 03       		.uleb128 0x3
 562 005f 0E       		.uleb128 0xe
 563 0060 3A       		.uleb128 0x3a
 564 0061 0B       		.uleb128 0xb
 565 0062 3B       		.uleb128 0x3b
 566 0063 05       		.uleb128 0x5
 567 0064 49       		.uleb128 0x49
 568 0065 13       		.uleb128 0x13
 569 0066 38       		.uleb128 0x38
 570 0067 0B       		.uleb128 0xb
 571 0068 00       		.byte	0
 572 0069 00       		.byte	0
 573 006a 09       		.uleb128 0x9
 574 006b 2E       		.uleb128 0x2e
 575 006c 01       		.byte	0x1
 576 006d 3F       		.uleb128 0x3f
 577 006e 19       		.uleb128 0x19
 578 006f 03       		.uleb128 0x3
 579 0070 0E       		.uleb128 0xe
 580 0071 3A       		.uleb128 0x3a
 581 0072 0B       		.uleb128 0xb
 582 0073 3B       		.uleb128 0x3b
 583 0074 0B       		.uleb128 0xb
 584 0075 27       		.uleb128 0x27
 585 0076 19       		.uleb128 0x19
 586 0077 49       		.uleb128 0x49
 587 0078 13       		.uleb128 0x13
 588 0079 11       		.uleb128 0x11
 589 007a 01       		.uleb128 0x1
 590 007b 12       		.uleb128 0x12
 591 007c 06       		.uleb128 0x6
 592 007d 40       		.uleb128 0x40
 593 007e 18       		.uleb128 0x18
 594 007f 9642     		.uleb128 0x2116
 595 0081 19       		.uleb128 0x19
 596 0082 01       		.uleb128 0x1
 597 0083 13       		.uleb128 0x13
 598 0084 00       		.byte	0
 599 0085 00       		.byte	0
 600 0086 0A       		.uleb128 0xa
 601 0087 05       		.uleb128 0x5
 602 0088 00       		.byte	0
 603 0089 03       		.uleb128 0x3
 604 008a 0E       		.uleb128 0xe
 605 008b 3A       		.uleb128 0x3a
 606 008c 0B       		.uleb128 0xb
 607 008d 3B       		.uleb128 0x3b
ARM GAS  C:\Users\BABEH_~1\AppData\Local\Temp\ccXcjpyx.s 			page 14


 608 008e 0B       		.uleb128 0xb
 609 008f 49       		.uleb128 0x49
 610 0090 13       		.uleb128 0x13
 611 0091 02       		.uleb128 0x2
 612 0092 18       		.uleb128 0x18
 613 0093 00       		.byte	0
 614 0094 00       		.byte	0
 615 0095 0B       		.uleb128 0xb
 616 0096 05       		.uleb128 0x5
 617 0097 00       		.byte	0
 618 0098 03       		.uleb128 0x3
 619 0099 08       		.uleb128 0x8
 620 009a 3A       		.uleb128 0x3a
 621 009b 0B       		.uleb128 0xb
 622 009c 3B       		.uleb128 0x3b
 623 009d 0B       		.uleb128 0xb
 624 009e 49       		.uleb128 0x49
 625 009f 13       		.uleb128 0x13
 626 00a0 02       		.uleb128 0x2
 627 00a1 18       		.uleb128 0x18
 628 00a2 00       		.byte	0
 629 00a3 00       		.byte	0
 630 00a4 0C       		.uleb128 0xc
 631 00a5 34       		.uleb128 0x34
 632 00a6 00       		.byte	0
 633 00a7 03       		.uleb128 0x3
 634 00a8 08       		.uleb128 0x8
 635 00a9 3A       		.uleb128 0x3a
 636 00aa 0B       		.uleb128 0xb
 637 00ab 3B       		.uleb128 0x3b
 638 00ac 0B       		.uleb128 0xb
 639 00ad 49       		.uleb128 0x49
 640 00ae 13       		.uleb128 0x13
 641 00af 02       		.uleb128 0x2
 642 00b0 18       		.uleb128 0x18
 643 00b1 00       		.byte	0
 644 00b2 00       		.byte	0
 645 00b3 0D       		.uleb128 0xd
 646 00b4 0B       		.uleb128 0xb
 647 00b5 01       		.byte	0x1
 648 00b6 11       		.uleb128 0x11
 649 00b7 01       		.uleb128 0x1
 650 00b8 12       		.uleb128 0x12
 651 00b9 06       		.uleb128 0x6
 652 00ba 00       		.byte	0
 653 00bb 00       		.byte	0
 654 00bc 0E       		.uleb128 0xe
 655 00bd 2E       		.uleb128 0x2e
 656 00be 01       		.byte	0x1
 657 00bf 3F       		.uleb128 0x3f
 658 00c0 19       		.uleb128 0x19
 659 00c1 03       		.uleb128 0x3
 660 00c2 0E       		.uleb128 0xe
 661 00c3 3A       		.uleb128 0x3a
 662 00c4 0B       		.uleb128 0xb
 663 00c5 3B       		.uleb128 0x3b
 664 00c6 0B       		.uleb128 0xb
ARM GAS  C:\Users\BABEH_~1\AppData\Local\Temp\ccXcjpyx.s 			page 15


 665 00c7 49       		.uleb128 0x49
 666 00c8 13       		.uleb128 0x13
 667 00c9 3C       		.uleb128 0x3c
 668 00ca 19       		.uleb128 0x19
 669 00cb 00       		.byte	0
 670 00cc 00       		.byte	0
 671 00cd 0F       		.uleb128 0xf
 672 00ce 18       		.uleb128 0x18
 673 00cf 00       		.byte	0
 674 00d0 00       		.byte	0
 675 00d1 00       		.byte	0
 676 00d2 10       		.uleb128 0x10
 677 00d3 2E       		.uleb128 0x2e
 678 00d4 01       		.byte	0x1
 679 00d5 3F       		.uleb128 0x3f
 680 00d6 19       		.uleb128 0x19
 681 00d7 03       		.uleb128 0x3
 682 00d8 0E       		.uleb128 0xe
 683 00d9 3A       		.uleb128 0x3a
 684 00da 0B       		.uleb128 0xb
 685 00db 3B       		.uleb128 0x3b
 686 00dc 0B       		.uleb128 0xb
 687 00dd 27       		.uleb128 0x27
 688 00de 19       		.uleb128 0x19
 689 00df 11       		.uleb128 0x11
 690 00e0 01       		.uleb128 0x1
 691 00e1 12       		.uleb128 0x12
 692 00e2 06       		.uleb128 0x6
 693 00e3 40       		.uleb128 0x40
 694 00e4 18       		.uleb128 0x18
 695 00e5 9642     		.uleb128 0x2116
 696 00e7 19       		.uleb128 0x19
 697 00e8 01       		.uleb128 0x1
 698 00e9 13       		.uleb128 0x13
 699 00ea 00       		.byte	0
 700 00eb 00       		.byte	0
 701 00ec 11       		.uleb128 0x11
 702 00ed 2E       		.uleb128 0x2e
 703 00ee 01       		.byte	0x1
 704 00ef 3F       		.uleb128 0x3f
 705 00f0 19       		.uleb128 0x19
 706 00f1 03       		.uleb128 0x3
 707 00f2 0E       		.uleb128 0xe
 708 00f3 3A       		.uleb128 0x3a
 709 00f4 0B       		.uleb128 0xb
 710 00f5 3B       		.uleb128 0x3b
 711 00f6 0B       		.uleb128 0xb
 712 00f7 27       		.uleb128 0x27
 713 00f8 19       		.uleb128 0x19
 714 00f9 11       		.uleb128 0x11
 715 00fa 01       		.uleb128 0x1
 716 00fb 12       		.uleb128 0x12
 717 00fc 06       		.uleb128 0x6
 718 00fd 40       		.uleb128 0x40
 719 00fe 18       		.uleb128 0x18
 720 00ff 9742     		.uleb128 0x2117
 721 0101 19       		.uleb128 0x19
ARM GAS  C:\Users\BABEH_~1\AppData\Local\Temp\ccXcjpyx.s 			page 16


 722 0102 00       		.byte	0
 723 0103 00       		.byte	0
 724 0104 00       		.byte	0
 725              		.section	.debug_aranges,"",%progbits
 726 0000 2C000000 		.4byte	0x2c
 727 0004 0200     		.2byte	0x2
 728 0006 00000000 		.4byte	.Ldebug_info0
 729 000a 04       		.byte	0x4
 730 000b 00       		.byte	0
 731 000c 0000     		.2byte	0
 732 000e 0000     		.2byte	0
 733 0010 00000000 		.4byte	.LFB36
 734 0014 38000000 		.4byte	.LFE36-.LFB36
 735 0018 00000000 		.4byte	.LFB37
 736 001c 6C000000 		.4byte	.LFE37-.LFB37
 737 0020 00000000 		.4byte	.LFB38
 738 0024 3E000000 		.4byte	.LFE38-.LFB38
 739 0028 00000000 		.4byte	0
 740 002c 00000000 		.4byte	0
 741              		.section	.debug_ranges,"",%progbits
 742              	.Ldebug_ranges0:
 743 0000 00000000 		.4byte	.LFB36
 744 0004 38000000 		.4byte	.LFE36
 745 0008 00000000 		.4byte	.LFB37
 746 000c 6C000000 		.4byte	.LFE37
 747 0010 00000000 		.4byte	.LFB38
 748 0014 3E000000 		.4byte	.LFE38
 749 0018 00000000 		.4byte	0
 750 001c 00000000 		.4byte	0
 751              		.section	.debug_line,"",%progbits
 752              	.Ldebug_line0:
 753 0000 B8000000 		.section	.debug_str,"MS",%progbits,1
 753      02005500 
 753      00000201 
 753      FB0E0D00 
 753      01010101 
 754              	.LASF21:
 755 0000 76616C75 		.ascii	"value\000"
 755      6500
 756              	.LASF3:
 757 0006 73686F72 		.ascii	"short unsigned int\000"
 757      7420756E 
 757      7369676E 
 757      65642069 
 757      6E7400
 758              	.LASF28:
 759 0019 53657433 		.ascii	"Set32ByPtr\000"
 759      32427950 
 759      747200
 760              	.LASF27:
 761 0024 53686F77 		.ascii	"ShowValue\000"
 761      56616C75 
 761      6500
 762              	.LASF18:
 763 002e 61637475 		.ascii	"actualLen\000"
 763      616C4C65 
 763      6E00
ARM GAS  C:\Users\BABEH_~1\AppData\Local\Temp\ccXcjpyx.s 			page 17


 764              	.LASF13:
 765 0038 666C6F61 		.ascii	"float\000"
 765      7400
 766              	.LASF20:
 767 003e 66696C65 		.ascii	"file\000"
 767      00
 768              	.LASF1:
 769 0043 756E7369 		.ascii	"unsigned char\000"
 769      676E6564 
 769      20636861 
 769      7200
 770              	.LASF12:
 771 0051 696E7431 		.ascii	"int16\000"
 771      3600
 772              	.LASF5:
 773 0057 6C6F6E67 		.ascii	"long unsigned int\000"
 773      20756E73 
 773      69676E65 
 773      6420696E 
 773      7400
 774              	.LASF22:
 775 0069 474E5520 		.ascii	"GNU C11 5.4.1 20160609 (release) [ARM/embedded-5-br"
 775      43313120 
 775      352E342E 
 775      31203230 
 775      31363036 
 776 009c 616E6368 		.ascii	"anch revision 237715] -mcpu=cortex-m0 -mthumb -g -O"
 776      20726576 
 776      6973696F 
 776      6E203233 
 776      37373135 
 777 00cf 30202D66 		.ascii	"0 -ffunction-sections -ffat-lto-objects\000"
 777      66756E63 
 777      74696F6E 
 777      2D736563 
 777      74696F6E 
 778              	.LASF23:
 779 00f7 64656275 		.ascii	"debug.c\000"
 779      672E6300 
 780              	.LASF14:
 781 00ff 646F7562 		.ascii	"double\000"
 781      6C6500
 782              	.LASF10:
 783 0106 75696E74 		.ascii	"uint16\000"
 783      313600
 784              	.LASF11:
 785 010d 75696E74 		.ascii	"uint32\000"
 785      333200
 786              	.LASF19:
 787 0114 4359424C 		.ascii	"CYBLE_GATT_VALUE_T\000"
 787      455F4741 
 787      54545F56 
 787      414C5545 
 787      5F5400
 788              	.LASF8:
 789 0127 756E7369 		.ascii	"unsigned int\000"
 789      676E6564 
ARM GAS  C:\Users\BABEH_~1\AppData\Local\Temp\ccXcjpyx.s 			page 18


 789      20696E74 
 789      00
 790              	.LASF15:
 791 0134 63686172 		.ascii	"char\000"
 791      00
 792              	.LASF17:
 793 0139 73697A65 		.ascii	"sizetype\000"
 793      74797065 
 793      00
 794              	.LASF6:
 795 0142 6C6F6E67 		.ascii	"long long int\000"
 795      206C6F6E 
 795      6720696E 
 795      7400
 796              	.LASF25:
 797 0150 5F777269 		.ascii	"_write\000"
 797      746500
 798              	.LASF2:
 799 0157 73686F72 		.ascii	"short int\000"
 799      7420696E 
 799      7400
 800              	.LASF26:
 801 0161 55415254 		.ascii	"UART_DEB_UartPutChar\000"
 801      5F444542 
 801      5F556172 
 801      74507574 
 801      43686172 
 802              	.LASF9:
 803 0176 75696E74 		.ascii	"uint8\000"
 803      3800
 804              	.LASF4:
 805 017c 6C6F6E67 		.ascii	"long int\000"
 805      20696E74 
 805      00
 806              	.LASF16:
 807 0185 6C6F6E67 		.ascii	"long double\000"
 807      20646F75 
 807      626C6500 
 808              	.LASF0:
 809 0191 7369676E 		.ascii	"signed char\000"
 809      65642063 
 809      68617200 
 810              	.LASF24:
 811 019d 433A5C55 		.ascii	"C:\\Users\\babeh_000\\Documents\\PSoC Creator\\BLE_"
 811      73657273 
 811      5C626162 
 811      65685F30 
 811      30305C44 
 812 01cb 54656D70 		.ascii	"Temperature_Measurement01\\BLE_Temperature_Measurem"
 812      65726174 
 812      7572655F 
 812      4D656173 
 812      7572656D 
 813 01fd 656E7430 		.ascii	"ent01.cydsn\000"
 813      312E6379 
 813      64736E00 
 814              	.LASF7:
ARM GAS  C:\Users\BABEH_~1\AppData\Local\Temp\ccXcjpyx.s 			page 19


 815 0209 6C6F6E67 		.ascii	"long long unsigned int\000"
 815      206C6F6E 
 815      6720756E 
 815      7369676E 
 815      65642069 
 816              		.ident	"GCC: (GNU Tools for ARM Embedded Processors) 5.4.1 20160609 (release) [ARM/embedded-5-bran
