ARM GAS  C:\Users\BABEH_~1\AppData\Local\Temp\ccziKgSW.s 			page 1


   1              		.syntax unified
   2              		.cpu cortex-m0
   3              		.fpu softvfp
   4              		.eabi_attribute 20, 1
   5              		.eabi_attribute 21, 1
   6              		.eabi_attribute 23, 3
   7              		.eabi_attribute 24, 1
   8              		.eabi_attribute 25, 1
   9              		.eabi_attribute 26, 1
  10              		.eabi_attribute 30, 6
  11              		.eabi_attribute 34, 0
  12              		.eabi_attribute 18, 4
  13              		.thumb
  14              		.syntax unified
  15              		.file	"hts.c"
  16              		.text
  17              	.Ltext0:
  18              		.cfi_sections	.debug_frame
  19              		.global	temperatureMeasure
  20              		.bss
  21              		.align	1
  22              		.type	temperatureMeasure, %object
  23              		.size	temperatureMeasure, 2
  24              	temperatureMeasure:
  25 0000 0000     		.space	2
  26              		.global	temperatureTimer
  27              		.data
  28              		.align	2
  29              		.type	temperatureTimer, %object
  30              		.size	temperatureTimer, 4
  31              	temperatureTimer:
  32 0000 01000000 		.word	1
  33              		.global	initialMeasurementInterval
  34              		.align	1
  35              		.type	initialMeasurementInterval, %object
  36              		.size	initialMeasurementInterval, 2
  37              	initialMeasurementInterval:
  38 0004 0A00     		.short	10
  39              		.global	measure
  40              		.type	measure, %object
  41              		.size	measure, 1
  42              	measure:
  43 0006 01       		.byte	1
  44              		.global	temp_data
  45              		.bss
  46 0002 0000     		.align	2
  47              		.type	temp_data, %object
  48              		.size	temp_data, 5
  49              	temp_data:
  50 0004 00000000 		.space	5
  50      00
  51              		.text
  52              	.Letext0:
  53              		.file 1 "Generated_Source\\PSoC4/cytypes.h"
  54              		.file 2 "hts.c"
  55              		.file 3 "Generated_Source\\PSoC4/BLE_Stack.h"
  56              		.section	.debug_info,"",%progbits
ARM GAS  C:\Users\BABEH_~1\AppData\Local\Temp\ccziKgSW.s 			page 2


  57              	.Ldebug_info0:
  58 0000 CA020000 		.4byte	0x2ca
  59 0004 0400     		.2byte	0x4
  60 0006 00000000 		.4byte	.Ldebug_abbrev0
  61 000a 04       		.byte	0x4
  62 000b 01       		.uleb128 0x1
  63 000c 83040000 		.4byte	.LASF94
  64 0010 0C       		.byte	0xc
  65 0011 3E0A0000 		.4byte	.LASF95
  66 0015 2A010000 		.4byte	.LASF96
  67 0019 00000000 		.4byte	.Ldebug_line0
  68 001d 02       		.uleb128 0x2
  69 001e 01       		.byte	0x1
  70 001f 06       		.byte	0x6
  71 0020 EF050000 		.4byte	.LASF0
  72 0024 02       		.uleb128 0x2
  73 0025 01       		.byte	0x1
  74 0026 08       		.byte	0x8
  75 0027 85050000 		.4byte	.LASF1
  76 002b 02       		.uleb128 0x2
  77 002c 02       		.byte	0x2
  78 002d 05       		.byte	0x5
  79 002e 9D000000 		.4byte	.LASF2
  80 0032 02       		.uleb128 0x2
  81 0033 02       		.byte	0x2
  82 0034 07       		.byte	0x7
  83 0035 22070000 		.4byte	.LASF3
  84 0039 02       		.uleb128 0x2
  85 003a 04       		.byte	0x4
  86 003b 05       		.byte	0x5
  87 003c AF030000 		.4byte	.LASF4
  88 0040 02       		.uleb128 0x2
  89 0041 04       		.byte	0x4
  90 0042 07       		.byte	0x7
  91 0043 80060000 		.4byte	.LASF5
  92 0047 02       		.uleb128 0x2
  93 0048 08       		.byte	0x8
  94 0049 05       		.byte	0x5
  95 004a 1C010000 		.4byte	.LASF6
  96 004e 02       		.uleb128 0x2
  97 004f 08       		.byte	0x8
  98 0050 07       		.byte	0x7
  99 0051 77030000 		.4byte	.LASF7
 100 0055 03       		.uleb128 0x3
 101 0056 04       		.byte	0x4
 102 0057 05       		.byte	0x5
 103 0058 696E7400 		.ascii	"int\000"
 104 005c 02       		.uleb128 0x2
 105 005d 04       		.byte	0x4
 106 005e 07       		.byte	0x7
 107 005f 58060000 		.4byte	.LASF8
 108 0063 04       		.uleb128 0x4
 109 0064 BE070000 		.4byte	.LASF9
 110 0068 01       		.byte	0x1
 111 0069 D201     		.2byte	0x1d2
 112 006b 24000000 		.4byte	0x24
 113 006f 04       		.uleb128 0x4
ARM GAS  C:\Users\BABEH_~1\AppData\Local\Temp\ccziKgSW.s 			page 3


 114 0070 32020000 		.4byte	.LASF10
 115 0074 01       		.byte	0x1
 116 0075 D301     		.2byte	0x1d3
 117 0077 32000000 		.4byte	0x32
 118 007b 04       		.uleb128 0x4
 119 007c 1C080000 		.4byte	.LASF11
 120 0080 01       		.byte	0x1
 121 0081 D401     		.2byte	0x1d4
 122 0083 40000000 		.4byte	0x40
 123 0087 02       		.uleb128 0x2
 124 0088 04       		.byte	0x4
 125 0089 04       		.byte	0x4
 126 008a 0E030000 		.4byte	.LASF12
 127 008e 02       		.uleb128 0x2
 128 008f 08       		.byte	0x8
 129 0090 04       		.byte	0x4
 130 0091 64080000 		.4byte	.LASF13
 131 0095 02       		.uleb128 0x2
 132 0096 01       		.byte	0x1
 133 0097 08       		.byte	0x8
 134 0098 9D070000 		.4byte	.LASF14
 135 009c 02       		.uleb128 0x2
 136 009d 08       		.byte	0x8
 137 009e 04       		.byte	0x4
 138 009f 53050000 		.4byte	.LASF15
 139 00a3 02       		.uleb128 0x2
 140 00a4 04       		.byte	0x4
 141 00a5 07       		.byte	0x7
 142 00a6 DF000000 		.4byte	.LASF16
 143 00aa 05       		.uleb128 0x5
 144 00ab 01       		.byte	0x1
 145 00ac 24000000 		.4byte	0x24
 146 00b0 03       		.byte	0x3
 147 00b1 4D01     		.2byte	0x14d
 148 00b3 68020000 		.4byte	0x268
 149 00b7 06       		.uleb128 0x6
 150 00b8 B8020000 		.4byte	.LASF17
 151 00bc 00       		.byte	0
 152 00bd 06       		.uleb128 0x6
 153 00be CC010000 		.4byte	.LASF18
 154 00c2 01       		.byte	0x1
 155 00c3 06       		.uleb128 0x6
 156 00c4 90090000 		.4byte	.LASF19
 157 00c8 02       		.byte	0x2
 158 00c9 06       		.uleb128 0x6
 159 00ca AB080000 		.4byte	.LASF20
 160 00ce 03       		.byte	0x3
 161 00cf 06       		.uleb128 0x6
 162 00d0 96010000 		.4byte	.LASF21
 163 00d4 04       		.byte	0x4
 164 00d5 06       		.uleb128 0x6
 165 00d6 41040000 		.4byte	.LASF22
 166 00da 05       		.byte	0x5
 167 00db 06       		.uleb128 0x6
 168 00dc 3E000000 		.4byte	.LASF23
 169 00e0 06       		.byte	0x6
 170 00e1 06       		.uleb128 0x6
ARM GAS  C:\Users\BABEH_~1\AppData\Local\Temp\ccziKgSW.s 			page 4


 171 00e2 09090000 		.4byte	.LASF24
 172 00e6 20       		.byte	0x20
 173 00e7 06       		.uleb128 0x6
 174 00e8 92060000 		.4byte	.LASF25
 175 00ec 21       		.byte	0x21
 176 00ed 06       		.uleb128 0x6
 177 00ee 00000000 		.4byte	.LASF26
 178 00f2 22       		.byte	0x22
 179 00f3 06       		.uleb128 0x6
 180 00f4 5D040000 		.4byte	.LASF27
 181 00f8 23       		.byte	0x23
 182 00f9 06       		.uleb128 0x6
 183 00fa 3C060000 		.4byte	.LASF28
 184 00fe 24       		.byte	0x24
 185 00ff 06       		.uleb128 0x6
 186 0100 A7000000 		.4byte	.LASF29
 187 0104 25       		.byte	0x25
 188 0105 06       		.uleb128 0x6
 189 0106 F8030000 		.4byte	.LASF30
 190 010a 26       		.byte	0x26
 191 010b 06       		.uleb128 0x6
 192 010c D9030000 		.4byte	.LASF31
 193 0110 27       		.byte	0x27
 194 0111 06       		.uleb128 0x6
 195 0112 630A0000 		.4byte	.LASF32
 196 0116 28       		.byte	0x28
 197 0117 06       		.uleb128 0x6
 198 0118 CA060000 		.4byte	.LASF33
 199 011c 29       		.byte	0x29
 200 011d 06       		.uleb128 0x6
 201 011e 4D070000 		.4byte	.LASF34
 202 0122 2A       		.byte	0x2a
 203 0123 06       		.uleb128 0x6
 204 0124 C6090000 		.4byte	.LASF35
 205 0128 2B       		.byte	0x2b
 206 0129 06       		.uleb128 0x6
 207 012a 39020000 		.4byte	.LASF36
 208 012e 2C       		.byte	0x2c
 209 012f 06       		.uleb128 0x6
 210 0130 2D030000 		.4byte	.LASF37
 211 0134 2D       		.byte	0x2d
 212 0135 06       		.uleb128 0x6
 213 0136 79000000 		.4byte	.LASF38
 214 013a 2E       		.byte	0x2e
 215 013b 06       		.uleb128 0x6
 216 013c BB0A0000 		.4byte	.LASF39
 217 0140 2F       		.byte	0x2f
 218 0141 06       		.uleb128 0x6
 219 0142 FB000000 		.4byte	.LASF40
 220 0146 30       		.byte	0x30
 221 0147 06       		.uleb128 0x6
 222 0148 2F050000 		.4byte	.LASF41
 223 014c 31       		.byte	0x31
 224 014d 06       		.uleb128 0x6
 225 014e 56030000 		.4byte	.LASF42
 226 0152 32       		.byte	0x32
 227 0153 06       		.uleb128 0x6
ARM GAS  C:\Users\BABEH_~1\AppData\Local\Temp\ccziKgSW.s 			page 5


 228 0154 76070000 		.4byte	.LASF43
 229 0158 33       		.byte	0x33
 230 0159 06       		.uleb128 0x6
 231 015a E7060000 		.4byte	.LASF44
 232 015e 34       		.byte	0x34
 233 015f 06       		.uleb128 0x6
 234 0160 8E080000 		.4byte	.LASF45
 235 0164 35       		.byte	0x35
 236 0165 06       		.uleb128 0x6
 237 0166 8E030000 		.4byte	.LASF46
 238 016a 36       		.byte	0x36
 239 016b 06       		.uleb128 0x6
 240 016c DF010000 		.4byte	.LASF47
 241 0170 37       		.byte	0x37
 242 0171 06       		.uleb128 0x6
 243 0172 57000000 		.4byte	.LASF48
 244 0176 40       		.byte	0x40
 245 0177 06       		.uleb128 0x6
 246 0178 65060000 		.4byte	.LASF49
 247 017c 41       		.byte	0x41
 248 017d 06       		.uleb128 0x6
 249 017e C1000000 		.4byte	.LASF50
 250 0182 42       		.byte	0x42
 251 0183 06       		.uleb128 0x6
 252 0184 14020000 		.4byte	.LASF51
 253 0188 43       		.byte	0x43
 254 0189 06       		.uleb128 0x6
 255 018a 72090000 		.4byte	.LASF52
 256 018e 44       		.byte	0x44
 257 018f 06       		.uleb128 0x6
 258 0190 2D090000 		.4byte	.LASF53
 259 0194 45       		.byte	0x45
 260 0195 06       		.uleb128 0x6
 261 0196 AB010000 		.4byte	.LASF54
 262 019a 46       		.byte	0x46
 263 019b 06       		.uleb128 0x6
 264 019c D1050000 		.4byte	.LASF55
 265 01a0 47       		.byte	0x47
 266 01a1 06       		.uleb128 0x6
 267 01a2 15060000 		.4byte	.LASF56
 268 01a6 48       		.byte	0x48
 269 01a7 06       		.uleb128 0x6
 270 01a8 14030000 		.4byte	.LASF57
 271 01ac 49       		.byte	0x49
 272 01ad 06       		.uleb128 0x6
 273 01ae DF070000 		.4byte	.LASF58
 274 01b2 4A       		.byte	0x4a
 275 01b3 06       		.uleb128 0x6
 276 01b4 5D020000 		.4byte	.LASF59
 277 01b8 4B       		.byte	0x4b
 278 01b9 06       		.uleb128 0x6
 279 01ba FB050000 		.4byte	.LASF60
 280 01be 4C       		.byte	0x4c
 281 01bf 06       		.uleb128 0x6
 282 01c0 24000000 		.4byte	.LASF61
 283 01c4 4D       		.byte	0x4d
 284 01c5 06       		.uleb128 0x6
ARM GAS  C:\Users\BABEH_~1\AppData\Local\Temp\ccziKgSW.s 			page 6


 285 01c6 54090000 		.4byte	.LASF62
 286 01ca 4E       		.byte	0x4e
 287 01cb 06       		.uleb128 0x6
 288 01cc 93050000 		.4byte	.LASF63
 289 01d0 4F       		.byte	0x4f
 290 01d1 06       		.uleb128 0x6
 291 01d2 440A0000 		.4byte	.LASF64
 292 01d6 50       		.byte	0x50
 293 01d7 06       		.uleb128 0x6
 294 01d8 FD070000 		.4byte	.LASF65
 295 01dc 51       		.byte	0x51
 296 01dd 06       		.uleb128 0x6
 297 01de 20040000 		.4byte	.LASF66
 298 01e2 52       		.byte	0x52
 299 01e3 06       		.uleb128 0x6
 300 01e4 B8030000 		.4byte	.LASF67
 301 01e8 53       		.byte	0x53
 302 01e9 06       		.uleb128 0x6
 303 01ea 97020000 		.4byte	.LASF68
 304 01ee 54       		.byte	0x54
 305 01ef 06       		.uleb128 0x6
 306 01f0 850A0000 		.4byte	.LASF69
 307 01f4 55       		.byte	0x55
 308 01f5 06       		.uleb128 0x6
 309 01f6 1C0A0000 		.4byte	.LASF70
 310 01fa 56       		.byte	0x56
 311 01fb 06       		.uleb128 0x6
 312 01fc F3090000 		.4byte	.LASF71
 313 0200 57       		.byte	0x57
 314 0201 06       		.uleb128 0x6
 315 0202 FF060000 		.4byte	.LASF72
 316 0206 58       		.byte	0x58
 317 0207 06       		.uleb128 0x6
 318 0208 5F050000 		.4byte	.LASF73
 319 020c 70       		.byte	0x70
 320 020d 06       		.uleb128 0x6
 321 020e E3080000 		.4byte	.LASF74
 322 0212 71       		.byte	0x71
 323 0213 06       		.uleb128 0x6
 324 0214 A2070000 		.4byte	.LASF75
 325 0218 72       		.byte	0x72
 326 0219 06       		.uleb128 0x6
 327 021a CF020000 		.4byte	.LASF76
 328 021e 73       		.byte	0x73
 329 021f 06       		.uleb128 0x6
 330 0220 11050000 		.4byte	.LASF77
 331 0224 74       		.byte	0x74
 332 0225 06       		.uleb128 0x6
 333 0226 A9060000 		.4byte	.LASF78
 334 022a 75       		.byte	0x75
 335 022b 06       		.uleb128 0x6
 336 022c ED020000 		.4byte	.LASF79
 337 0230 76       		.byte	0x76
 338 0231 06       		.uleb128 0x6
 339 0232 C4080000 		.4byte	.LASF80
 340 0236 77       		.byte	0x77
 341 0237 06       		.uleb128 0x6
ARM GAS  C:\Users\BABEH_~1\AppData\Local\Temp\ccziKgSW.s 			page 7


 342 0238 41080000 		.4byte	.LASF81
 343 023c 78       		.byte	0x78
 344 023d 06       		.uleb128 0x6
 345 023e 6B080000 		.4byte	.LASF82
 346 0242 79       		.byte	0x79
 347 0243 06       		.uleb128 0x6
 348 0244 A2090000 		.4byte	.LASF83
 349 0248 7A       		.byte	0x7a
 350 0249 06       		.uleb128 0x6
 351 024a 23080000 		.4byte	.LASF84
 352 024e FA       		.byte	0xfa
 353 024f 06       		.uleb128 0x6
 354 0250 B2050000 		.4byte	.LASF85
 355 0254 FB       		.byte	0xfb
 356 0255 06       		.uleb128 0x6
 357 0256 A90A0000 		.4byte	.LASF86
 358 025a FC       		.byte	0xfc
 359 025b 06       		.uleb128 0x6
 360 025c 35070000 		.4byte	.LASF87
 361 0260 FD       		.byte	0xfd
 362 0261 06       		.uleb128 0x6
 363 0262 E5090000 		.4byte	.LASF88
 364 0266 FF       		.byte	0xff
 365 0267 00       		.byte	0
 366 0268 07       		.uleb128 0x7
 367 0269 E8000000 		.4byte	.LASF89
 368 026d 02       		.byte	0x2
 369 026e 16       		.byte	0x16
 370 026f 6F000000 		.4byte	0x6f
 371 0273 05       		.uleb128 0x5
 372 0274 03       		.byte	0x3
 373 0275 00000000 		.4byte	temperatureMeasure
 374 0279 07       		.uleb128 0x7
 375 027a CE070000 		.4byte	.LASF90
 376 027e 02       		.byte	0x2
 377 027f 17       		.byte	0x17
 378 0280 7B000000 		.4byte	0x7b
 379 0284 05       		.uleb128 0x5
 380 0285 03       		.byte	0x3
 381 0286 00000000 		.4byte	temperatureTimer
 382 028a 07       		.uleb128 0x7
 383 028b 7C020000 		.4byte	.LASF91
 384 028f 02       		.byte	0x2
 385 0290 19       		.byte	0x19
 386 0291 6F000000 		.4byte	0x6f
 387 0295 05       		.uleb128 0x5
 388 0296 03       		.byte	0x3
 389 0297 00000000 		.4byte	initialMeasurementInterval
 390 029b 07       		.uleb128 0x7
 391 029c 71000000 		.4byte	.LASF92
 392 02a0 02       		.byte	0x2
 393 02a1 1A       		.byte	0x1a
 394 02a2 63000000 		.4byte	0x63
 395 02a6 05       		.uleb128 0x5
 396 02a7 03       		.byte	0x3
 397 02a8 00000000 		.4byte	measure
 398 02ac 08       		.uleb128 0x8
ARM GAS  C:\Users\BABEH_~1\AppData\Local\Temp\ccziKgSW.s 			page 8


 399 02ad 63000000 		.4byte	0x63
 400 02b1 BC020000 		.4byte	0x2bc
 401 02b5 09       		.uleb128 0x9
 402 02b6 A3000000 		.4byte	0xa3
 403 02ba 04       		.byte	0x4
 404 02bb 00       		.byte	0
 405 02bc 07       		.uleb128 0x7
 406 02bd C4070000 		.4byte	.LASF93
 407 02c1 02       		.byte	0x2
 408 02c2 20       		.byte	0x20
 409 02c3 AC020000 		.4byte	0x2ac
 410 02c7 05       		.uleb128 0x5
 411 02c8 03       		.byte	0x3
 412 02c9 00000000 		.4byte	temp_data
 413 02cd 00       		.byte	0
 414              		.section	.debug_abbrev,"",%progbits
 415              	.Ldebug_abbrev0:
 416 0000 01       		.uleb128 0x1
 417 0001 11       		.uleb128 0x11
 418 0002 01       		.byte	0x1
 419 0003 25       		.uleb128 0x25
 420 0004 0E       		.uleb128 0xe
 421 0005 13       		.uleb128 0x13
 422 0006 0B       		.uleb128 0xb
 423 0007 03       		.uleb128 0x3
 424 0008 0E       		.uleb128 0xe
 425 0009 1B       		.uleb128 0x1b
 426 000a 0E       		.uleb128 0xe
 427 000b 10       		.uleb128 0x10
 428 000c 17       		.uleb128 0x17
 429 000d 00       		.byte	0
 430 000e 00       		.byte	0
 431 000f 02       		.uleb128 0x2
 432 0010 24       		.uleb128 0x24
 433 0011 00       		.byte	0
 434 0012 0B       		.uleb128 0xb
 435 0013 0B       		.uleb128 0xb
 436 0014 3E       		.uleb128 0x3e
 437 0015 0B       		.uleb128 0xb
 438 0016 03       		.uleb128 0x3
 439 0017 0E       		.uleb128 0xe
 440 0018 00       		.byte	0
 441 0019 00       		.byte	0
 442 001a 03       		.uleb128 0x3
 443 001b 24       		.uleb128 0x24
 444 001c 00       		.byte	0
 445 001d 0B       		.uleb128 0xb
 446 001e 0B       		.uleb128 0xb
 447 001f 3E       		.uleb128 0x3e
 448 0020 0B       		.uleb128 0xb
 449 0021 03       		.uleb128 0x3
 450 0022 08       		.uleb128 0x8
 451 0023 00       		.byte	0
 452 0024 00       		.byte	0
 453 0025 04       		.uleb128 0x4
 454 0026 16       		.uleb128 0x16
 455 0027 00       		.byte	0
ARM GAS  C:\Users\BABEH_~1\AppData\Local\Temp\ccziKgSW.s 			page 9


 456 0028 03       		.uleb128 0x3
 457 0029 0E       		.uleb128 0xe
 458 002a 3A       		.uleb128 0x3a
 459 002b 0B       		.uleb128 0xb
 460 002c 3B       		.uleb128 0x3b
 461 002d 05       		.uleb128 0x5
 462 002e 49       		.uleb128 0x49
 463 002f 13       		.uleb128 0x13
 464 0030 00       		.byte	0
 465 0031 00       		.byte	0
 466 0032 05       		.uleb128 0x5
 467 0033 04       		.uleb128 0x4
 468 0034 01       		.byte	0x1
 469 0035 0B       		.uleb128 0xb
 470 0036 0B       		.uleb128 0xb
 471 0037 49       		.uleb128 0x49
 472 0038 13       		.uleb128 0x13
 473 0039 3A       		.uleb128 0x3a
 474 003a 0B       		.uleb128 0xb
 475 003b 3B       		.uleb128 0x3b
 476 003c 05       		.uleb128 0x5
 477 003d 01       		.uleb128 0x1
 478 003e 13       		.uleb128 0x13
 479 003f 00       		.byte	0
 480 0040 00       		.byte	0
 481 0041 06       		.uleb128 0x6
 482 0042 28       		.uleb128 0x28
 483 0043 00       		.byte	0
 484 0044 03       		.uleb128 0x3
 485 0045 0E       		.uleb128 0xe
 486 0046 1C       		.uleb128 0x1c
 487 0047 0B       		.uleb128 0xb
 488 0048 00       		.byte	0
 489 0049 00       		.byte	0
 490 004a 07       		.uleb128 0x7
 491 004b 34       		.uleb128 0x34
 492 004c 00       		.byte	0
 493 004d 03       		.uleb128 0x3
 494 004e 0E       		.uleb128 0xe
 495 004f 3A       		.uleb128 0x3a
 496 0050 0B       		.uleb128 0xb
 497 0051 3B       		.uleb128 0x3b
 498 0052 0B       		.uleb128 0xb
 499 0053 49       		.uleb128 0x49
 500 0054 13       		.uleb128 0x13
 501 0055 3F       		.uleb128 0x3f
 502 0056 19       		.uleb128 0x19
 503 0057 02       		.uleb128 0x2
 504 0058 18       		.uleb128 0x18
 505 0059 00       		.byte	0
 506 005a 00       		.byte	0
 507 005b 08       		.uleb128 0x8
 508 005c 01       		.uleb128 0x1
 509 005d 01       		.byte	0x1
 510 005e 49       		.uleb128 0x49
 511 005f 13       		.uleb128 0x13
 512 0060 01       		.uleb128 0x1
ARM GAS  C:\Users\BABEH_~1\AppData\Local\Temp\ccziKgSW.s 			page 10


 513 0061 13       		.uleb128 0x13
 514 0062 00       		.byte	0
 515 0063 00       		.byte	0
 516 0064 09       		.uleb128 0x9
 517 0065 21       		.uleb128 0x21
 518 0066 00       		.byte	0
 519 0067 49       		.uleb128 0x49
 520 0068 13       		.uleb128 0x13
 521 0069 2F       		.uleb128 0x2f
 522 006a 0B       		.uleb128 0xb
 523 006b 00       		.byte	0
 524 006c 00       		.byte	0
 525 006d 00       		.byte	0
 526              		.section	.debug_aranges,"",%progbits
 527 0000 14000000 		.4byte	0x14
 528 0004 0200     		.2byte	0x2
 529 0006 00000000 		.4byte	.Ldebug_info0
 530 000a 04       		.byte	0x4
 531 000b 00       		.byte	0
 532 000c 0000     		.2byte	0
 533 000e 0000     		.2byte	0
 534 0010 00000000 		.4byte	0
 535 0014 00000000 		.4byte	0
 536              		.section	.debug_line,"",%progbits
 537              	.Ldebug_line0:
 538 0000 55000000 		.section	.debug_str,"MS",%progbits,1
 538      02004F00 
 538      00000201 
 538      FB0E0D00 
 538      01010101 
 539              	.LASF26:
 540 0000 4359424C 		.ascii	"CYBLE_EVT_GAP_PASSKEY_ENTRY_REQUEST\000"
 540      455F4556 
 540      545F4741 
 540      505F5041 
 540      53534B45 
 541              	.LASF61:
 542 0024 4359424C 		.ascii	"CYBLE_EVT_GATTC_WRITE_RSP\000"
 542      455F4556 
 542      545F4741 
 542      5454435F 
 542      57524954 
 543              	.LASF23:
 544 003e 4359424C 		.ascii	"CYBLE_EVT_MEMORY_REQUEST\000"
 544      455F4556 
 544      545F4D45 
 544      4D4F5259 
 544      5F524551 
 545              	.LASF48:
 546 0057 4359424C 		.ascii	"CYBLE_EVT_GATTC_ERROR_RSP\000"
 546      455F4556 
 546      545F4741 
 546      5454435F 
 546      4552524F 
 547              	.LASF92:
 548 0071 6D656173 		.ascii	"measure\000"
 548      75726500 
ARM GAS  C:\Users\BABEH_~1\AppData\Local\Temp\ccziKgSW.s 			page 11


 549              	.LASF38:
 550 0079 4359424C 		.ascii	"CYBLE_EVT_GAP_KEYPRESS_NOTIFICATION\000"
 550      455F4556 
 550      545F4741 
 550      505F4B45 
 550      59505245 
 551              	.LASF2:
 552 009d 73686F72 		.ascii	"short int\000"
 552      7420696E 
 552      7400
 553              	.LASF29:
 554 00a7 4359424C 		.ascii	"CYBLE_EVT_GAP_AUTH_FAILED\000"
 554      455F4556 
 554      545F4741 
 554      505F4155 
 554      54485F46 
 555              	.LASF50:
 556 00c1 4359424C 		.ascii	"CYBLE_EVT_GATT_DISCONNECT_IND\000"
 556      455F4556 
 556      545F4741 
 556      54545F44 
 556      4953434F 
 557              	.LASF16:
 558 00df 73697A65 		.ascii	"sizetype\000"
 558      74797065 
 558      00
 559              	.LASF89:
 560 00e8 74656D70 		.ascii	"temperatureMeasure\000"
 560      65726174 
 560      7572654D 
 560      65617375 
 560      726500
 561              	.LASF40:
 562 00fb 4359424C 		.ascii	"CYBLE_EVT_GAP_DATA_LENGTH_CHANGE\000"
 562      455F4556 
 562      545F4741 
 562      505F4441 
 562      54415F4C 
 563              	.LASF6:
 564 011c 6C6F6E67 		.ascii	"long long int\000"
 564      206C6F6E 
 564      6720696E 
 564      7400
 565              	.LASF96:
 566 012a 433A5C55 		.ascii	"C:\\Users\\babeh_000\\Documents\\PSoC Creator\\BLE_"
 566      73657273 
 566      5C626162 
 566      65685F30 
 566      30305C44 
 567 0158 54656D70 		.ascii	"Temperature_Measurement01\\BLE_Temperature_Measurem"
 567      65726174 
 567      7572655F 
 567      4D656173 
 567      7572656D 
 568 018a 656E7430 		.ascii	"ent01.cydsn\000"
 568      312E6379 
 568      64736E00 
ARM GAS  C:\Users\BABEH_~1\AppData\Local\Temp\ccziKgSW.s 			page 12


 569              	.LASF21:
 570 0196 4359424C 		.ascii	"CYBLE_EVT_HCI_STATUS\000"
 570      455F4556 
 570      545F4843 
 570      495F5354 
 570      41545553 
 571              	.LASF54:
 572 01ab 4359424C 		.ascii	"CYBLE_EVT_GATTC_READ_BY_TYPE_RSP\000"
 572      455F4556 
 572      545F4741 
 572      5454435F 
 572      52454144 
 573              	.LASF18:
 574 01cc 4359424C 		.ascii	"CYBLE_EVT_STACK_ON\000"
 574      455F4556 
 574      545F5354 
 574      41434B5F 
 574      4F4E00
 575              	.LASF47:
 576 01df 4359424C 		.ascii	"CYBLE_EVT_GAP_SMP_LOC_P256_KEYS_GEN_AND_SET_COMPLET"
 576      455F4556 
 576      545F4741 
 576      505F534D 
 576      505F4C4F 
 577 0212 4500     		.ascii	"E\000"
 578              	.LASF51:
 579 0214 4359424C 		.ascii	"CYBLE_EVT_GATTS_XCNHG_MTU_REQ\000"
 579      455F4556 
 579      545F4741 
 579      5454535F 
 579      58434E48 
 580              	.LASF10:
 581 0232 75696E74 		.ascii	"uint16\000"
 581      313600
 582              	.LASF36:
 583 0239 4359424C 		.ascii	"CYBLE_EVT_GAP_KEYINFO_EXCHNGE_CMPLT\000"
 583      455F4556 
 583      545F4741 
 583      505F4B45 
 583      59494E46 
 584              	.LASF59:
 585 025d 4359424C 		.ascii	"CYBLE_EVT_GATTC_READ_MULTI_RSP\000"
 585      455F4556 
 585      545F4741 
 585      5454435F 
 585      52454144 
 586              	.LASF91:
 587 027c 696E6974 		.ascii	"initialMeasurementInterval\000"
 587      69616C4D 
 587      65617375 
 587      72656D65 
 587      6E74496E 
 588              	.LASF68:
 589 0297 4359424C 		.ascii	"CYBLE_EVT_GATTS_HANDLE_VALUE_CNF\000"
 589      455F4556 
 589      545F4741 
 589      5454535F 
ARM GAS  C:\Users\BABEH_~1\AppData\Local\Temp\ccziKgSW.s 			page 13


 589      48414E44 
 590              	.LASF17:
 591 02b8 4359424C 		.ascii	"CYBLE_EVT_HOST_INVALID\000"
 591      455F4556 
 591      545F484F 
 591      53545F49 
 591      4E56414C 
 592              	.LASF76:
 593 02cf 4359424C 		.ascii	"CYBLE_EVT_L2CAP_CBFC_CONN_IND\000"
 593      455F4556 
 593      545F4C32 
 593      4341505F 
 593      43424643 
 594              	.LASF79:
 595 02ed 4359424C 		.ascii	"CYBLE_EVT_L2CAP_CBFC_DISCONN_CNF\000"
 595      455F4556 
 595      545F4C32 
 595      4341505F 
 595      43424643 
 596              	.LASF12:
 597 030e 666C6F61 		.ascii	"float\000"
 597      7400
 598              	.LASF57:
 599 0314 4359424C 		.ascii	"CYBLE_EVT_GATTC_READ_RSP\000"
 599      455F4556 
 599      545F4741 
 599      5454435F 
 599      52454144 
 600              	.LASF37:
 601 032d 4359424C 		.ascii	"CYBLE_EVT_GAP_NUMERIC_COMPARISON_REQUEST\000"
 601      455F4556 
 601      545F4741 
 601      505F4E55 
 601      4D455249 
 602              	.LASF42:
 603 0356 4359424C 		.ascii	"CYBLE_EVT_GAPC_DIRECT_ADV_REPORT\000"
 603      455F4556 
 603      545F4741 
 603      50435F44 
 603      49524543 
 604              	.LASF7:
 605 0377 6C6F6E67 		.ascii	"long long unsigned int\000"
 605      206C6F6E 
 605      6720756E 
 605      7369676E 
 605      65642069 
 606              	.LASF46:
 607 038e 4359424C 		.ascii	"CYBLE_EVT_GAP_AUTH_REQ_REPLY_ERR\000"
 607      455F4556 
 607      545F4741 
 607      505F4155 
 607      54485F52 
 608              	.LASF4:
 609 03af 6C6F6E67 		.ascii	"long int\000"
 609      20696E74 
 609      00
 610              	.LASF67:
ARM GAS  C:\Users\BABEH_~1\AppData\Local\Temp\ccziKgSW.s 			page 14


 611 03b8 4359424C 		.ascii	"CYBLE_EVT_GATTC_HANDLE_VALUE_IND\000"
 611      455F4556 
 611      545F4741 
 611      5454435F 
 611      48414E44 
 612              	.LASF31:
 613 03d9 4359424C 		.ascii	"CYBLE_EVT_GAP_DEVICE_CONNECTED\000"
 613      455F4556 
 613      545F4741 
 613      505F4445 
 613      56494345 
 614              	.LASF30:
 615 03f8 4359424C 		.ascii	"CYBLE_EVT_GAPP_ADVERTISEMENT_START_STOP\000"
 615      455F4556 
 615      545F4741 
 615      50505F41 
 615      44564552 
 616              	.LASF66:
 617 0420 4359424C 		.ascii	"CYBLE_EVT_GATTC_HANDLE_VALUE_NTF\000"
 617      455F4556 
 617      545F4741 
 617      5454435F 
 617      48414E44 
 618              	.LASF22:
 619 0441 4359424C 		.ascii	"CYBLE_EVT_STACK_BUSY_STATUS\000"
 619      455F4556 
 619      545F5354 
 619      41434B5F 
 619      42555359 
 620              	.LASF27:
 621 045d 4359424C 		.ascii	"CYBLE_EVT_GAP_PASSKEY_DISPLAY_REQUEST\000"
 621      455F4556 
 621      545F4741 
 621      505F5041 
 621      53534B45 
 622              	.LASF94:
 623 0483 474E5520 		.ascii	"GNU C11 5.4.1 20160609 (release) [ARM/embedded-5-br"
 623      43313120 
 623      352E342E 
 623      31203230 
 623      31363036 
 624 04b6 616E6368 		.ascii	"anch revision 237715] -mcpu=cortex-m0 -mthumb -g -O"
 624      20726576 
 624      6973696F 
 624      6E203233 
 624      37373135 
 625 04e9 30202D66 		.ascii	"0 -ffunction-sections -ffat-lto-objects\000"
 625      66756E63 
 625      74696F6E 
 625      2D736563 
 625      74696F6E 
 626              	.LASF77:
 627 0511 4359424C 		.ascii	"CYBLE_EVT_L2CAP_CBFC_CONN_CNF\000"
 627      455F4556 
 627      545F4C32 
 627      4341505F 
 627      43424643 
ARM GAS  C:\Users\BABEH_~1\AppData\Local\Temp\ccziKgSW.s 			page 15


 628              	.LASF41:
 629 052f 4359424C 		.ascii	"CYBLE_EVT_GAP_ENHANCE_CONN_COMPLETE\000"
 629      455F4556 
 629      545F4741 
 629      505F454E 
 629      48414E43 
 630              	.LASF15:
 631 0553 6C6F6E67 		.ascii	"long double\000"
 631      20646F75 
 631      626C6500 
 632              	.LASF73:
 633 055f 4359424C 		.ascii	"CYBLE_EVT_L2CAP_CONN_PARAM_UPDATE_REQ\000"
 633      455F4556 
 633      545F4C32 
 633      4341505F 
 633      434F4E4E 
 634              	.LASF1:
 635 0585 756E7369 		.ascii	"unsigned char\000"
 635      676E6564 
 635      20636861 
 635      7200
 636              	.LASF63:
 637 0593 4359424C 		.ascii	"CYBLE_EVT_GATTS_PREP_WRITE_REQ\000"
 637      455F4556 
 637      545F4741 
 637      5454535F 
 637      50524550 
 638              	.LASF85:
 639 05b2 4359424C 		.ascii	"CYBLE_EVT_LE_PING_AUTH_TIMEOUT\000"
 639      455F4556 
 639      545F4C45 
 639      5F50494E 
 639      475F4155 
 640              	.LASF55:
 641 05d1 4359424C 		.ascii	"CYBLE_EVT_GATTC_FIND_INFO_RSP\000"
 641      455F4556 
 641      545F4741 
 641      5454435F 
 641      46494E44 
 642              	.LASF0:
 643 05ef 7369676E 		.ascii	"signed char\000"
 643      65642063 
 643      68617200 
 644              	.LASF60:
 645 05fb 4359424C 		.ascii	"CYBLE_EVT_GATTS_WRITE_REQ\000"
 645      455F4556 
 645      545F4741 
 645      5454535F 
 645      57524954 
 646              	.LASF56:
 647 0615 4359424C 		.ascii	"CYBLE_EVT_GATTC_FIND_BY_TYPE_VALUE_RSP\000"
 647      455F4556 
 647      545F4741 
 647      5454435F 
 647      46494E44 
 648              	.LASF28:
 649 063c 4359424C 		.ascii	"CYBLE_EVT_GAP_AUTH_COMPLETE\000"
ARM GAS  C:\Users\BABEH_~1\AppData\Local\Temp\ccziKgSW.s 			page 16


 649      455F4556 
 649      545F4741 
 649      505F4155 
 649      54485F43 
 650              	.LASF8:
 651 0658 756E7369 		.ascii	"unsigned int\000"
 651      676E6564 
 651      20696E74 
 651      00
 652              	.LASF49:
 653 0665 4359424C 		.ascii	"CYBLE_EVT_GATT_CONNECT_IND\000"
 653      455F4556 
 653      545F4741 
 653      54545F43 
 653      4F4E4E45 
 654              	.LASF5:
 655 0680 6C6F6E67 		.ascii	"long unsigned int\000"
 655      20756E73 
 655      69676E65 
 655      6420696E 
 655      7400
 656              	.LASF25:
 657 0692 4359424C 		.ascii	"CYBLE_EVT_GAP_AUTH_REQ\000"
 657      455F4556 
 657      545F4741 
 657      505F4155 
 657      54485F52 
 658              	.LASF78:
 659 06a9 4359424C 		.ascii	"CYBLE_EVT_L2CAP_CBFC_DISCONN_IND\000"
 659      455F4556 
 659      545F4C32 
 659      4341505F 
 659      43424643 
 660              	.LASF33:
 661 06ca 4359424C 		.ascii	"CYBLE_EVT_GAP_ENCRYPT_CHANGE\000"
 661      455F4556 
 661      545F4741 
 661      505F454E 
 661      43525950 
 662              	.LASF44:
 663 06e7 4359424C 		.ascii	"CYBLE_EVT_GAP_CONN_ESTB\000"
 663      455F4556 
 663      545F4741 
 663      505F434F 
 663      4E4E5F45 
 664              	.LASF72:
 665 06ff 4359424C 		.ascii	"CYBLE_EVT_GATTC_LONG_PROCEDURE_END\000"
 665      455F4556 
 665      545F4741 
 665      5454435F 
 665      4C4F4E47 
 666              	.LASF3:
 667 0722 73686F72 		.ascii	"short unsigned int\000"
 667      7420756E 
 667      7369676E 
 667      65642069 
 667      6E7400
ARM GAS  C:\Users\BABEH_~1\AppData\Local\Temp\ccziKgSW.s 			page 17


 668              	.LASF87:
 669 0735 4359424C 		.ascii	"CYBLE_EVT_FLASH_CORRUPT\000"
 669      455F4556 
 669      545F464C 
 669      4153485F 
 669      434F5252 
 670              	.LASF34:
 671 074d 4359424C 		.ascii	"CYBLE_EVT_GAP_CONNECTION_UPDATE_COMPLETE\000"
 671      455F4556 
 671      545F4741 
 671      505F434F 
 671      4E4E4543 
 672              	.LASF43:
 673 0776 4359424C 		.ascii	"CYBLE_EVT_GAP_SMP_NEGOTIATED_AUTH_INFO\000"
 673      455F4556 
 673      545F4741 
 673      505F534D 
 673      505F4E45 
 674              	.LASF14:
 675 079d 63686172 		.ascii	"char\000"
 675      00
 676              	.LASF75:
 677 07a2 4359424C 		.ascii	"CYBLE_EVT_L2CAP_COMMAND_REJ\000"
 677      455F4556 
 677      545F4C32 
 677      4341505F 
 677      434F4D4D 
 678              	.LASF9:
 679 07be 75696E74 		.ascii	"uint8\000"
 679      3800
 680              	.LASF93:
 681 07c4 74656D70 		.ascii	"temp_data\000"
 681      5F646174 
 681      6100
 682              	.LASF90:
 683 07ce 74656D70 		.ascii	"temperatureTimer\000"
 683      65726174 
 683      75726554 
 683      696D6572 
 683      00
 684              	.LASF58:
 685 07df 4359424C 		.ascii	"CYBLE_EVT_GATTC_READ_BLOB_RSP\000"
 685      455F4556 
 685      545F4741 
 685      5454435F 
 685      52454144 
 686              	.LASF65:
 687 07fd 4359424C 		.ascii	"CYBLE_EVT_GATTC_EXEC_WRITE_RSP\000"
 687      455F4556 
 687      545F4741 
 687      5454435F 
 687      45584543 
 688              	.LASF11:
 689 081c 75696E74 		.ascii	"uint32\000"
 689      333200
 690              	.LASF84:
 691 0823 4359424C 		.ascii	"CYBLE_EVT_PENDING_FLASH_WRITE\000"
ARM GAS  C:\Users\BABEH_~1\AppData\Local\Temp\ccziKgSW.s 			page 18


 691      455F4556 
 691      545F5045 
 691      4E44494E 
 691      475F464C 
 692              	.LASF81:
 693 0841 4359424C 		.ascii	"CYBLE_EVT_L2CAP_CBFC_RX_CREDIT_IND\000"
 693      455F4556 
 693      545F4C32 
 693      4341505F 
 693      43424643 
 694              	.LASF13:
 695 0864 646F7562 		.ascii	"double\000"
 695      6C6500
 696              	.LASF82:
 697 086b 4359424C 		.ascii	"CYBLE_EVT_L2CAP_CBFC_TX_CREDIT_IND\000"
 697      455F4556 
 697      545F4C32 
 697      4341505F 
 697      43424643 
 698              	.LASF45:
 699 088e 4359424C 		.ascii	"CYBLE_EVT_GAP_SCAN_REQ_RECVD\000"
 699      455F4556 
 699      545F4741 
 699      505F5343 
 699      414E5F52 
 700              	.LASF20:
 701 08ab 4359424C 		.ascii	"CYBLE_EVT_HARDWARE_ERROR\000"
 701      455F4556 
 701      545F4841 
 701      52445741 
 701      52455F45 
 702              	.LASF80:
 703 08c4 4359424C 		.ascii	"CYBLE_EVT_L2CAP_CBFC_DATA_READ\000"
 703      455F4556 
 703      545F4C32 
 703      4341505F 
 703      43424643 
 704              	.LASF74:
 705 08e3 4359424C 		.ascii	"CYBLE_EVT_L2CAP_CONN_PARAM_UPDATE_RSP\000"
 705      455F4556 
 705      545F4C32 
 705      4341505F 
 705      434F4E4E 
 706              	.LASF24:
 707 0909 4359424C 		.ascii	"CYBLE_EVT_GAPC_SCAN_PROGRESS_RESULT\000"
 707      455F4556 
 707      545F4741 
 707      50435F53 
 707      43414E5F 
 708              	.LASF53:
 709 092d 4359424C 		.ascii	"CYBLE_EVT_GATTC_READ_BY_GROUP_TYPE_RSP\000"
 709      455F4556 
 709      545F4741 
 709      5454435F 
 709      52454144 
 710              	.LASF62:
 711 0954 4359424C 		.ascii	"CYBLE_EVT_GATTS_WRITE_CMD_REQ\000"
ARM GAS  C:\Users\BABEH_~1\AppData\Local\Temp\ccziKgSW.s 			page 19


 711      455F4556 
 711      545F4741 
 711      5454535F 
 711      57524954 
 712              	.LASF52:
 713 0972 4359424C 		.ascii	"CYBLE_EVT_GATTC_XCHNG_MTU_RSP\000"
 713      455F4556 
 713      545F4741 
 713      5454435F 
 713      5843484E 
 714              	.LASF19:
 715 0990 4359424C 		.ascii	"CYBLE_EVT_TIMEOUT\000"
 715      455F4556 
 715      545F5449 
 715      4D454F55 
 715      5400
 716              	.LASF83:
 717 09a2 4359424C 		.ascii	"CYBLE_EVT_L2CAP_CBFC_DATA_WRITE_IND\000"
 717      455F4556 
 717      545F4C32 
 717      4341505F 
 717      43424643 
 718              	.LASF35:
 719 09c6 4359424C 		.ascii	"CYBLE_EVT_GAPC_SCAN_START_STOP\000"
 719      455F4556 
 719      545F4741 
 719      50435F53 
 719      43414E5F 
 720              	.LASF88:
 721 09e5 4359424C 		.ascii	"CYBLE_EVT_MAX\000"
 721      455F4556 
 721      545F4D41 
 721      5800
 722              	.LASF71:
 723 09f3 4359424C 		.ascii	"CYBLE_EVT_GATTS_READ_CHAR_VAL_ACCESS_REQ\000"
 723      455F4556 
 723      545F4741 
 723      5454535F 
 723      52454144 
 724              	.LASF70:
 725 0a1c 4359424C 		.ascii	"CYBLE_EVT_GATTC_STOP_CMD_COMPLETE\000"
 725      455F4556 
 725      545F4741 
 725      5454435F 
 725      53544F50 
 726              	.LASF95:
 727 0a3e 6874732E 		.ascii	"hts.c\000"
 727      6300
 728              	.LASF64:
 729 0a44 4359424C 		.ascii	"CYBLE_EVT_GATTS_EXEC_WRITE_REQ\000"
 729      455F4556 
 729      545F4741 
 729      5454535F 
 729      45584543 
 730              	.LASF32:
 731 0a63 4359424C 		.ascii	"CYBLE_EVT_GAP_DEVICE_DISCONNECTED\000"
 731      455F4556 
ARM GAS  C:\Users\BABEH_~1\AppData\Local\Temp\ccziKgSW.s 			page 20


 731      545F4741 
 731      505F4445 
 731      56494345 
 732              	.LASF69:
 733 0a85 4359424C 		.ascii	"CYBLE_EVT_GATTS_DATA_SIGNED_CMD_REQ\000"
 733      455F4556 
 733      545F4741 
 733      5454535F 
 733      44415441 
 734              	.LASF86:
 735 0aa9 4359424C 		.ascii	"CYBLE_EVT_HCI_PKT\000"
 735      455F4556 
 735      545F4843 
 735      495F504B 
 735      5400
 736              	.LASF39:
 737 0abb 4359424C 		.ascii	"CYBLE_EVT_GAP_OOB_GENERATED_NOTIFICATION\000"
 737      455F4556 
 737      545F4741 
 737      505F4F4F 
 737      425F4745 
 738              		.ident	"GCC: (GNU Tools for ARM Embedded Processors) 5.4.1 20160609 (release) [ARM/embedded-5-bran
