ARM GAS  C:\Users\BABEH_~1\AppData\Local\Temp\ccAprSQh.s 			page 1


   1              		.syntax unified
   2              		.cpu cortex-m0
   3              		.fpu softvfp
   4              		.eabi_attribute 20, 1
   5              		.eabi_attribute 21, 1
   6              		.eabi_attribute 23, 3
   7              		.eabi_attribute 24, 1
   8              		.eabi_attribute 25, 1
   9              		.eabi_attribute 26, 1
  10              		.eabi_attribute 30, 6
  11              		.eabi_attribute 34, 0
  12              		.eabi_attribute 18, 4
  13              		.thumb
  14              		.syntax unified
  15              		.file	"main.c"
  16              		.text
  17              	.Ltext0:
  18              		.cfi_sections	.debug_frame
  19              		.global	busStatus
  20              		.bss
  21              		.type	busStatus, %object
  22              		.size	busStatus, 1
  23              	busStatus:
  24 0000 00       		.space	1
  25              		.global	mainTimer
  26 0001 000000   		.align	2
  27              		.type	mainTimer, %object
  28              		.size	mainTimer, 4
  29              	mainTimer:
  30 0004 00000000 		.space	4
  31              		.global	TEMP_MAX
  32              		.section	.rodata
  33              		.align	3
  34              		.type	TEMP_MAX, %object
  35              		.size	TEMP_MAX, 8
  36              	TEMP_MAX:
  37 0000 00000000 		.word	0
  38 0004 00005E40 		.word	1079902208
  39              		.global	TEMP_MIN
  40              		.align	3
  41              		.type	TEMP_MIN, %object
  42              		.size	TEMP_MIN, 8
  43              	TEMP_MIN:
  44 0008 00000000 		.word	0
  45 000c 00804B40 		.word	1078689792
  46              		.global	currentTemp
  47              		.data
  48              		.align	2
  49              		.type	currentTemp, %object
  50              		.size	currentTemp, 4
  51              	currentTemp:
  52 0000 3C000000 		.word	60
  53              		.global	desiredTemp
  54              		.align	2
  55              		.type	desiredTemp, %object
  56              		.size	desiredTemp, 4
  57              	desiredTemp:
ARM GAS  C:\Users\BABEH_~1\AppData\Local\Temp\ccAprSQh.s 			page 2


  58 0004 3C000000 		.word	60
  59              		.section	.text.updateTemperature,"ax",%progbits
  60              		.align	2
  61              		.global	updateTemperature
  62              		.code	16
  63              		.thumb_func
  64              		.type	updateTemperature, %function
  65              	updateTemperature:
  66              	.LFB36:
  67              		.file 1 "main.c"
   1:main.c        **** /*******************************************************************************
   2:main.c        **** * File Name: main.c
   3:main.c        **** *
   4:main.c        **** * Version: 1.0
   5:main.c        **** *
   6:main.c        **** * Description:
   7:main.c        **** *  Temperature measurement example project that simulates thermometer readings
   8:main.c        **** *  and sends it over BLE Health Thermometer service.
   9:main.c        **** *
  10:main.c        **** * Note:
  11:main.c        **** *
  12:main.c        **** * Hardware Dependency:
  13:main.c        **** *  CY8CKIT-042 BLE
  14:main.c        **** * 
  15:main.c        **** ********************************************************************************
  16:main.c        **** * Copyright 2016, Cypress Semiconductor Corporation.  All rights reserved.
  17:main.c        **** * You may use this file only in accordance with the license, terms, conditions,
  18:main.c        **** * disclaimers, and limitations in the end user license agreement accompanying
  19:main.c        **** * the software package with which this file was provided.
  20:main.c        **** *******************************************************************************/
  21:main.c        **** 
  22:main.c        **** #include "common.h"
  23:main.c        **** uint8 busStatus = CYBLE_STACK_STATE_FREE;           /* Status of stack queue */
  24:main.c        **** 
  25:main.c        **** volatile uint32 mainTimer = 0;
  26:main.c        **** 
  27:main.c        **** const double TEMP_MAX = 120;
  28:main.c        **** const double TEMP_MIN = 55;
  29:main.c        **** 
  30:main.c        **** int currentTemp = 60;
  31:main.c        **** int desiredTemp = 60;
  32:main.c        **** 
  33:main.c        **** //Updates the GATT database with the current temperature
  34:main.c        **** void updateTemperature() {
  68              		.loc 1 34 0
  69              		.cfi_startproc
  70              		@ args = 0, pretend = 0, frame = 16
  71              		@ frame_needed = 1, uses_anonymous_args = 0
  72 0000 80B5     		push	{r7, lr}
  73              		.cfi_def_cfa_offset 8
  74              		.cfi_offset 7, -8
  75              		.cfi_offset 14, -4
  76 0002 84B0     		sub	sp, sp, #16
  77              		.cfi_def_cfa_offset 24
  78 0004 00AF     		add	r7, sp, #0
  79              		.cfi_def_cfa_register 7
  35:main.c        ****     if(CyBle_GetState() != CYBLE_STATE_CONNECTED)
ARM GAS  C:\Users\BABEH_~1\AppData\Local\Temp\ccAprSQh.s 			page 3


  80              		.loc 1 35 0
  81 0006 0B4B     		ldr	r3, .L5
  82 0008 1B78     		ldrb	r3, [r3]
  83 000a 022B     		cmp	r3, #2
  84 000c 0ED1     		bne	.L4
  36:main.c        ****         return;
  37:main.c        ****     
  38:main.c        ****     CYBLE_GATTS_HANDLE_VALUE_NTF_T tempHandle;
  39:main.c        ****     
  40:main.c        ****     tempHandle.attrHandle = currentTemp;
  85              		.loc 1 40 0
  86 000e 0A4B     		ldr	r3, .L5+4
  87 0010 1B68     		ldr	r3, [r3]
  88 0012 9AB2     		uxth	r2, r3
  89 0014 3B1D     		adds	r3, r7, #4
  90 0016 1A81     		strh	r2, [r3, #8]
  41:main.c        ****     tempHandle.value.len = 4;
  91              		.loc 1 41 0
  92 0018 3B1D     		adds	r3, r7, #4
  93 001a 0422     		movs	r2, #4
  94 001c 9A80     		strh	r2, [r3, #4]
  42:main.c        ****     CyBle_GattsWriteAttributeValue(&tempHandle, 0, &cyBle_connHandle, CYBLE_GATT_DB_LOCALLY_INITIAT
  95              		.loc 1 42 0
  96 001e 074A     		ldr	r2, .L5+8
  97 0020 381D     		adds	r0, r7, #4
  98 0022 0023     		movs	r3, #0
  99 0024 0021     		movs	r1, #0
 100 0026 FFF7FEFF 		bl	CyBle_GattsWriteAttributeValue
 101 002a 00E0     		b	.L1
 102              	.L4:
  36:main.c        ****         return;
 103              		.loc 1 36 0
 104 002c C046     		nop
 105              	.L1:
  43:main.c        **** }
 106              		.loc 1 43 0
 107 002e BD46     		mov	sp, r7
 108 0030 04B0     		add	sp, sp, #16
 109              		@ sp needed
 110 0032 80BD     		pop	{r7, pc}
 111              	.L6:
 112              		.align	2
 113              	.L5:
 114 0034 00000000 		.word	cyBle_state
 115 0038 00000000 		.word	currentTemp
 116 003c 00000000 		.word	cyBle_connHandle
 117              		.cfi_endproc
 118              	.LFE36:
 119              		.size	updateTemperature, .-updateTemperature
 120              		.section	.text.controlTemperature,"ax",%progbits
 121              		.align	2
 122              		.global	controlTemperature
 123              		.code	16
 124              		.thumb_func
 125              		.type	controlTemperature, %function
 126              	controlTemperature:
 127              	.LFB37:
ARM GAS  C:\Users\BABEH_~1\AppData\Local\Temp\ccAprSQh.s 			page 4


  44:main.c        **** 
  45:main.c        **** void controlTemperature(){
 128              		.loc 1 45 0
 129              		.cfi_startproc
 130              		@ args = 0, pretend = 0, frame = 0
 131              		@ frame_needed = 1, uses_anonymous_args = 0
 132 0000 80B5     		push	{r7, lr}
 133              		.cfi_def_cfa_offset 8
 134              		.cfi_offset 7, -8
 135              		.cfi_offset 14, -4
 136 0002 00AF     		add	r7, sp, #0
 137              		.cfi_def_cfa_register 7
  46:main.c        ****     while(desiredTemp != currentTemp) {
 138              		.loc 1 46 0
 139 0004 34E0     		b	.L8
 140              	.L11:
  47:main.c        ****         
  48:main.c        ****         if(desiredTemp > currentTemp) {
 141              		.loc 1 48 0
 142 0006 204B     		ldr	r3, .L12
 143 0008 1A68     		ldr	r2, [r3]
 144 000a 204B     		ldr	r3, .L12+4
 145 000c 1B68     		ldr	r3, [r3]
 146 000e 9A42     		cmp	r2, r3
 147 0010 0EDD     		ble	.L9
  49:main.c        ****             Advertising_LED_Write(LED_OFF);
 148              		.loc 1 49 0
 149 0012 0120     		movs	r0, #1
 150 0014 FFF7FEFF 		bl	Advertising_LED_Write
  50:main.c        ****             LowPower_LED_Write(LED_ON);
 151              		.loc 1 50 0
 152 0018 0020     		movs	r0, #0
 153 001a FFF7FEFF 		bl	LowPower_LED_Write
  51:main.c        ****             currentTemp++;
 154              		.loc 1 51 0
 155 001e 1B4B     		ldr	r3, .L12+4
 156 0020 1B68     		ldr	r3, [r3]
 157 0022 5A1C     		adds	r2, r3, #1
 158 0024 194B     		ldr	r3, .L12+4
 159 0026 1A60     		str	r2, [r3]
  52:main.c        ****             Pin_1_Write(0);
 160              		.loc 1 52 0
 161 0028 0020     		movs	r0, #0
 162 002a FFF7FEFF 		bl	Pin_1_Write
 163 002e 13E0     		b	.L10
 164              	.L9:
  53:main.c        ****         }
  54:main.c        ****         else if(desiredTemp < currentTemp) {
 165              		.loc 1 54 0
 166 0030 154B     		ldr	r3, .L12
 167 0032 1A68     		ldr	r2, [r3]
 168 0034 154B     		ldr	r3, .L12+4
 169 0036 1B68     		ldr	r3, [r3]
 170 0038 9A42     		cmp	r2, r3
 171 003a 0DDA     		bge	.L10
  55:main.c        ****             Advertising_LED_Write(LED_OFF);
 172              		.loc 1 55 0
ARM GAS  C:\Users\BABEH_~1\AppData\Local\Temp\ccAprSQh.s 			page 5


 173 003c 0120     		movs	r0, #1
 174 003e FFF7FEFF 		bl	Advertising_LED_Write
  56:main.c        ****             LowPower_LED_Write(LED_ON);
 175              		.loc 1 56 0
 176 0042 0020     		movs	r0, #0
 177 0044 FFF7FEFF 		bl	LowPower_LED_Write
  57:main.c        ****             currentTemp--;
 178              		.loc 1 57 0
 179 0048 104B     		ldr	r3, .L12+4
 180 004a 1B68     		ldr	r3, [r3]
 181 004c 5A1E     		subs	r2, r3, #1
 182 004e 0F4B     		ldr	r3, .L12+4
 183 0050 1A60     		str	r2, [r3]
  58:main.c        ****             Pin_1_Write(1);
 184              		.loc 1 58 0
 185 0052 0120     		movs	r0, #1
 186 0054 FFF7FEFF 		bl	Pin_1_Write
 187              	.L10:
  59:main.c        ****         }
  60:main.c        ****         if(desiredTemp == currentTemp) {
 188              		.loc 1 60 0
 189 0058 0B4B     		ldr	r3, .L12
 190 005a 1A68     		ldr	r2, [r3]
 191 005c 0B4B     		ldr	r3, .L12+4
 192 005e 1B68     		ldr	r3, [r3]
 193 0060 9A42     		cmp	r2, r3
 194 0062 05D1     		bne	.L8
  61:main.c        ****             Advertising_LED_Write(LED_ON);
 195              		.loc 1 61 0
 196 0064 0020     		movs	r0, #0
 197 0066 FFF7FEFF 		bl	Advertising_LED_Write
  62:main.c        ****             LowPower_LED_Write(LED_OFF);
 198              		.loc 1 62 0
 199 006a 0120     		movs	r0, #1
 200 006c FFF7FEFF 		bl	LowPower_LED_Write
 201              	.L8:
  46:main.c        ****         
 202              		.loc 1 46 0
 203 0070 054B     		ldr	r3, .L12
 204 0072 1A68     		ldr	r2, [r3]
 205 0074 054B     		ldr	r3, .L12+4
 206 0076 1B68     		ldr	r3, [r3]
 207 0078 9A42     		cmp	r2, r3
 208 007a C4D1     		bne	.L11
  63:main.c        ****         }
  64:main.c        ****     }
  65:main.c        ****     updateTemperature();
 209              		.loc 1 65 0
 210 007c FFF7FEFF 		bl	updateTemperature
  66:main.c        **** }
 211              		.loc 1 66 0
 212 0080 C046     		nop
 213 0082 BD46     		mov	sp, r7
 214              		@ sp needed
 215 0084 80BD     		pop	{r7, pc}
 216              	.L13:
 217 0086 C046     		.align	2
ARM GAS  C:\Users\BABEH_~1\AppData\Local\Temp\ccAprSQh.s 			page 6


 218              	.L12:
 219 0088 00000000 		.word	desiredTemp
 220 008c 00000000 		.word	currentTemp
 221              		.cfi_endproc
 222              	.LFE37:
 223              		.size	controlTemperature, .-controlTemperature
 224              		.global	__aeabi_i2d
 225              		.global	__aeabi_dcmpgt
 226              		.global	__aeabi_d2iz
 227              		.global	__aeabi_dcmplt
 228              		.section	.text.setTemperature,"ax",%progbits
 229              		.align	2
 230              		.global	setTemperature
 231              		.code	16
 232              		.thumb_func
 233              		.type	setTemperature, %function
 234              	setTemperature:
 235              	.LFB38:
  67:main.c        **** 
  68:main.c        **** //Set the temp from the App
  69:main.c        **** void setTemperature(int temp) {
 236              		.loc 1 69 0
 237              		.cfi_startproc
 238              		@ args = 0, pretend = 0, frame = 8
 239              		@ frame_needed = 1, uses_anonymous_args = 0
 240 0000 90B5     		push	{r4, r7, lr}
 241              		.cfi_def_cfa_offset 12
 242              		.cfi_offset 4, -12
 243              		.cfi_offset 7, -8
 244              		.cfi_offset 14, -4
 245 0002 83B0     		sub	sp, sp, #12
 246              		.cfi_def_cfa_offset 24
 247 0004 00AF     		add	r7, sp, #0
 248              		.cfi_def_cfa_register 7
 249 0006 7860     		str	r0, [r7, #4]
  70:main.c        ****     if(temp > TEMP_MAX) {
 250              		.loc 1 70 0
 251 0008 7868     		ldr	r0, [r7, #4]
 252 000a FFF7FEFF 		bl	__aeabi_i2d
 253 000e 0023     		movs	r3, #0
 254 0010 154C     		ldr	r4, .L21
 255 0012 1A00     		movs	r2, r3
 256 0014 2300     		movs	r3, r4
 257 0016 FFF7FEFF 		bl	__aeabi_dcmpgt
 258 001a 031E     		subs	r3, r0, #0
 259 001c 07D0     		beq	.L15
  71:main.c        ****         temp = TEMP_MAX;
 260              		.loc 1 71 0
 261 001e 0023     		movs	r3, #0
 262 0020 114C     		ldr	r4, .L21
 263 0022 1800     		movs	r0, r3
 264 0024 2100     		movs	r1, r4
 265 0026 FFF7FEFF 		bl	__aeabi_d2iz
 266 002a 0300     		movs	r3, r0
 267 002c 7B60     		str	r3, [r7, #4]
 268              	.L15:
  72:main.c        ****     }
ARM GAS  C:\Users\BABEH_~1\AppData\Local\Temp\ccAprSQh.s 			page 7


  73:main.c        ****     if(temp < TEMP_MIN) {
 269              		.loc 1 73 0
 270 002e 7868     		ldr	r0, [r7, #4]
 271 0030 FFF7FEFF 		bl	__aeabi_i2d
 272 0034 0023     		movs	r3, #0
 273 0036 0D4C     		ldr	r4, .L21+4
 274 0038 1A00     		movs	r2, r3
 275 003a 2300     		movs	r3, r4
 276 003c FFF7FEFF 		bl	__aeabi_dcmplt
 277 0040 031E     		subs	r3, r0, #0
 278 0042 07D0     		beq	.L17
  74:main.c        ****         temp = TEMP_MIN;
 279              		.loc 1 74 0
 280 0044 0023     		movs	r3, #0
 281 0046 094C     		ldr	r4, .L21+4
 282 0048 1800     		movs	r0, r3
 283 004a 2100     		movs	r1, r4
 284 004c FFF7FEFF 		bl	__aeabi_d2iz
 285 0050 0300     		movs	r3, r0
 286 0052 7B60     		str	r3, [r7, #4]
 287              	.L17:
  75:main.c        ****     }
  76:main.c        ****     
  77:main.c        ****     desiredTemp = temp;
 288              		.loc 1 77 0
 289 0054 064B     		ldr	r3, .L21+8
 290 0056 7A68     		ldr	r2, [r7, #4]
 291 0058 1A60     		str	r2, [r3]
  78:main.c        ****     controlTemperature();
 292              		.loc 1 78 0
 293 005a FFF7FEFF 		bl	controlTemperature
  79:main.c        **** }
 294              		.loc 1 79 0
 295 005e C046     		nop
 296 0060 BD46     		mov	sp, r7
 297 0062 03B0     		add	sp, sp, #12
 298              		@ sp needed
 299 0064 90BD     		pop	{r4, r7, pc}
 300              	.L22:
 301 0066 C046     		.align	2
 302              	.L21:
 303 0068 00005E40 		.word	1079902208
 304 006c 00804B40 		.word	1078689792
 305 0070 00000000 		.word	desiredTemp
 306              		.cfi_endproc
 307              	.LFE38:
 308              		.size	setTemperature, .-setTemperature
 309              		.section	.text.AppCallBack,"ax",%progbits
 310              		.align	2
 311              		.global	AppCallBack
 312              		.code	16
 313              		.thumb_func
 314              		.type	AppCallBack, %function
 315              	AppCallBack:
 316              	.LFB39:
  80:main.c        **** 
  81:main.c        **** /*******************************************************************************
ARM GAS  C:\Users\BABEH_~1\AppData\Local\Temp\ccAprSQh.s 			page 8


  82:main.c        **** * Function Name: AppCallBack()
  83:main.c        **** ********************************************************************************
  84:main.c        **** *
  85:main.c        **** * Summary:
  86:main.c        **** *   This is an event callback function to receive events from the BLE Component.
  87:main.c        **** *
  88:main.c        **** * Parameters:
  89:main.c        **** *  event - the event code
  90:main.c        **** *  *eventParam - the event parameters
  91:main.c        **** *
  92:main.c        **** *******************************************************************************/
  93:main.c        **** void AppCallBack(uint32 event, void* eventParam)
  94:main.c        **** {
 317              		.loc 1 94 0
 318              		.cfi_startproc
 319              		@ args = 0, pretend = 0, frame = 16
 320              		@ frame_needed = 1, uses_anonymous_args = 0
 321 0000 80B5     		push	{r7, lr}
 322              		.cfi_def_cfa_offset 8
 323              		.cfi_offset 7, -8
 324              		.cfi_offset 14, -4
 325 0002 84B0     		sub	sp, sp, #16
 326              		.cfi_def_cfa_offset 24
 327 0004 00AF     		add	r7, sp, #0
 328              		.cfi_def_cfa_register 7
 329 0006 7860     		str	r0, [r7, #4]
 330 0008 3960     		str	r1, [r7]
  95:main.c        ****     CYBLE_GATTS_WRITE_REQ_PARAM_T *wrReqParam;
  96:main.c        ****     
  97:main.c        ****     switch(event)
 331              		.loc 1 97 0
 332 000a 7B68     		ldr	r3, [r7, #4]
 333 000c 282B     		cmp	r3, #40
 334 000e 08D0     		beq	.L25
 335 0010 02D8     		bhi	.L26
 336 0012 012B     		cmp	r3, #1
 337 0014 05D0     		beq	.L25
  98:main.c        ****     {
  99:main.c        ****         case CYBLE_EVT_STACK_ON:
 100:main.c        ****         case CYBLE_EVT_GAP_DEVICE_DISCONNECTED:
 101:main.c        ****             Disconnect_LED_Write(LED_ON);
 102:main.c        ****             LowPower_LED_Write(LED_OFF);
 103:main.c        ****             CyBle_GappStartAdvertisement(CYBLE_ADVERTISING_FAST);
 104:main.c        ****         break;
 105:main.c        ****             
 106:main.c        ****         case CYBLE_EVT_GATT_CONNECT_IND:
 107:main.c        ****             
 108:main.c        ****             Disconnect_LED_Write(LED_OFF);
 109:main.c        ****             LowPower_LED_Write(LED_ON);
 110:main.c        ****         break;
 111:main.c        ****             
 112:main.c        ****         case CYBLE_EVT_GATTS_WRITE_REQ:
 113:main.c        ****             wrReqParam = (CYBLE_GATTS_WRITE_REQ_PARAM_T *) eventParam;
 114:main.c        ****             
 115:main.c        ****             setTemperature((int8)wrReqParam->handleValPair.value.val[0]);    
 116:main.c        ****             
 117:main.c        ****             CyBle_GattsWriteRsp(cyBle_connHandle);
ARM GAS  C:\Users\BABEH_~1\AppData\Local\Temp\ccAprSQh.s 			page 9


 118:main.c        ****             
 119:main.c        ****         break;
 120:main.c        ****                
 121:main.c        ****         default: 
 122:main.c        ****             
 123:main.c        ****         break;
 338              		.loc 1 123 0
 339 0016 2DE0     		b	.L29
 340              	.L26:
  97:main.c        ****     {
 341              		.loc 1 97 0
 342 0018 412B     		cmp	r3, #65
 343 001a 0CD0     		beq	.L27
 344 001c 4C2B     		cmp	r3, #76
 345 001e 11D0     		beq	.L28
 346              		.loc 1 123 0
 347 0020 28E0     		b	.L29
 348              	.L25:
 101:main.c        ****             LowPower_LED_Write(LED_OFF);
 349              		.loc 1 101 0
 350 0022 0020     		movs	r0, #0
 351 0024 FFF7FEFF 		bl	Disconnect_LED_Write
 102:main.c        ****             CyBle_GappStartAdvertisement(CYBLE_ADVERTISING_FAST);
 352              		.loc 1 102 0
 353 0028 0120     		movs	r0, #1
 354 002a FFF7FEFF 		bl	LowPower_LED_Write
 103:main.c        ****         break;
 355              		.loc 1 103 0
 356 002e 0020     		movs	r0, #0
 357 0030 FFF7FEFF 		bl	CyBle_GappStartAdvertisement
 104:main.c        ****             
 358              		.loc 1 104 0
 359 0034 1EE0     		b	.L29
 360              	.L27:
 108:main.c        ****             LowPower_LED_Write(LED_ON);
 361              		.loc 1 108 0
 362 0036 0120     		movs	r0, #1
 363 0038 FFF7FEFF 		bl	Disconnect_LED_Write
 109:main.c        ****         break;
 364              		.loc 1 109 0
 365 003c 0020     		movs	r0, #0
 366 003e FFF7FEFF 		bl	LowPower_LED_Write
 110:main.c        ****             
 367              		.loc 1 110 0
 368 0042 17E0     		b	.L29
 369              	.L28:
 113:main.c        ****             
 370              		.loc 1 113 0
 371 0044 3B68     		ldr	r3, [r7]
 372 0046 FB60     		str	r3, [r7, #12]
 115:main.c        ****             
 373              		.loc 1 115 0
 374 0048 FB68     		ldr	r3, [r7, #12]
 375 004a 5B68     		ldr	r3, [r3, #4]
 376 004c 1B78     		ldrb	r3, [r3]
 377 004e 5BB2     		sxtb	r3, r3
 378 0050 1800     		movs	r0, r3
ARM GAS  C:\Users\BABEH_~1\AppData\Local\Temp\ccAprSQh.s 			page 10


 379 0052 FFF7FEFF 		bl	setTemperature
 117:main.c        ****             
 380              		.loc 1 117 0
 381 0056 094B     		ldr	r3, .L30
 382 0058 1A78     		ldrb	r2, [r3]
 383 005a 5B78     		ldrb	r3, [r3, #1]
 384 005c 1B02     		lsls	r3, r3, #8
 385 005e 1A43     		orrs	r2, r3
 386 0060 0023     		movs	r3, #0
 387 0062 1204     		lsls	r2, r2, #16
 388 0064 120C     		lsrs	r2, r2, #16
 389 0066 1B0C     		lsrs	r3, r3, #16
 390 0068 1B04     		lsls	r3, r3, #16
 391 006a 1343     		orrs	r3, r2
 392 006c 1800     		movs	r0, r3
 393 006e FFF7FEFF 		bl	CyBle_GattsWriteRsp
 119:main.c        ****                
 394              		.loc 1 119 0
 395 0072 C046     		nop
 396              	.L29:
 124:main.c        ****     }
 125:main.c        **** }
 397              		.loc 1 125 0
 398 0074 C046     		nop
 399 0076 BD46     		mov	sp, r7
 400 0078 04B0     		add	sp, sp, #16
 401              		@ sp needed
 402 007a 80BD     		pop	{r7, pc}
 403              	.L31:
 404              		.align	2
 405              	.L30:
 406 007c 00000000 		.word	cyBle_connHandle
 407              		.cfi_endproc
 408              	.LFE39:
 409              		.size	AppCallBack, .-AppCallBack
 410              		.section	.text.LowPowerImplementation,"ax",%progbits
 411              		.align	2
 412              		.code	16
 413              		.thumb_func
 414              		.type	LowPowerImplementation, %function
 415              	LowPowerImplementation:
 416              	.LFB40:
 126:main.c        **** 
 127:main.c        **** 
 128:main.c        **** 
 129:main.c        **** 
 130:main.c        **** /*******************************************************************************
 131:main.c        **** * Function Name: LowPowerImplementation()
 132:main.c        **** ********************************************************************************
 133:main.c        **** * Summary:
 134:main.c        **** * Implements low power in the project.
 135:main.c        **** *
 136:main.c        **** * Parameters:
 137:main.c        **** * None
 138:main.c        **** *
 139:main.c        **** * Return:
 140:main.c        **** * None
ARM GAS  C:\Users\BABEH_~1\AppData\Local\Temp\ccAprSQh.s 			page 11


 141:main.c        **** *
 142:main.c        **** * Theory:
 143:main.c        **** * The function tries to enter deep sleep as much as possible - whenever the 
 144:main.c        **** * BLE is idle and the UART transmission/reception is not happening. At all other
 145:main.c        **** * times, the function tries to enter CPU sleep.
 146:main.c        **** *
 147:main.c        **** *******************************************************************************/
 148:main.c        **** static void LowPowerImplementation(void)
 149:main.c        **** {
 417              		.loc 1 149 0
 418              		.cfi_startproc
 419              		@ args = 0, pretend = 0, frame = 8
 420              		@ frame_needed = 1, uses_anonymous_args = 0
 421 0000 90B5     		push	{r4, r7, lr}
 422              		.cfi_def_cfa_offset 12
 423              		.cfi_offset 4, -12
 424              		.cfi_offset 7, -8
 425              		.cfi_offset 14, -4
 426 0002 83B0     		sub	sp, sp, #12
 427              		.cfi_def_cfa_offset 24
 428 0004 00AF     		add	r7, sp, #0
 429              		.cfi_def_cfa_register 7
 150:main.c        ****     CYBLE_LP_MODE_T bleMode;
 151:main.c        ****     uint8 interruptStatus;
 152:main.c        ****     
 153:main.c        ****     /* For advertising and connected states, implement deep sleep 
 154:main.c        ****      * functionality to achieve low power in the system. For more details
 155:main.c        ****      * on the low power implementation, refer to the Low Power Application 
 156:main.c        ****      * Note.
 157:main.c        ****      */
 158:main.c        ****     if((CyBle_GetState() == CYBLE_STATE_ADVERTISING) || 
 430              		.loc 1 158 0
 431 0006 174B     		ldr	r3, .L38
 432 0008 1B78     		ldrb	r3, [r3]
 433 000a 032B     		cmp	r3, #3
 434 000c 03D0     		beq	.L33
 159:main.c        ****        (CyBle_GetState() == CYBLE_STATE_CONNECTED))
 435              		.loc 1 159 0 discriminator 1
 436 000e 154B     		ldr	r3, .L38
 437 0010 1B78     		ldrb	r3, [r3]
 158:main.c        ****        (CyBle_GetState() == CYBLE_STATE_CONNECTED))
 438              		.loc 1 158 0 discriminator 1
 439 0012 022B     		cmp	r3, #2
 440 0014 22D1     		bne	.L37
 441              	.L33:
 160:main.c        ****     {
 161:main.c        ****         /* Request BLE subsystem to enter into Deep-Sleep mode between connection and advertising i
 162:main.c        ****         bleMode = CyBle_EnterLPM(CYBLE_BLESS_DEEPSLEEP);
 442              		.loc 1 162 0
 443 0016 FC1D     		adds	r4, r7, #7
 444 0018 0320     		movs	r0, #3
 445 001a FFF7FEFF 		bl	CyBle_EnterLPM
 446 001e 0300     		movs	r3, r0
 447 0020 2370     		strb	r3, [r4]
 163:main.c        ****         /* Disable global interrupts */
 164:main.c        ****         interruptStatus = CyEnterCriticalSection();
 448              		.loc 1 164 0
ARM GAS  C:\Users\BABEH_~1\AppData\Local\Temp\ccAprSQh.s 			page 12


 449 0022 BC1D     		adds	r4, r7, #6
 450 0024 FFF7FEFF 		bl	CyEnterCriticalSection
 451 0028 0300     		movs	r3, r0
 452 002a 2370     		strb	r3, [r4]
 165:main.c        ****         /* When BLE subsystem has been put into Deep-Sleep mode */
 166:main.c        ****         if(bleMode == CYBLE_BLESS_DEEPSLEEP)
 453              		.loc 1 166 0
 454 002c FB1D     		adds	r3, r7, #7
 455 002e 1B78     		ldrb	r3, [r3]
 456 0030 032B     		cmp	r3, #3
 457 0032 07D1     		bne	.L35
 167:main.c        ****         {
 168:main.c        ****             /* And it is still there or ECO is on */
 169:main.c        ****             if((CyBle_GetBleSsState() == CYBLE_BLESS_STATE_ECO_ON) || 
 458              		.loc 1 169 0
 459 0034 FFF7FEFF 		bl	CyBle_GetBleSsState
 460 0038 0300     		movs	r3, r0
 461 003a 042B     		cmp	r3, #4
 462 003c 09D0     		beq	.L36
 170:main.c        ****                (CyBle_GetBleSsState() == CYBLE_BLESS_STATE_DEEPSLEEP))
 463              		.loc 1 170 0 discriminator 1
 464 003e FFF7FEFF 		bl	CyBle_GetBleSsState
 465 0042 06E0     		b	.L36
 466              	.L35:
 171:main.c        ****             {
 172:main.c        ****             #if (DEBUG_UART_ENABLED == ENABLED)
 173:main.c        ****                 /* Put the CPU into the Deep-Sleep mode when all debug information has been sent */
 174:main.c        ****                 
 175:main.c        ****             #else
 176:main.c        ****                 CySysPmDeepSleep();
 177:main.c        ****             #endif /* (DEBUG_UART_ENABLED == ENABLED) */
 178:main.c        ****             }
 179:main.c        ****         }
 180:main.c        ****         else /* When BLE subsystem has been put into Sleep mode or is active */
 181:main.c        ****         {
 182:main.c        ****             /* And hardware doesn't finish Tx/Rx opeation - put the CPU into Sleep mode */
 183:main.c        ****             if(CyBle_GetBleSsState() != CYBLE_BLESS_STATE_EVENT_CLOSE)
 467              		.loc 1 183 0
 468 0044 FFF7FEFF 		bl	CyBle_GetBleSsState
 469 0048 0300     		movs	r3, r0
 470 004a 022B     		cmp	r3, #2
 471 004c 01D0     		beq	.L36
 184:main.c        ****             {
 185:main.c        ****                 CySysPmSleep();
 472              		.loc 1 185 0
 473 004e FFF7FEFF 		bl	CySysPmSleep
 474              	.L36:
 186:main.c        ****             }
 187:main.c        ****         }
 188:main.c        ****         /* Enable global interrupt */
 189:main.c        ****         CyExitCriticalSection(interruptStatus);
 475              		.loc 1 189 0
 476 0052 BB1D     		adds	r3, r7, #6
 477 0054 1B78     		ldrb	r3, [r3]
 478 0056 1800     		movs	r0, r3
 479 0058 FFF7FEFF 		bl	CyExitCriticalSection
 480              	.L37:
ARM GAS  C:\Users\BABEH_~1\AppData\Local\Temp\ccAprSQh.s 			page 13


 190:main.c        ****     }
 191:main.c        **** }
 481              		.loc 1 191 0
 482 005c C046     		nop
 483 005e BD46     		mov	sp, r7
 484 0060 03B0     		add	sp, sp, #12
 485              		@ sp needed
 486 0062 90BD     		pop	{r4, r7, pc}
 487              	.L39:
 488              		.align	2
 489              	.L38:
 490 0064 00000000 		.word	cyBle_state
 491              		.cfi_endproc
 492              	.LFE40:
 493              		.size	LowPowerImplementation, .-LowPowerImplementation
 494              		.section	.text.main,"ax",%progbits
 495              		.align	2
 496              		.global	main
 497              		.code	16
 498              		.thumb_func
 499              		.type	main, %function
 500              	main:
 501              	.LFB41:
 192:main.c        **** 
 193:main.c        **** 
 194:main.c        **** /*******************************************************************************
 195:main.c        **** * Function Name: main()
 196:main.c        **** ********************************************************************************
 197:main.c        **** * Summary:
 198:main.c        **** *  Main function for the project.
 199:main.c        **** *
 200:main.c        **** * Parameters:
 201:main.c        **** *  None
 202:main.c        **** *
 203:main.c        **** * Return:
 204:main.c        **** *  None
 205:main.c        **** *
 206:main.c        **** * Theory:
 207:main.c        **** *  The function starts BLE and UART components.
 208:main.c        **** *  This function process all BLE events and also implements the low power 
 209:main.c        **** *  functionality.
 210:main.c        **** *
 211:main.c        **** *******************************************************************************/
 212:main.c        **** int main()
 213:main.c        **** {
 502              		.loc 1 213 0
 503              		.cfi_startproc
 504              		@ args = 0, pretend = 0, frame = 0
 505              		@ frame_needed = 1, uses_anonymous_args = 0
 506 0000 80B5     		push	{r7, lr}
 507              		.cfi_def_cfa_offset 8
 508              		.cfi_offset 7, -8
 509              		.cfi_offset 14, -4
 510 0002 00AF     		add	r7, sp, #0
 511              		.cfi_def_cfa_register 7
 214:main.c        ****     CyGlobalIntEnable;  
 512              		.loc 1 214 0
ARM GAS  C:\Users\BABEH_~1\AppData\Local\Temp\ccAprSQh.s 			page 14


 513              		.syntax divided
 514              	@ 214 "main.c" 1
 515 0004 62B6     		CPSIE   i
 516              	@ 0 "" 2
 215:main.c        **** 
 216:main.c        ****     Disconnect_LED_Write(LED_ON);
 517              		.loc 1 216 0
 518              		.thumb
 519              		.syntax unified
 520 0006 0020     		movs	r0, #0
 521 0008 FFF7FEFF 		bl	Disconnect_LED_Write
 217:main.c        ****     Advertising_LED_Write(LED_OFF);
 522              		.loc 1 217 0
 523 000c 0120     		movs	r0, #1
 524 000e FFF7FEFF 		bl	Advertising_LED_Write
 218:main.c        ****     LowPower_LED_Write(LED_OFF);
 525              		.loc 1 218 0
 526 0012 0120     		movs	r0, #1
 527 0014 FFF7FEFF 		bl	LowPower_LED_Write
 219:main.c        **** 
 220:main.c        ****     
 221:main.c        ****     /* Start CYBLE component and register generic event handler */
 222:main.c        ****     CyBle_Start(AppCallBack);
 528              		.loc 1 222 0
 529 0018 054B     		ldr	r3, .L42
 530 001a 1800     		movs	r0, r3
 531 001c FFF7FEFF 		bl	CyBle_Start
 223:main.c        ****     /* Register service specific callback functions */
 224:main.c        ****     controlTemperature();
 532              		.loc 1 224 0
 533 0020 FFF7FEFF 		bl	controlTemperature
 534              	.L41:
 225:main.c        ****     //currentTemp = I2c_Read();
 226:main.c        ****     /***************************************************************************
 227:main.c        ****     * Main polling loop
 228:main.c        ****     ***************************************************************************/
 229:main.c        **** 	while(1) 
 230:main.c        ****     {
 231:main.c        ****         /* To achieve low power in the device */
 232:main.c        ****         //LowPowerImplementation();
 233:main.c        ****         
 234:main.c        ****         /* CyBle_ProcessEvents() allows BLE stack to process pending events */
 235:main.c        ****         CyBle_ProcessEvents();
 535              		.loc 1 235 0 discriminator 1
 536 0024 FFF7FEFF 		bl	CyBle_ProcessEvents
 236:main.c        **** 
 237:main.c        ****         //Check temp, turn on/off pin  
 238:main.c        ****         controlTemperature();
 537              		.loc 1 238 0 discriminator 1
 538 0028 FFF7FEFF 		bl	controlTemperature
 239:main.c        **** 	}   
 539              		.loc 1 239 0 discriminator 1
 540 002c FAE7     		b	.L41
 541              	.L43:
 542 002e C046     		.align	2
 543              	.L42:
 544 0030 00000000 		.word	AppCallBack
ARM GAS  C:\Users\BABEH_~1\AppData\Local\Temp\ccAprSQh.s 			page 15


 545              		.cfi_endproc
 546              	.LFE41:
 547              		.size	main, .-main
 548              		.text
 549              	.Letext0:
 550              		.file 2 "Generated_Source\\PSoC4/cytypes.h"
 551              		.file 3 "Generated_Source\\PSoC4/BLE_Stack.h"
 552              		.file 4 "Generated_Source\\PSoC4/BLE_StackGatt.h"
 553              		.file 5 "Generated_Source\\PSoC4/BLE_StackGattServer.h"
 554              		.file 6 "Generated_Source\\PSoC4/BLE_eventHandler.h"
 555              		.section	.debug_info,"",%progbits
 556              	.Ldebug_info0:
 557 0000 7D050000 		.4byte	0x57d
 558 0004 0400     		.2byte	0x4
 559 0006 00000000 		.4byte	.Ldebug_abbrev0
 560 000a 04       		.byte	0x4
 561 000b 01       		.uleb128 0x1
 562 000c 6F060000 		.4byte	.LASF140
 563 0010 0C       		.byte	0xc
 564 0011 21060000 		.4byte	.LASF141
 565 0015 770C0000 		.4byte	.LASF142
 566 0019 00000000 		.4byte	.Ldebug_ranges0+0
 567 001d 00000000 		.4byte	0
 568 0021 00000000 		.4byte	.Ldebug_line0
 569 0025 02       		.uleb128 0x2
 570 0026 01       		.byte	0x1
 571 0027 06       		.byte	0x6
 572 0028 66020000 		.4byte	.LASF0
 573 002c 02       		.uleb128 0x2
 574 002d 01       		.byte	0x1
 575 002e 08       		.byte	0x8
 576 002f CF090000 		.4byte	.LASF1
 577 0033 02       		.uleb128 0x2
 578 0034 02       		.byte	0x2
 579 0035 05       		.byte	0x5
 580 0036 0D0A0000 		.4byte	.LASF2
 581 003a 02       		.uleb128 0x2
 582 003b 02       		.byte	0x2
 583 003c 07       		.byte	0x7
 584 003d 78050000 		.4byte	.LASF3
 585 0041 02       		.uleb128 0x2
 586 0042 04       		.byte	0x4
 587 0043 05       		.byte	0x5
 588 0044 64010000 		.4byte	.LASF4
 589 0048 02       		.uleb128 0x2
 590 0049 04       		.byte	0x4
 591 004a 07       		.byte	0x7
 592 004b CF040000 		.4byte	.LASF5
 593 004f 02       		.uleb128 0x2
 594 0050 08       		.byte	0x8
 595 0051 05       		.byte	0x5
 596 0052 58020000 		.4byte	.LASF6
 597 0056 02       		.uleb128 0x2
 598 0057 08       		.byte	0x8
 599 0058 07       		.byte	0x7
 600 0059 6D010000 		.4byte	.LASF7
 601 005d 03       		.uleb128 0x3
ARM GAS  C:\Users\BABEH_~1\AppData\Local\Temp\ccAprSQh.s 			page 16


 602 005e 04       		.byte	0x4
 603 005f 05       		.byte	0x5
 604 0060 696E7400 		.ascii	"int\000"
 605 0064 02       		.uleb128 0x2
 606 0065 04       		.byte	0x4
 607 0066 07       		.byte	0x7
 608 0067 6B040000 		.4byte	.LASF8
 609 006b 04       		.uleb128 0x4
 610 006c 7B030000 		.4byte	.LASF9
 611 0070 02       		.byte	0x2
 612 0071 D201     		.2byte	0x1d2
 613 0073 2C000000 		.4byte	0x2c
 614 0077 04       		.uleb128 0x4
 615 0078 0E040000 		.4byte	.LASF10
 616 007c 02       		.byte	0x2
 617 007d D301     		.2byte	0x1d3
 618 007f 3A000000 		.4byte	0x3a
 619 0083 04       		.uleb128 0x4
 620 0084 C8030000 		.4byte	.LASF11
 621 0088 02       		.byte	0x2
 622 0089 D401     		.2byte	0x1d4
 623 008b 48000000 		.4byte	0x48
 624 008f 04       		.uleb128 0x4
 625 0090 D9050000 		.4byte	.LASF12
 626 0094 02       		.byte	0x2
 627 0095 D501     		.2byte	0x1d5
 628 0097 25000000 		.4byte	0x25
 629 009b 02       		.uleb128 0x2
 630 009c 04       		.byte	0x4
 631 009d 04       		.byte	0x4
 632 009e A6090000 		.4byte	.LASF13
 633 00a2 02       		.uleb128 0x2
 634 00a3 08       		.byte	0x8
 635 00a4 04       		.byte	0x4
 636 00a5 A0030000 		.4byte	.LASF14
 637 00a9 02       		.uleb128 0x2
 638 00aa 01       		.byte	0x1
 639 00ab 08       		.byte	0x8
 640 00ac 1B0B0000 		.4byte	.LASF15
 641 00b0 05       		.uleb128 0x5
 642 00b1 83000000 		.4byte	0x83
 643 00b5 02       		.uleb128 0x2
 644 00b6 08       		.byte	0x8
 645 00b7 04       		.byte	0x4
 646 00b8 FD0A0000 		.4byte	.LASF16
 647 00bc 02       		.uleb128 0x2
 648 00bd 04       		.byte	0x4
 649 00be 07       		.byte	0x7
 650 00bf E0070000 		.4byte	.LASF17
 651 00c3 06       		.uleb128 0x6
 652 00c4 04       		.byte	0x4
 653 00c5 07       		.uleb128 0x7
 654 00c6 01       		.byte	0x1
 655 00c7 2C000000 		.4byte	0x2c
 656 00cb 03       		.byte	0x3
 657 00cc 4D01     		.2byte	0x14d
 658 00ce 83020000 		.4byte	0x283
ARM GAS  C:\Users\BABEH_~1\AppData\Local\Temp\ccAprSQh.s 			page 17


 659 00d2 08       		.uleb128 0x8
 660 00d3 8B050000 		.4byte	.LASF18
 661 00d7 00       		.byte	0
 662 00d8 08       		.uleb128 0x8
 663 00d9 72020000 		.4byte	.LASF19
 664 00dd 01       		.byte	0x1
 665 00de 08       		.uleb128 0x8
 666 00df 52010000 		.4byte	.LASF20
 667 00e3 02       		.byte	0x2
 668 00e4 08       		.uleb128 0x8
 669 00e5 BC0B0000 		.4byte	.LASF21
 670 00e9 03       		.byte	0x3
 671 00ea 08       		.uleb128 0x8
 672 00eb 97010000 		.4byte	.LASF22
 673 00ef 04       		.byte	0x4
 674 00f0 08       		.uleb128 0x8
 675 00f1 23000000 		.4byte	.LASF23
 676 00f5 05       		.byte	0x5
 677 00f6 08       		.uleb128 0x8
 678 00f7 C0050000 		.4byte	.LASF24
 679 00fb 06       		.byte	0x6
 680 00fc 08       		.uleb128 0x8
 681 00fd 3A070000 		.4byte	.LASF25
 682 0101 20       		.byte	0x20
 683 0102 08       		.uleb128 0x8
 684 0103 AE020000 		.4byte	.LASF26
 685 0107 21       		.byte	0x21
 686 0108 08       		.uleb128 0x8
 687 0109 DE050000 		.4byte	.LASF27
 688 010d 22       		.byte	0x22
 689 010e 08       		.uleb128 0x8
 690 010f 960B0000 		.4byte	.LASF28
 691 0113 23       		.byte	0x23
 692 0114 08       		.uleb128 0x8
 693 0115 05090000 		.4byte	.LASF29
 694 0119 24       		.byte	0x24
 695 011a 08       		.uleb128 0x8
 696 011b 3F080000 		.4byte	.LASF30
 697 011f 25       		.byte	0x25
 698 0120 08       		.uleb128 0x8
 699 0121 53030000 		.4byte	.LASF31
 700 0125 26       		.byte	0x26
 701 0126 08       		.uleb128 0x8
 702 0127 02060000 		.4byte	.LASF32
 703 012b 27       		.byte	0x27
 704 012c 08       		.uleb128 0x8
 705 012d 200B0000 		.4byte	.LASF33
 706 0131 28       		.byte	0x28
 707 0132 08       		.uleb128 0x8
 708 0133 FA010000 		.4byte	.LASF34
 709 0137 29       		.byte	0x29
 710 0138 08       		.uleb128 0x8
 711 0139 91000000 		.4byte	.LASF35
 712 013d 2A       		.byte	0x2a
 713 013e 08       		.uleb128 0x8
 714 013f 85020000 		.4byte	.LASF36
 715 0143 2B       		.byte	0x2b
ARM GAS  C:\Users\BABEH_~1\AppData\Local\Temp\ccAprSQh.s 			page 18


 716 0144 08       		.uleb128 0x8
 717 0145 530D0000 		.4byte	.LASF37
 718 0149 2C       		.byte	0x2c
 719 014a 08       		.uleb128 0x8
 720 014b 17020000 		.4byte	.LASF38
 721 014f 2D       		.byte	0x2d
 722 0150 08       		.uleb128 0x8
 723 0151 E9090000 		.4byte	.LASF39
 724 0155 2E       		.byte	0x2e
 725 0156 08       		.uleb128 0x8
 726 0157 DB000000 		.4byte	.LASF40
 727 015b 2F       		.byte	0x2f
 728 015c 08       		.uleb128 0x8
 729 015d C7080000 		.4byte	.LASF41
 730 0161 30       		.byte	0x30
 731 0162 08       		.uleb128 0x8
 732 0163 BE0D0000 		.4byte	.LASF42
 733 0167 31       		.byte	0x31
 734 0168 08       		.uleb128 0x8
 735 0169 90080000 		.4byte	.LASF43
 736 016d 32       		.byte	0x32
 737 016e 08       		.uleb128 0x8
 738 016f D60A0000 		.4byte	.LASF44
 739 0173 33       		.byte	0x33
 740 0174 08       		.uleb128 0x8
 741 0175 E1040000 		.4byte	.LASF45
 742 0179 34       		.byte	0x34
 743 017a 08       		.uleb128 0x8
 744 017b E8080000 		.4byte	.LASF46
 745 017f 35       		.byte	0x35
 746 0180 08       		.uleb128 0x8
 747 0181 42060000 		.4byte	.LASF47
 748 0185 36       		.byte	0x36
 749 0186 08       		.uleb128 0x8
 750 0187 6C070000 		.4byte	.LASF48
 751 018b 37       		.byte	0x37
 752 018c 08       		.uleb128 0x8
 753 018d BC0A0000 		.4byte	.LASF49
 754 0191 40       		.byte	0x40
 755 0192 08       		.uleb128 0x8
 756 0193 FD060000 		.4byte	.LASF50
 757 0197 41       		.byte	0x41
 758 0198 08       		.uleb128 0x8
 759 0199 FE0D0000 		.4byte	.LASF51
 760 019d 42       		.byte	0x42
 761 019e 08       		.uleb128 0x8
 762 019f FD0B0000 		.4byte	.LASF52
 763 01a3 43       		.byte	0x43
 764 01a4 08       		.uleb128 0x8
 765 01a5 0D050000 		.4byte	.LASF53
 766 01a9 44       		.byte	0x44
 767 01aa 08       		.uleb128 0x8
 768 01ab 7F090000 		.4byte	.LASF54
 769 01af 45       		.byte	0x45
 770 01b0 08       		.uleb128 0x8
 771 01b1 BF070000 		.4byte	.LASF55
 772 01b5 46       		.byte	0x46
ARM GAS  C:\Users\BABEH_~1\AppData\Local\Temp\ccAprSQh.s 			page 19


 773 01b6 08       		.uleb128 0x8
 774 01b7 A2050000 		.4byte	.LASF56
 775 01bb 47       		.byte	0x47
 776 01bc 08       		.uleb128 0x8
 777 01bd 2C0D0000 		.4byte	.LASF57
 778 01c1 48       		.byte	0x48
 779 01c2 08       		.uleb128 0x8
 780 01c3 C5020000 		.4byte	.LASF58
 781 01c7 49       		.byte	0x49
 782 01c8 08       		.uleb128 0x8
 783 01c9 590C0000 		.4byte	.LASF59
 784 01cd 4A       		.byte	0x4a
 785 01ce 08       		.uleb128 0x8
 786 01cf 04010000 		.4byte	.LASF60
 787 01d3 4B       		.byte	0x4b
 788 01d4 08       		.uleb128 0x8
 789 01d5 28060000 		.4byte	.LASF61
 790 01d9 4C       		.byte	0x4c
 791 01da 08       		.uleb128 0x8
 792 01db 6A080000 		.4byte	.LASF62
 793 01df 4D       		.byte	0x4d
 794 01e0 08       		.uleb128 0x8
 795 01e1 ED020000 		.4byte	.LASF63
 796 01e5 4E       		.byte	0x4e
 797 01e6 08       		.uleb128 0x8
 798 01e7 5C0A0000 		.4byte	.LASF64
 799 01eb 4F       		.byte	0x4f
 800 01ec 08       		.uleb128 0x8
 801 01ed 23010000 		.4byte	.LASF65
 802 01f1 50       		.byte	0x50
 803 01f2 08       		.uleb128 0x8
 804 01f3 81030000 		.4byte	.LASF66
 805 01f7 51       		.byte	0x51
 806 01f8 08       		.uleb128 0x8
 807 01f9 21090000 		.4byte	.LASF67
 808 01fd 52       		.byte	0x52
 809 01fe 08       		.uleb128 0x8
 810 01ff 200A0000 		.4byte	.LASF68
 811 0203 53       		.byte	0x53
 812 0204 08       		.uleb128 0x8
 813 0205 9B0A0000 		.4byte	.LASF69
 814 0209 54       		.byte	0x54
 815 020a 08       		.uleb128 0x8
 816 020b 2B050000 		.4byte	.LASF70
 817 020f 55       		.byte	0x55
 818 0210 08       		.uleb128 0x8
 819 0211 49040000 		.4byte	.LASF71
 820 0215 56       		.byte	0x56
 821 0216 08       		.uleb128 0x8
 822 0217 420B0000 		.4byte	.LASF72
 823 021b 57       		.byte	0x57
 824 021c 08       		.uleb128 0x8
 825 021d 4F050000 		.4byte	.LASF73
 826 0221 58       		.byte	0x58
 827 0222 08       		.uleb128 0x8
 828 0223 E8030000 		.4byte	.LASF74
 829 0227 70       		.byte	0x70
ARM GAS  C:\Users\BABEH_~1\AppData\Local\Temp\ccAprSQh.s 			page 20


 830 0228 08       		.uleb128 0x8
 831 0229 800D0000 		.4byte	.LASF75
 832 022d 71       		.byte	0x71
 833 022e 08       		.uleb128 0x8
 834 022f 1E030000 		.4byte	.LASF76
 835 0233 72       		.byte	0x72
 836 0234 08       		.uleb128 0x8
 837 0235 A1070000 		.4byte	.LASF77
 838 0239 73       		.byte	0x73
 839 023a 08       		.uleb128 0x8
 840 023b 61090000 		.4byte	.LASF78
 841 023f 74       		.byte	0x74
 842 0240 08       		.uleb128 0x8
 843 0241 A7030000 		.4byte	.LASF79
 844 0245 75       		.byte	0x75
 845 0246 08       		.uleb128 0x8
 846 0247 BA000000 		.4byte	.LASF80
 847 024b 76       		.byte	0x76
 848 024c 08       		.uleb128 0x8
 849 024d 53000000 		.4byte	.LASF81
 850 0251 77       		.byte	0x77
 851 0252 08       		.uleb128 0x8
 852 0253 00000000 		.4byte	.LASF82
 853 0257 78       		.byte	0x78
 854 0258 08       		.uleb128 0x8
 855 0259 6B0B0000 		.4byte	.LASF83
 856 025d 79       		.byte	0x79
 857 025e 08       		.uleb128 0x8
 858 025f 15040000 		.4byte	.LASF84
 859 0263 7A       		.byte	0x7a
 860 0264 08       		.uleb128 0x8
 861 0265 AC010000 		.4byte	.LASF85
 862 0269 FA       		.byte	0xfa
 863 026a 08       		.uleb128 0x8
 864 026b 78040000 		.4byte	.LASF86
 865 026f FB       		.byte	0xfb
 866 0270 08       		.uleb128 0x8
 867 0271 410A0000 		.4byte	.LASF87
 868 0275 FC       		.byte	0xfc
 869 0276 08       		.uleb128 0x8
 870 0277 1C0E0000 		.4byte	.LASF88
 871 027b FD       		.byte	0xfd
 872 027c 08       		.uleb128 0x8
 873 027d CF030000 		.4byte	.LASF89
 874 0281 FF       		.byte	0xff
 875 0282 00       		.byte	0
 876 0283 07       		.uleb128 0x7
 877 0284 01       		.byte	0x1
 878 0285 2C000000 		.4byte	0x2c
 879 0289 03       		.byte	0x3
 880 028a 7504     		.2byte	0x475
 881 028c AF020000 		.4byte	0x2af
 882 0290 08       		.uleb128 0x8
 883 0291 AB0D0000 		.4byte	.LASF90
 884 0295 01       		.byte	0x1
 885 0296 08       		.uleb128 0x8
 886 0297 090B0000 		.4byte	.LASF91
ARM GAS  C:\Users\BABEH_~1\AppData\Local\Temp\ccAprSQh.s 			page 21


 887 029b 02       		.byte	0x2
 888 029c 08       		.uleb128 0x8
 889 029d 160D0000 		.4byte	.LASF92
 890 02a1 03       		.byte	0x3
 891 02a2 08       		.uleb128 0x8
 892 02a3 B1080000 		.4byte	.LASF93
 893 02a7 04       		.byte	0x4
 894 02a8 08       		.uleb128 0x8
 895 02a9 F9040000 		.4byte	.LASF94
 896 02ad FF       		.byte	0xff
 897 02ae 00       		.byte	0
 898 02af 04       		.uleb128 0x4
 899 02b0 42010000 		.4byte	.LASF95
 900 02b4 03       		.byte	0x3
 901 02b5 9104     		.2byte	0x491
 902 02b7 83020000 		.4byte	0x283
 903 02bb 07       		.uleb128 0x7
 904 02bc 01       		.byte	0x1
 905 02bd 2C000000 		.4byte	0x2c
 906 02c1 03       		.byte	0x3
 907 02c2 9504     		.2byte	0x495
 908 02c4 F9020000 		.4byte	0x2f9
 909 02c8 08       		.uleb128 0x8
 910 02c9 E1010000 		.4byte	.LASF96
 911 02cd 01       		.byte	0x1
 912 02ce 08       		.uleb128 0x8
 913 02cf DF0B0000 		.4byte	.LASF97
 914 02d3 02       		.byte	0x2
 915 02d4 08       		.uleb128 0x8
 916 02d5 B7090000 		.4byte	.LASF98
 917 02d9 03       		.byte	0x3
 918 02da 08       		.uleb128 0x8
 919 02db 320C0000 		.4byte	.LASF99
 920 02df 04       		.byte	0x4
 921 02e0 08       		.uleb128 0x8
 922 02e1 E30C0000 		.4byte	.LASF100
 923 02e5 05       		.byte	0x5
 924 02e6 08       		.uleb128 0x8
 925 02e7 B3040000 		.4byte	.LASF101
 926 02eb 06       		.byte	0x6
 927 02ec 08       		.uleb128 0x8
 928 02ed 1E070000 		.4byte	.LASF102
 929 02f1 07       		.byte	0x7
 930 02f2 08       		.uleb128 0x8
 931 02f3 7B0A0000 		.4byte	.LASF103
 932 02f7 FF       		.byte	0xff
 933 02f8 00       		.byte	0
 934 02f9 09       		.uleb128 0x9
 935 02fa 04       		.byte	0x4
 936 02fb 6B000000 		.4byte	0x6b
 937 02ff 04       		.uleb128 0x4
 938 0300 E20D0000 		.4byte	.LASF104
 939 0304 04       		.byte	0x4
 940 0305 8901     		.2byte	0x189
 941 0307 77000000 		.4byte	0x77
 942 030b 0A       		.uleb128 0xa
 943 030c 02       		.byte	0x2
ARM GAS  C:\Users\BABEH_~1\AppData\Local\Temp\ccAprSQh.s 			page 22


 944 030d 04       		.byte	0x4
 945 030e 9301     		.2byte	0x193
 946 0310 2F030000 		.4byte	0x32f
 947 0314 0B       		.uleb128 0xb
 948 0315 770D0000 		.4byte	.LASF105
 949 0319 04       		.byte	0x4
 950 031a 9A01     		.2byte	0x19a
 951 031c 6B000000 		.4byte	0x6b
 952 0320 00       		.byte	0
 953 0321 0B       		.uleb128 0xb
 954 0322 18070000 		.4byte	.LASF106
 955 0326 04       		.byte	0x4
 956 0327 A001     		.2byte	0x1a0
 957 0329 6B000000 		.4byte	0x6b
 958 032d 01       		.byte	0x1
 959 032e 00       		.byte	0
 960 032f 04       		.uleb128 0x4
 961 0330 72000000 		.4byte	.LASF107
 962 0334 04       		.byte	0x4
 963 0335 A201     		.2byte	0x1a2
 964 0337 0B030000 		.4byte	0x30b
 965 033b 0A       		.uleb128 0xa
 966 033c 08       		.byte	0x8
 967 033d 04       		.byte	0x4
 968 033e BE01     		.2byte	0x1be
 969 0340 6C030000 		.4byte	0x36c
 970 0344 0C       		.uleb128 0xc
 971 0345 76616C00 		.ascii	"val\000"
 972 0349 04       		.byte	0x4
 973 034a C101     		.2byte	0x1c1
 974 034c F9020000 		.4byte	0x2f9
 975 0350 00       		.byte	0
 976 0351 0C       		.uleb128 0xc
 977 0352 6C656E00 		.ascii	"len\000"
 978 0356 04       		.byte	0x4
 979 0357 C401     		.2byte	0x1c4
 980 0359 77000000 		.4byte	0x77
 981 035d 04       		.byte	0x4
 982 035e 0B       		.uleb128 0xb
 983 035f A4020000 		.4byte	.LASF108
 984 0363 04       		.byte	0x4
 985 0364 CB01     		.2byte	0x1cb
 986 0366 77000000 		.4byte	0x77
 987 036a 06       		.byte	0x6
 988 036b 00       		.byte	0
 989 036c 04       		.uleb128 0x4
 990 036d 84010000 		.4byte	.LASF109
 991 0371 04       		.byte	0x4
 992 0372 CD01     		.2byte	0x1cd
 993 0374 3B030000 		.4byte	0x33b
 994 0378 0A       		.uleb128 0xa
 995 0379 0C       		.byte	0xc
 996 037a 04       		.byte	0x4
 997 037b D001     		.2byte	0x1d0
 998 037d 9C030000 		.4byte	0x39c
 999 0381 0B       		.uleb128 0xb
 1000 0382 950A0000 		.4byte	.LASF110
ARM GAS  C:\Users\BABEH_~1\AppData\Local\Temp\ccAprSQh.s 			page 23


 1001 0386 04       		.byte	0x4
 1002 0387 D301     		.2byte	0x1d3
 1003 0389 6C030000 		.4byte	0x36c
 1004 038d 00       		.byte	0
 1005 038e 0B       		.uleb128 0xb
 1006 038f 39040000 		.4byte	.LASF111
 1007 0393 04       		.byte	0x4
 1008 0394 D601     		.2byte	0x1d6
 1009 0396 FF020000 		.4byte	0x2ff
 1010 039a 08       		.byte	0x8
 1011 039b 00       		.byte	0
 1012 039c 04       		.uleb128 0x4
 1013 039d 42090000 		.4byte	.LASF112
 1014 03a1 04       		.byte	0x4
 1015 03a2 D801     		.2byte	0x1d8
 1016 03a4 78030000 		.4byte	0x378
 1017 03a8 0D       		.uleb128 0xd
 1018 03a9 07080000 		.4byte	.LASF113
 1019 03ad 05       		.byte	0x5
 1020 03ae 34       		.byte	0x34
 1021 03af 9C030000 		.4byte	0x39c
 1022 03b3 0E       		.uleb128 0xe
 1023 03b4 10       		.byte	0x10
 1024 03b5 05       		.byte	0x5
 1025 03b6 8A       		.byte	0x8a
 1026 03b7 D4030000 		.4byte	0x3d4
 1027 03bb 0F       		.uleb128 0xf
 1028 03bc 86000000 		.4byte	.LASF114
 1029 03c0 05       		.byte	0x5
 1030 03c1 8D       		.byte	0x8d
 1031 03c2 2F030000 		.4byte	0x32f
 1032 03c6 00       		.byte	0
 1033 03c7 0F       		.uleb128 0xf
 1034 03c8 5E070000 		.4byte	.LASF115
 1035 03cc 05       		.byte	0x5
 1036 03cd 90       		.byte	0x90
 1037 03ce 9C030000 		.4byte	0x39c
 1038 03d2 04       		.byte	0x4
 1039 03d3 00       		.byte	0
 1040 03d4 0D       		.uleb128 0xd
 1041 03d5 E9070000 		.4byte	.LASF116
 1042 03d9 05       		.byte	0x5
 1043 03da 92       		.byte	0x92
 1044 03db B3030000 		.4byte	0x3b3
 1045 03df 07       		.uleb128 0x7
 1046 03e0 01       		.byte	0x1
 1047 03e1 2C000000 		.4byte	0x2c
 1048 03e5 06       		.byte	0x6
 1049 03e6 5008     		.2byte	0x850
 1050 03e8 0B040000 		.4byte	0x40b
 1051 03ec 08       		.uleb128 0x8
 1052 03ed 3F000000 		.4byte	.LASF117
 1053 03f1 00       		.byte	0
 1054 03f2 08       		.uleb128 0x8
 1055 03f3 26080000 		.4byte	.LASF118
 1056 03f7 01       		.byte	0x1
 1057 03f8 08       		.uleb128 0x8
ARM GAS  C:\Users\BABEH_~1\AppData\Local\Temp\ccAprSQh.s 			page 24


 1058 03f9 000D0000 		.4byte	.LASF119
 1059 03fd 02       		.byte	0x2
 1060 03fe 08       		.uleb128 0x8
 1061 03ff 40020000 		.4byte	.LASF120
 1062 0403 03       		.byte	0x3
 1063 0404 08       		.uleb128 0x8
 1064 0405 3A030000 		.4byte	.LASF121
 1065 0409 04       		.byte	0x4
 1066 040a 00       		.byte	0
 1067 040b 04       		.uleb128 0x4
 1068 040c 4B0C0000 		.4byte	.LASF122
 1069 0410 06       		.byte	0x6
 1070 0411 5E08     		.2byte	0x85e
 1071 0413 DF030000 		.4byte	0x3df
 1072 0417 10       		.uleb128 0x10
 1073 0418 97040000 		.4byte	.LASF143
 1074 041c 01       		.byte	0x1
 1075 041d 22       		.byte	0x22
 1076 041e 00000000 		.4byte	.LFB36
 1077 0422 40000000 		.4byte	.LFE36-.LFB36
 1078 0426 01       		.uleb128 0x1
 1079 0427 9C       		.byte	0x9c
 1080 0428 3B040000 		.4byte	0x43b
 1081 042c 11       		.uleb128 0x11
 1082 042d AC090000 		.4byte	.LASF128
 1083 0431 01       		.byte	0x1
 1084 0432 26       		.byte	0x26
 1085 0433 A8030000 		.4byte	0x3a8
 1086 0437 02       		.uleb128 0x2
 1087 0438 91       		.byte	0x91
 1088 0439 6C       		.sleb128 -20
 1089 043a 00       		.byte	0
 1090 043b 12       		.uleb128 0x12
 1091 043c 0B030000 		.4byte	.LASF144
 1092 0440 01       		.byte	0x1
 1093 0441 2D       		.byte	0x2d
 1094 0442 00000000 		.4byte	.LFB37
 1095 0446 90000000 		.4byte	.LFE37-.LFB37
 1096 044a 01       		.uleb128 0x1
 1097 044b 9C       		.byte	0x9c
 1098 044c 13       		.uleb128 0x13
 1099 044d DE020000 		.4byte	.LASF123
 1100 0451 01       		.byte	0x1
 1101 0452 45       		.byte	0x45
 1102 0453 00000000 		.4byte	.LFB38
 1103 0457 74000000 		.4byte	.LFE38-.LFB38
 1104 045b 01       		.uleb128 0x1
 1105 045c 9C       		.byte	0x9c
 1106 045d 70040000 		.4byte	0x470
 1107 0461 14       		.uleb128 0x14
 1108 0462 44040000 		.4byte	.LASF125
 1109 0466 01       		.byte	0x1
 1110 0467 45       		.byte	0x45
 1111 0468 5D000000 		.4byte	0x5d
 1112 046c 02       		.uleb128 0x2
 1113 046d 91       		.byte	0x91
 1114 046e 6C       		.sleb128 -20
ARM GAS  C:\Users\BABEH_~1\AppData\Local\Temp\ccAprSQh.s 			page 25


 1115 046f 00       		.byte	0
 1116 0470 13       		.uleb128 0x13
 1117 0471 84080000 		.4byte	.LASF124
 1118 0475 01       		.byte	0x1
 1119 0476 5D       		.byte	0x5d
 1120 0477 00000000 		.4byte	.LFB39
 1121 047b 80000000 		.4byte	.LFE39-.LFB39
 1122 047f 01       		.uleb128 0x1
 1123 0480 9C       		.byte	0x9c
 1124 0481 B0040000 		.4byte	0x4b0
 1125 0485 14       		.uleb128 0x14
 1126 0486 72050000 		.4byte	.LASF126
 1127 048a 01       		.byte	0x1
 1128 048b 5D       		.byte	0x5d
 1129 048c 83000000 		.4byte	0x83
 1130 0490 02       		.uleb128 0x2
 1131 0491 91       		.byte	0x91
 1132 0492 6C       		.sleb128 -20
 1133 0493 14       		.uleb128 0x14
 1134 0494 1B0C0000 		.4byte	.LASF127
 1135 0498 01       		.byte	0x1
 1136 0499 5D       		.byte	0x5d
 1137 049a C3000000 		.4byte	0xc3
 1138 049e 02       		.uleb128 0x2
 1139 049f 91       		.byte	0x91
 1140 04a0 68       		.sleb128 -24
 1141 04a1 11       		.uleb128 0x11
 1142 04a2 DD030000 		.4byte	.LASF129
 1143 04a6 01       		.byte	0x1
 1144 04a7 5F       		.byte	0x5f
 1145 04a8 B0040000 		.4byte	0x4b0
 1146 04ac 02       		.uleb128 0x2
 1147 04ad 91       		.byte	0x91
 1148 04ae 74       		.sleb128 -12
 1149 04af 00       		.byte	0
 1150 04b0 09       		.uleb128 0x9
 1151 04b1 04       		.byte	0x4
 1152 04b2 D4030000 		.4byte	0x3d4
 1153 04b6 15       		.uleb128 0x15
 1154 04b7 CA010000 		.4byte	.LASF145
 1155 04bb 01       		.byte	0x1
 1156 04bc 94       		.byte	0x94
 1157 04bd 00000000 		.4byte	.LFB40
 1158 04c1 68000000 		.4byte	.LFE40-.LFB40
 1159 04c5 01       		.uleb128 0x1
 1160 04c6 9C       		.byte	0x9c
 1161 04c7 E8040000 		.4byte	0x4e8
 1162 04cb 11       		.uleb128 0x11
 1163 04cc 8E0B0000 		.4byte	.LASF130
 1164 04d0 01       		.byte	0x1
 1165 04d1 96       		.byte	0x96
 1166 04d2 AF020000 		.4byte	0x2af
 1167 04d6 02       		.uleb128 0x2
 1168 04d7 91       		.byte	0x91
 1169 04d8 6F       		.sleb128 -17
 1170 04d9 11       		.uleb128 0x11
 1171 04da 340E0000 		.4byte	.LASF131
ARM GAS  C:\Users\BABEH_~1\AppData\Local\Temp\ccAprSQh.s 			page 26


 1172 04de 01       		.byte	0x1
 1173 04df 97       		.byte	0x97
 1174 04e0 6B000000 		.4byte	0x6b
 1175 04e4 02       		.uleb128 0x2
 1176 04e5 91       		.byte	0x91
 1177 04e6 6E       		.sleb128 -18
 1178 04e7 00       		.byte	0
 1179 04e8 16       		.uleb128 0x16
 1180 04e9 A60D0000 		.4byte	.LASF146
 1181 04ed 01       		.byte	0x1
 1182 04ee D4       		.byte	0xd4
 1183 04ef 5D000000 		.4byte	0x5d
 1184 04f3 00000000 		.4byte	.LFB41
 1185 04f7 34000000 		.4byte	.LFE41-.LFB41
 1186 04fb 01       		.uleb128 0x1
 1187 04fc 9C       		.byte	0x9c
 1188 04fd 17       		.uleb128 0x17
 1189 04fe 63060000 		.4byte	.LASF132
 1190 0502 06       		.byte	0x6
 1191 0503 A90A     		.2byte	0xaa9
 1192 0505 0B040000 		.4byte	0x40b
 1193 0509 17       		.uleb128 0x17
 1194 050a 59080000 		.4byte	.LASF133
 1195 050e 06       		.byte	0x6
 1196 050f AA0A     		.2byte	0xaaa
 1197 0511 2F030000 		.4byte	0x32f
 1198 0515 18       		.uleb128 0x18
 1199 0516 A9040000 		.4byte	.LASF134
 1200 051a 01       		.byte	0x1
 1201 051b 19       		.byte	0x19
 1202 051c B0000000 		.4byte	0xb0
 1203 0520 05       		.uleb128 0x5
 1204 0521 03       		.byte	0x3
 1205 0522 00000000 		.4byte	mainTimer
 1206 0526 18       		.uleb128 0x18
 1207 0527 D50B0000 		.4byte	.LASF135
 1208 052b 01       		.byte	0x1
 1209 052c 17       		.byte	0x17
 1210 052d 6B000000 		.4byte	0x6b
 1211 0531 05       		.uleb128 0x5
 1212 0532 03       		.byte	0x3
 1213 0533 00000000 		.4byte	busStatus
 1214 0537 18       		.uleb128 0x18
 1215 0538 170A0000 		.4byte	.LASF136
 1216 053c 01       		.byte	0x1
 1217 053d 1B       		.byte	0x1b
 1218 053e 48050000 		.4byte	0x548
 1219 0542 05       		.uleb128 0x5
 1220 0543 03       		.byte	0x3
 1221 0544 00000000 		.4byte	TEMP_MAX
 1222 0548 19       		.uleb128 0x19
 1223 0549 A2000000 		.4byte	0xa2
 1224 054d 18       		.uleb128 0x18
 1225 054e 530A0000 		.4byte	.LASF137
 1226 0552 01       		.byte	0x1
 1227 0553 1C       		.byte	0x1c
 1228 0554 48050000 		.4byte	0x548
ARM GAS  C:\Users\BABEH_~1\AppData\Local\Temp\ccAprSQh.s 			page 27


 1229 0558 05       		.uleb128 0x5
 1230 0559 03       		.byte	0x3
 1231 055a 00000000 		.4byte	TEMP_MIN
 1232 055e 18       		.uleb128 0x18
 1233 055f DD090000 		.4byte	.LASF138
 1234 0563 01       		.byte	0x1
 1235 0564 1E       		.byte	0x1e
 1236 0565 5D000000 		.4byte	0x5d
 1237 0569 05       		.uleb128 0x5
 1238 056a 03       		.byte	0x3
 1239 056b 00000000 		.4byte	currentTemp
 1240 056f 18       		.uleb128 0x18
 1241 0570 260C0000 		.4byte	.LASF139
 1242 0574 01       		.byte	0x1
 1243 0575 1F       		.byte	0x1f
 1244 0576 5D000000 		.4byte	0x5d
 1245 057a 05       		.uleb128 0x5
 1246 057b 03       		.byte	0x3
 1247 057c 00000000 		.4byte	desiredTemp
 1248 0580 00       		.byte	0
 1249              		.section	.debug_abbrev,"",%progbits
 1250              	.Ldebug_abbrev0:
 1251 0000 01       		.uleb128 0x1
 1252 0001 11       		.uleb128 0x11
 1253 0002 01       		.byte	0x1
 1254 0003 25       		.uleb128 0x25
 1255 0004 0E       		.uleb128 0xe
 1256 0005 13       		.uleb128 0x13
 1257 0006 0B       		.uleb128 0xb
 1258 0007 03       		.uleb128 0x3
 1259 0008 0E       		.uleb128 0xe
 1260 0009 1B       		.uleb128 0x1b
 1261 000a 0E       		.uleb128 0xe
 1262 000b 55       		.uleb128 0x55
 1263 000c 17       		.uleb128 0x17
 1264 000d 11       		.uleb128 0x11
 1265 000e 01       		.uleb128 0x1
 1266 000f 10       		.uleb128 0x10
 1267 0010 17       		.uleb128 0x17
 1268 0011 00       		.byte	0
 1269 0012 00       		.byte	0
 1270 0013 02       		.uleb128 0x2
 1271 0014 24       		.uleb128 0x24
 1272 0015 00       		.byte	0
 1273 0016 0B       		.uleb128 0xb
 1274 0017 0B       		.uleb128 0xb
 1275 0018 3E       		.uleb128 0x3e
 1276 0019 0B       		.uleb128 0xb
 1277 001a 03       		.uleb128 0x3
 1278 001b 0E       		.uleb128 0xe
 1279 001c 00       		.byte	0
 1280 001d 00       		.byte	0
 1281 001e 03       		.uleb128 0x3
 1282 001f 24       		.uleb128 0x24
 1283 0020 00       		.byte	0
 1284 0021 0B       		.uleb128 0xb
 1285 0022 0B       		.uleb128 0xb
ARM GAS  C:\Users\BABEH_~1\AppData\Local\Temp\ccAprSQh.s 			page 28


 1286 0023 3E       		.uleb128 0x3e
 1287 0024 0B       		.uleb128 0xb
 1288 0025 03       		.uleb128 0x3
 1289 0026 08       		.uleb128 0x8
 1290 0027 00       		.byte	0
 1291 0028 00       		.byte	0
 1292 0029 04       		.uleb128 0x4
 1293 002a 16       		.uleb128 0x16
 1294 002b 00       		.byte	0
 1295 002c 03       		.uleb128 0x3
 1296 002d 0E       		.uleb128 0xe
 1297 002e 3A       		.uleb128 0x3a
 1298 002f 0B       		.uleb128 0xb
 1299 0030 3B       		.uleb128 0x3b
 1300 0031 05       		.uleb128 0x5
 1301 0032 49       		.uleb128 0x49
 1302 0033 13       		.uleb128 0x13
 1303 0034 00       		.byte	0
 1304 0035 00       		.byte	0
 1305 0036 05       		.uleb128 0x5
 1306 0037 35       		.uleb128 0x35
 1307 0038 00       		.byte	0
 1308 0039 49       		.uleb128 0x49
 1309 003a 13       		.uleb128 0x13
 1310 003b 00       		.byte	0
 1311 003c 00       		.byte	0
 1312 003d 06       		.uleb128 0x6
 1313 003e 0F       		.uleb128 0xf
 1314 003f 00       		.byte	0
 1315 0040 0B       		.uleb128 0xb
 1316 0041 0B       		.uleb128 0xb
 1317 0042 00       		.byte	0
 1318 0043 00       		.byte	0
 1319 0044 07       		.uleb128 0x7
 1320 0045 04       		.uleb128 0x4
 1321 0046 01       		.byte	0x1
 1322 0047 0B       		.uleb128 0xb
 1323 0048 0B       		.uleb128 0xb
 1324 0049 49       		.uleb128 0x49
 1325 004a 13       		.uleb128 0x13
 1326 004b 3A       		.uleb128 0x3a
 1327 004c 0B       		.uleb128 0xb
 1328 004d 3B       		.uleb128 0x3b
 1329 004e 05       		.uleb128 0x5
 1330 004f 01       		.uleb128 0x1
 1331 0050 13       		.uleb128 0x13
 1332 0051 00       		.byte	0
 1333 0052 00       		.byte	0
 1334 0053 08       		.uleb128 0x8
 1335 0054 28       		.uleb128 0x28
 1336 0055 00       		.byte	0
 1337 0056 03       		.uleb128 0x3
 1338 0057 0E       		.uleb128 0xe
 1339 0058 1C       		.uleb128 0x1c
 1340 0059 0B       		.uleb128 0xb
 1341 005a 00       		.byte	0
 1342 005b 00       		.byte	0
ARM GAS  C:\Users\BABEH_~1\AppData\Local\Temp\ccAprSQh.s 			page 29


 1343 005c 09       		.uleb128 0x9
 1344 005d 0F       		.uleb128 0xf
 1345 005e 00       		.byte	0
 1346 005f 0B       		.uleb128 0xb
 1347 0060 0B       		.uleb128 0xb
 1348 0061 49       		.uleb128 0x49
 1349 0062 13       		.uleb128 0x13
 1350 0063 00       		.byte	0
 1351 0064 00       		.byte	0
 1352 0065 0A       		.uleb128 0xa
 1353 0066 13       		.uleb128 0x13
 1354 0067 01       		.byte	0x1
 1355 0068 0B       		.uleb128 0xb
 1356 0069 0B       		.uleb128 0xb
 1357 006a 3A       		.uleb128 0x3a
 1358 006b 0B       		.uleb128 0xb
 1359 006c 3B       		.uleb128 0x3b
 1360 006d 05       		.uleb128 0x5
 1361 006e 01       		.uleb128 0x1
 1362 006f 13       		.uleb128 0x13
 1363 0070 00       		.byte	0
 1364 0071 00       		.byte	0
 1365 0072 0B       		.uleb128 0xb
 1366 0073 0D       		.uleb128 0xd
 1367 0074 00       		.byte	0
 1368 0075 03       		.uleb128 0x3
 1369 0076 0E       		.uleb128 0xe
 1370 0077 3A       		.uleb128 0x3a
 1371 0078 0B       		.uleb128 0xb
 1372 0079 3B       		.uleb128 0x3b
 1373 007a 05       		.uleb128 0x5
 1374 007b 49       		.uleb128 0x49
 1375 007c 13       		.uleb128 0x13
 1376 007d 38       		.uleb128 0x38
 1377 007e 0B       		.uleb128 0xb
 1378 007f 00       		.byte	0
 1379 0080 00       		.byte	0
 1380 0081 0C       		.uleb128 0xc
 1381 0082 0D       		.uleb128 0xd
 1382 0083 00       		.byte	0
 1383 0084 03       		.uleb128 0x3
 1384 0085 08       		.uleb128 0x8
 1385 0086 3A       		.uleb128 0x3a
 1386 0087 0B       		.uleb128 0xb
 1387 0088 3B       		.uleb128 0x3b
 1388 0089 05       		.uleb128 0x5
 1389 008a 49       		.uleb128 0x49
 1390 008b 13       		.uleb128 0x13
 1391 008c 38       		.uleb128 0x38
 1392 008d 0B       		.uleb128 0xb
 1393 008e 00       		.byte	0
 1394 008f 00       		.byte	0
 1395 0090 0D       		.uleb128 0xd
 1396 0091 16       		.uleb128 0x16
 1397 0092 00       		.byte	0
 1398 0093 03       		.uleb128 0x3
 1399 0094 0E       		.uleb128 0xe
ARM GAS  C:\Users\BABEH_~1\AppData\Local\Temp\ccAprSQh.s 			page 30


 1400 0095 3A       		.uleb128 0x3a
 1401 0096 0B       		.uleb128 0xb
 1402 0097 3B       		.uleb128 0x3b
 1403 0098 0B       		.uleb128 0xb
 1404 0099 49       		.uleb128 0x49
 1405 009a 13       		.uleb128 0x13
 1406 009b 00       		.byte	0
 1407 009c 00       		.byte	0
 1408 009d 0E       		.uleb128 0xe
 1409 009e 13       		.uleb128 0x13
 1410 009f 01       		.byte	0x1
 1411 00a0 0B       		.uleb128 0xb
 1412 00a1 0B       		.uleb128 0xb
 1413 00a2 3A       		.uleb128 0x3a
 1414 00a3 0B       		.uleb128 0xb
 1415 00a4 3B       		.uleb128 0x3b
 1416 00a5 0B       		.uleb128 0xb
 1417 00a6 01       		.uleb128 0x1
 1418 00a7 13       		.uleb128 0x13
 1419 00a8 00       		.byte	0
 1420 00a9 00       		.byte	0
 1421 00aa 0F       		.uleb128 0xf
 1422 00ab 0D       		.uleb128 0xd
 1423 00ac 00       		.byte	0
 1424 00ad 03       		.uleb128 0x3
 1425 00ae 0E       		.uleb128 0xe
 1426 00af 3A       		.uleb128 0x3a
 1427 00b0 0B       		.uleb128 0xb
 1428 00b1 3B       		.uleb128 0x3b
 1429 00b2 0B       		.uleb128 0xb
 1430 00b3 49       		.uleb128 0x49
 1431 00b4 13       		.uleb128 0x13
 1432 00b5 38       		.uleb128 0x38
 1433 00b6 0B       		.uleb128 0xb
 1434 00b7 00       		.byte	0
 1435 00b8 00       		.byte	0
 1436 00b9 10       		.uleb128 0x10
 1437 00ba 2E       		.uleb128 0x2e
 1438 00bb 01       		.byte	0x1
 1439 00bc 3F       		.uleb128 0x3f
 1440 00bd 19       		.uleb128 0x19
 1441 00be 03       		.uleb128 0x3
 1442 00bf 0E       		.uleb128 0xe
 1443 00c0 3A       		.uleb128 0x3a
 1444 00c1 0B       		.uleb128 0xb
 1445 00c2 3B       		.uleb128 0x3b
 1446 00c3 0B       		.uleb128 0xb
 1447 00c4 11       		.uleb128 0x11
 1448 00c5 01       		.uleb128 0x1
 1449 00c6 12       		.uleb128 0x12
 1450 00c7 06       		.uleb128 0x6
 1451 00c8 40       		.uleb128 0x40
 1452 00c9 18       		.uleb128 0x18
 1453 00ca 9642     		.uleb128 0x2116
 1454 00cc 19       		.uleb128 0x19
 1455 00cd 01       		.uleb128 0x1
 1456 00ce 13       		.uleb128 0x13
ARM GAS  C:\Users\BABEH_~1\AppData\Local\Temp\ccAprSQh.s 			page 31


 1457 00cf 00       		.byte	0
 1458 00d0 00       		.byte	0
 1459 00d1 11       		.uleb128 0x11
 1460 00d2 34       		.uleb128 0x34
 1461 00d3 00       		.byte	0
 1462 00d4 03       		.uleb128 0x3
 1463 00d5 0E       		.uleb128 0xe
 1464 00d6 3A       		.uleb128 0x3a
 1465 00d7 0B       		.uleb128 0xb
 1466 00d8 3B       		.uleb128 0x3b
 1467 00d9 0B       		.uleb128 0xb
 1468 00da 49       		.uleb128 0x49
 1469 00db 13       		.uleb128 0x13
 1470 00dc 02       		.uleb128 0x2
 1471 00dd 18       		.uleb128 0x18
 1472 00de 00       		.byte	0
 1473 00df 00       		.byte	0
 1474 00e0 12       		.uleb128 0x12
 1475 00e1 2E       		.uleb128 0x2e
 1476 00e2 00       		.byte	0
 1477 00e3 3F       		.uleb128 0x3f
 1478 00e4 19       		.uleb128 0x19
 1479 00e5 03       		.uleb128 0x3
 1480 00e6 0E       		.uleb128 0xe
 1481 00e7 3A       		.uleb128 0x3a
 1482 00e8 0B       		.uleb128 0xb
 1483 00e9 3B       		.uleb128 0x3b
 1484 00ea 0B       		.uleb128 0xb
 1485 00eb 11       		.uleb128 0x11
 1486 00ec 01       		.uleb128 0x1
 1487 00ed 12       		.uleb128 0x12
 1488 00ee 06       		.uleb128 0x6
 1489 00ef 40       		.uleb128 0x40
 1490 00f0 18       		.uleb128 0x18
 1491 00f1 9642     		.uleb128 0x2116
 1492 00f3 19       		.uleb128 0x19
 1493 00f4 00       		.byte	0
 1494 00f5 00       		.byte	0
 1495 00f6 13       		.uleb128 0x13
 1496 00f7 2E       		.uleb128 0x2e
 1497 00f8 01       		.byte	0x1
 1498 00f9 3F       		.uleb128 0x3f
 1499 00fa 19       		.uleb128 0x19
 1500 00fb 03       		.uleb128 0x3
 1501 00fc 0E       		.uleb128 0xe
 1502 00fd 3A       		.uleb128 0x3a
 1503 00fe 0B       		.uleb128 0xb
 1504 00ff 3B       		.uleb128 0x3b
 1505 0100 0B       		.uleb128 0xb
 1506 0101 27       		.uleb128 0x27
 1507 0102 19       		.uleb128 0x19
 1508 0103 11       		.uleb128 0x11
 1509 0104 01       		.uleb128 0x1
 1510 0105 12       		.uleb128 0x12
 1511 0106 06       		.uleb128 0x6
 1512 0107 40       		.uleb128 0x40
 1513 0108 18       		.uleb128 0x18
ARM GAS  C:\Users\BABEH_~1\AppData\Local\Temp\ccAprSQh.s 			page 32


 1514 0109 9642     		.uleb128 0x2116
 1515 010b 19       		.uleb128 0x19
 1516 010c 01       		.uleb128 0x1
 1517 010d 13       		.uleb128 0x13
 1518 010e 00       		.byte	0
 1519 010f 00       		.byte	0
 1520 0110 14       		.uleb128 0x14
 1521 0111 05       		.uleb128 0x5
 1522 0112 00       		.byte	0
 1523 0113 03       		.uleb128 0x3
 1524 0114 0E       		.uleb128 0xe
 1525 0115 3A       		.uleb128 0x3a
 1526 0116 0B       		.uleb128 0xb
 1527 0117 3B       		.uleb128 0x3b
 1528 0118 0B       		.uleb128 0xb
 1529 0119 49       		.uleb128 0x49
 1530 011a 13       		.uleb128 0x13
 1531 011b 02       		.uleb128 0x2
 1532 011c 18       		.uleb128 0x18
 1533 011d 00       		.byte	0
 1534 011e 00       		.byte	0
 1535 011f 15       		.uleb128 0x15
 1536 0120 2E       		.uleb128 0x2e
 1537 0121 01       		.byte	0x1
 1538 0122 03       		.uleb128 0x3
 1539 0123 0E       		.uleb128 0xe
 1540 0124 3A       		.uleb128 0x3a
 1541 0125 0B       		.uleb128 0xb
 1542 0126 3B       		.uleb128 0x3b
 1543 0127 0B       		.uleb128 0xb
 1544 0128 27       		.uleb128 0x27
 1545 0129 19       		.uleb128 0x19
 1546 012a 11       		.uleb128 0x11
 1547 012b 01       		.uleb128 0x1
 1548 012c 12       		.uleb128 0x12
 1549 012d 06       		.uleb128 0x6
 1550 012e 40       		.uleb128 0x40
 1551 012f 18       		.uleb128 0x18
 1552 0130 9642     		.uleb128 0x2116
 1553 0132 19       		.uleb128 0x19
 1554 0133 01       		.uleb128 0x1
 1555 0134 13       		.uleb128 0x13
 1556 0135 00       		.byte	0
 1557 0136 00       		.byte	0
 1558 0137 16       		.uleb128 0x16
 1559 0138 2E       		.uleb128 0x2e
 1560 0139 00       		.byte	0
 1561 013a 3F       		.uleb128 0x3f
 1562 013b 19       		.uleb128 0x19
 1563 013c 03       		.uleb128 0x3
 1564 013d 0E       		.uleb128 0xe
 1565 013e 3A       		.uleb128 0x3a
 1566 013f 0B       		.uleb128 0xb
 1567 0140 3B       		.uleb128 0x3b
 1568 0141 0B       		.uleb128 0xb
 1569 0142 49       		.uleb128 0x49
 1570 0143 13       		.uleb128 0x13
ARM GAS  C:\Users\BABEH_~1\AppData\Local\Temp\ccAprSQh.s 			page 33


 1571 0144 11       		.uleb128 0x11
 1572 0145 01       		.uleb128 0x1
 1573 0146 12       		.uleb128 0x12
 1574 0147 06       		.uleb128 0x6
 1575 0148 40       		.uleb128 0x40
 1576 0149 18       		.uleb128 0x18
 1577 014a 9642     		.uleb128 0x2116
 1578 014c 19       		.uleb128 0x19
 1579 014d 00       		.byte	0
 1580 014e 00       		.byte	0
 1581 014f 17       		.uleb128 0x17
 1582 0150 34       		.uleb128 0x34
 1583 0151 00       		.byte	0
 1584 0152 03       		.uleb128 0x3
 1585 0153 0E       		.uleb128 0xe
 1586 0154 3A       		.uleb128 0x3a
 1587 0155 0B       		.uleb128 0xb
 1588 0156 3B       		.uleb128 0x3b
 1589 0157 05       		.uleb128 0x5
 1590 0158 49       		.uleb128 0x49
 1591 0159 13       		.uleb128 0x13
 1592 015a 3F       		.uleb128 0x3f
 1593 015b 19       		.uleb128 0x19
 1594 015c 3C       		.uleb128 0x3c
 1595 015d 19       		.uleb128 0x19
 1596 015e 00       		.byte	0
 1597 015f 00       		.byte	0
 1598 0160 18       		.uleb128 0x18
 1599 0161 34       		.uleb128 0x34
 1600 0162 00       		.byte	0
 1601 0163 03       		.uleb128 0x3
 1602 0164 0E       		.uleb128 0xe
 1603 0165 3A       		.uleb128 0x3a
 1604 0166 0B       		.uleb128 0xb
 1605 0167 3B       		.uleb128 0x3b
 1606 0168 0B       		.uleb128 0xb
 1607 0169 49       		.uleb128 0x49
 1608 016a 13       		.uleb128 0x13
 1609 016b 3F       		.uleb128 0x3f
 1610 016c 19       		.uleb128 0x19
 1611 016d 02       		.uleb128 0x2
 1612 016e 18       		.uleb128 0x18
 1613 016f 00       		.byte	0
 1614 0170 00       		.byte	0
 1615 0171 19       		.uleb128 0x19
 1616 0172 26       		.uleb128 0x26
 1617 0173 00       		.byte	0
 1618 0174 49       		.uleb128 0x49
 1619 0175 13       		.uleb128 0x13
 1620 0176 00       		.byte	0
 1621 0177 00       		.byte	0
 1622 0178 00       		.byte	0
 1623              		.section	.debug_aranges,"",%progbits
 1624 0000 44000000 		.4byte	0x44
 1625 0004 0200     		.2byte	0x2
 1626 0006 00000000 		.4byte	.Ldebug_info0
 1627 000a 04       		.byte	0x4
ARM GAS  C:\Users\BABEH_~1\AppData\Local\Temp\ccAprSQh.s 			page 34


 1628 000b 00       		.byte	0
 1629 000c 0000     		.2byte	0
 1630 000e 0000     		.2byte	0
 1631 0010 00000000 		.4byte	.LFB36
 1632 0014 40000000 		.4byte	.LFE36-.LFB36
 1633 0018 00000000 		.4byte	.LFB37
 1634 001c 90000000 		.4byte	.LFE37-.LFB37
 1635 0020 00000000 		.4byte	.LFB38
 1636 0024 74000000 		.4byte	.LFE38-.LFB38
 1637 0028 00000000 		.4byte	.LFB39
 1638 002c 80000000 		.4byte	.LFE39-.LFB39
 1639 0030 00000000 		.4byte	.LFB40
 1640 0034 68000000 		.4byte	.LFE40-.LFB40
 1641 0038 00000000 		.4byte	.LFB41
 1642 003c 34000000 		.4byte	.LFE41-.LFB41
 1643 0040 00000000 		.4byte	0
 1644 0044 00000000 		.4byte	0
 1645              		.section	.debug_ranges,"",%progbits
 1646              	.Ldebug_ranges0:
 1647 0000 00000000 		.4byte	.LFB36
 1648 0004 40000000 		.4byte	.LFE36
 1649 0008 00000000 		.4byte	.LFB37
 1650 000c 90000000 		.4byte	.LFE37
 1651 0010 00000000 		.4byte	.LFB38
 1652 0014 74000000 		.4byte	.LFE38
 1653 0018 00000000 		.4byte	.LFB39
 1654 001c 80000000 		.4byte	.LFE39
 1655 0020 00000000 		.4byte	.LFB40
 1656 0024 68000000 		.4byte	.LFE40
 1657 0028 00000000 		.4byte	.LFB41
 1658 002c 34000000 		.4byte	.LFE41
 1659 0030 00000000 		.4byte	0
 1660 0034 00000000 		.4byte	0
 1661              		.section	.debug_line,"",%progbits
 1662              	.Ldebug_line0:
 1663 0000 65010000 		.section	.debug_str,"MS",%progbits,1
 1663      02009200 
 1663      00000201 
 1663      FB0E0D00 
 1663      01010101 
 1664              	.LASF82:
 1665 0000 4359424C 		.ascii	"CYBLE_EVT_L2CAP_CBFC_RX_CREDIT_IND\000"
 1665      455F4556 
 1665      545F4C32 
 1665      4341505F 
 1665      43424643 
 1666              	.LASF23:
 1667 0023 4359424C 		.ascii	"CYBLE_EVT_STACK_BUSY_STATUS\000"
 1667      455F4556 
 1667      545F5354 
 1667      41434B5F 
 1667      42555359 
 1668              	.LASF117:
 1669 003f 4359424C 		.ascii	"CYBLE_STATE_STOPPED\000"
 1669      455F5354 
 1669      4154455F 
 1669      53544F50 
ARM GAS  C:\Users\BABEH_~1\AppData\Local\Temp\ccAprSQh.s 			page 35


 1669      50454400 
 1670              	.LASF81:
 1671 0053 4359424C 		.ascii	"CYBLE_EVT_L2CAP_CBFC_DATA_READ\000"
 1671      455F4556 
 1671      545F4C32 
 1671      4341505F 
 1671      43424643 
 1672              	.LASF107:
 1673 0072 4359424C 		.ascii	"CYBLE_CONN_HANDLE_T\000"
 1673      455F434F 
 1673      4E4E5F48 
 1673      414E444C 
 1673      455F5400 
 1674              	.LASF114:
 1675 0086 636F6E6E 		.ascii	"connHandle\000"
 1675      48616E64 
 1675      6C6500
 1676              	.LASF35:
 1677 0091 4359424C 		.ascii	"CYBLE_EVT_GAP_CONNECTION_UPDATE_COMPLETE\000"
 1677      455F4556 
 1677      545F4741 
 1677      505F434F 
 1677      4E4E4543 
 1678              	.LASF80:
 1679 00ba 4359424C 		.ascii	"CYBLE_EVT_L2CAP_CBFC_DISCONN_CNF\000"
 1679      455F4556 
 1679      545F4C32 
 1679      4341505F 
 1679      43424643 
 1680              	.LASF40:
 1681 00db 4359424C 		.ascii	"CYBLE_EVT_GAP_OOB_GENERATED_NOTIFICATION\000"
 1681      455F4556 
 1681      545F4741 
 1681      505F4F4F 
 1681      425F4745 
 1682              	.LASF60:
 1683 0104 4359424C 		.ascii	"CYBLE_EVT_GATTC_READ_MULTI_RSP\000"
 1683      455F4556 
 1683      545F4741 
 1683      5454435F 
 1683      52454144 
 1684              	.LASF65:
 1685 0123 4359424C 		.ascii	"CYBLE_EVT_GATTS_EXEC_WRITE_REQ\000"
 1685      455F4556 
 1685      545F4741 
 1685      5454535F 
 1685      45584543 
 1686              	.LASF95:
 1687 0142 4359424C 		.ascii	"CYBLE_LP_MODE_T\000"
 1687      455F4C50 
 1687      5F4D4F44 
 1687      455F5400 
 1688              	.LASF20:
 1689 0152 4359424C 		.ascii	"CYBLE_EVT_TIMEOUT\000"
 1689      455F4556 
 1689      545F5449 
 1689      4D454F55 
ARM GAS  C:\Users\BABEH_~1\AppData\Local\Temp\ccAprSQh.s 			page 36


 1689      5400
 1690              	.LASF4:
 1691 0164 6C6F6E67 		.ascii	"long int\000"
 1691      20696E74 
 1691      00
 1692              	.LASF7:
 1693 016d 6C6F6E67 		.ascii	"long long unsigned int\000"
 1693      206C6F6E 
 1693      6720756E 
 1693      7369676E 
 1693      65642069 
 1694              	.LASF109:
 1695 0184 4359424C 		.ascii	"CYBLE_GATT_VALUE_T\000"
 1695      455F4741 
 1695      54545F56 
 1695      414C5545 
 1695      5F5400
 1696              	.LASF22:
 1697 0197 4359424C 		.ascii	"CYBLE_EVT_HCI_STATUS\000"
 1697      455F4556 
 1697      545F4843 
 1697      495F5354 
 1697      41545553 
 1698              	.LASF85:
 1699 01ac 4359424C 		.ascii	"CYBLE_EVT_PENDING_FLASH_WRITE\000"
 1699      455F4556 
 1699      545F5045 
 1699      4E44494E 
 1699      475F464C 
 1700              	.LASF145:
 1701 01ca 4C6F7750 		.ascii	"LowPowerImplementation\000"
 1701      6F776572 
 1701      496D706C 
 1701      656D656E 
 1701      74617469 
 1702              	.LASF96:
 1703 01e1 4359424C 		.ascii	"CYBLE_BLESS_STATE_ACTIVE\000"
 1703      455F424C 
 1703      4553535F 
 1703      53544154 
 1703      455F4143 
 1704              	.LASF34:
 1705 01fa 4359424C 		.ascii	"CYBLE_EVT_GAP_ENCRYPT_CHANGE\000"
 1705      455F4556 
 1705      545F4741 
 1705      505F454E 
 1705      43525950 
 1706              	.LASF38:
 1707 0217 4359424C 		.ascii	"CYBLE_EVT_GAP_NUMERIC_COMPARISON_REQUEST\000"
 1707      455F4556 
 1707      545F4741 
 1707      505F4E55 
 1707      4D455249 
 1708              	.LASF120:
 1709 0240 4359424C 		.ascii	"CYBLE_STATE_ADVERTISING\000"
 1709      455F5354 
 1709      4154455F 
ARM GAS  C:\Users\BABEH_~1\AppData\Local\Temp\ccAprSQh.s 			page 37


 1709      41445645 
 1709      52544953 
 1710              	.LASF6:
 1711 0258 6C6F6E67 		.ascii	"long long int\000"
 1711      206C6F6E 
 1711      6720696E 
 1711      7400
 1712              	.LASF0:
 1713 0266 7369676E 		.ascii	"signed char\000"
 1713      65642063 
 1713      68617200 
 1714              	.LASF19:
 1715 0272 4359424C 		.ascii	"CYBLE_EVT_STACK_ON\000"
 1715      455F4556 
 1715      545F5354 
 1715      41434B5F 
 1715      4F4E00
 1716              	.LASF36:
 1717 0285 4359424C 		.ascii	"CYBLE_EVT_GAPC_SCAN_START_STOP\000"
 1717      455F4556 
 1717      545F4741 
 1717      50435F53 
 1717      43414E5F 
 1718              	.LASF108:
 1719 02a4 61637475 		.ascii	"actualLen\000"
 1719      616C4C65 
 1719      6E00
 1720              	.LASF26:
 1721 02ae 4359424C 		.ascii	"CYBLE_EVT_GAP_AUTH_REQ\000"
 1721      455F4556 
 1721      545F4741 
 1721      505F4155 
 1721      54485F52 
 1722              	.LASF58:
 1723 02c5 4359424C 		.ascii	"CYBLE_EVT_GATTC_READ_RSP\000"
 1723      455F4556 
 1723      545F4741 
 1723      5454435F 
 1723      52454144 
 1724              	.LASF123:
 1725 02de 73657454 		.ascii	"setTemperature\000"
 1725      656D7065 
 1725      72617475 
 1725      726500
 1726              	.LASF63:
 1727 02ed 4359424C 		.ascii	"CYBLE_EVT_GATTS_WRITE_CMD_REQ\000"
 1727      455F4556 
 1727      545F4741 
 1727      5454535F 
 1727      57524954 
 1728              	.LASF144:
 1729 030b 636F6E74 		.ascii	"controlTemperature\000"
 1729      726F6C54 
 1729      656D7065 
 1729      72617475 
 1729      726500
 1730              	.LASF76:
ARM GAS  C:\Users\BABEH_~1\AppData\Local\Temp\ccAprSQh.s 			page 38


 1731 031e 4359424C 		.ascii	"CYBLE_EVT_L2CAP_COMMAND_REJ\000"
 1731      455F4556 
 1731      545F4C32 
 1731      4341505F 
 1731      434F4D4D 
 1732              	.LASF121:
 1733 033a 4359424C 		.ascii	"CYBLE_STATE_DISCONNECTED\000"
 1733      455F5354 
 1733      4154455F 
 1733      44495343 
 1733      4F4E4E45 
 1734              	.LASF31:
 1735 0353 4359424C 		.ascii	"CYBLE_EVT_GAPP_ADVERTISEMENT_START_STOP\000"
 1735      455F4556 
 1735      545F4741 
 1735      50505F41 
 1735      44564552 
 1736              	.LASF9:
 1737 037b 75696E74 		.ascii	"uint8\000"
 1737      3800
 1738              	.LASF66:
 1739 0381 4359424C 		.ascii	"CYBLE_EVT_GATTC_EXEC_WRITE_RSP\000"
 1739      455F4556 
 1739      545F4741 
 1739      5454435F 
 1739      45584543 
 1740              	.LASF14:
 1741 03a0 646F7562 		.ascii	"double\000"
 1741      6C6500
 1742              	.LASF79:
 1743 03a7 4359424C 		.ascii	"CYBLE_EVT_L2CAP_CBFC_DISCONN_IND\000"
 1743      455F4556 
 1743      545F4C32 
 1743      4341505F 
 1743      43424643 
 1744              	.LASF11:
 1745 03c8 75696E74 		.ascii	"uint32\000"
 1745      333200
 1746              	.LASF89:
 1747 03cf 4359424C 		.ascii	"CYBLE_EVT_MAX\000"
 1747      455F4556 
 1747      545F4D41 
 1747      5800
 1748              	.LASF129:
 1749 03dd 77725265 		.ascii	"wrReqParam\000"
 1749      71506172 
 1749      616D00
 1750              	.LASF74:
 1751 03e8 4359424C 		.ascii	"CYBLE_EVT_L2CAP_CONN_PARAM_UPDATE_REQ\000"
 1751      455F4556 
 1751      545F4C32 
 1751      4341505F 
 1751      434F4E4E 
 1752              	.LASF10:
 1753 040e 75696E74 		.ascii	"uint16\000"
 1753      313600
 1754              	.LASF84:
ARM GAS  C:\Users\BABEH_~1\AppData\Local\Temp\ccAprSQh.s 			page 39


 1755 0415 4359424C 		.ascii	"CYBLE_EVT_L2CAP_CBFC_DATA_WRITE_IND\000"
 1755      455F4556 
 1755      545F4C32 
 1755      4341505F 
 1755      43424643 
 1756              	.LASF111:
 1757 0439 61747472 		.ascii	"attrHandle\000"
 1757      48616E64 
 1757      6C6500
 1758              	.LASF125:
 1759 0444 74656D70 		.ascii	"temp\000"
 1759      00
 1760              	.LASF71:
 1761 0449 4359424C 		.ascii	"CYBLE_EVT_GATTC_STOP_CMD_COMPLETE\000"
 1761      455F4556 
 1761      545F4741 
 1761      5454435F 
 1761      53544F50 
 1762              	.LASF8:
 1763 046b 756E7369 		.ascii	"unsigned int\000"
 1763      676E6564 
 1763      20696E74 
 1763      00
 1764              	.LASF86:
 1765 0478 4359424C 		.ascii	"CYBLE_EVT_LE_PING_AUTH_TIMEOUT\000"
 1765      455F4556 
 1765      545F4C45 
 1765      5F50494E 
 1765      475F4155 
 1766              	.LASF143:
 1767 0497 75706461 		.ascii	"updateTemperature\000"
 1767      74655465 
 1767      6D706572 
 1767      61747572 
 1767      6500
 1768              	.LASF134:
 1769 04a9 6D61696E 		.ascii	"mainTimer\000"
 1769      54696D65 
 1769      7200
 1770              	.LASF101:
 1771 04b3 4359424C 		.ascii	"CYBLE_BLESS_STATE_DEEPSLEEP\000"
 1771      455F424C 
 1771      4553535F 
 1771      53544154 
 1771      455F4445 
 1772              	.LASF5:
 1773 04cf 6C6F6E67 		.ascii	"long unsigned int\000"
 1773      20756E73 
 1773      69676E65 
 1773      6420696E 
 1773      7400
 1774              	.LASF45:
 1775 04e1 4359424C 		.ascii	"CYBLE_EVT_GAP_CONN_ESTB\000"
 1775      455F4556 
 1775      545F4741 
 1775      505F434F 
 1775      4E4E5F45 
ARM GAS  C:\Users\BABEH_~1\AppData\Local\Temp\ccAprSQh.s 			page 40


 1776              	.LASF94:
 1777 04f9 4359424C 		.ascii	"CYBLE_BLESS_INVALID\000"
 1777      455F424C 
 1777      4553535F 
 1777      494E5641 
 1777      4C494400 
 1778              	.LASF53:
 1779 050d 4359424C 		.ascii	"CYBLE_EVT_GATTC_XCHNG_MTU_RSP\000"
 1779      455F4556 
 1779      545F4741 
 1779      5454435F 
 1779      5843484E 
 1780              	.LASF70:
 1781 052b 4359424C 		.ascii	"CYBLE_EVT_GATTS_DATA_SIGNED_CMD_REQ\000"
 1781      455F4556 
 1781      545F4741 
 1781      5454535F 
 1781      44415441 
 1782              	.LASF73:
 1783 054f 4359424C 		.ascii	"CYBLE_EVT_GATTC_LONG_PROCEDURE_END\000"
 1783      455F4556 
 1783      545F4741 
 1783      5454435F 
 1783      4C4F4E47 
 1784              	.LASF126:
 1785 0572 6576656E 		.ascii	"event\000"
 1785      7400
 1786              	.LASF3:
 1787 0578 73686F72 		.ascii	"short unsigned int\000"
 1787      7420756E 
 1787      7369676E 
 1787      65642069 
 1787      6E7400
 1788              	.LASF18:
 1789 058b 4359424C 		.ascii	"CYBLE_EVT_HOST_INVALID\000"
 1789      455F4556 
 1789      545F484F 
 1789      53545F49 
 1789      4E56414C 
 1790              	.LASF56:
 1791 05a2 4359424C 		.ascii	"CYBLE_EVT_GATTC_FIND_INFO_RSP\000"
 1791      455F4556 
 1791      545F4741 
 1791      5454435F 
 1791      46494E44 
 1792              	.LASF24:
 1793 05c0 4359424C 		.ascii	"CYBLE_EVT_MEMORY_REQUEST\000"
 1793      455F4556 
 1793      545F4D45 
 1793      4D4F5259 
 1793      5F524551 
 1794              	.LASF12:
 1795 05d9 696E7438 		.ascii	"int8\000"
 1795      00
 1796              	.LASF27:
 1797 05de 4359424C 		.ascii	"CYBLE_EVT_GAP_PASSKEY_ENTRY_REQUEST\000"
 1797      455F4556 
ARM GAS  C:\Users\BABEH_~1\AppData\Local\Temp\ccAprSQh.s 			page 41


 1797      545F4741 
 1797      505F5041 
 1797      53534B45 
 1798              	.LASF32:
 1799 0602 4359424C 		.ascii	"CYBLE_EVT_GAP_DEVICE_CONNECTED\000"
 1799      455F4556 
 1799      545F4741 
 1799      505F4445 
 1799      56494345 
 1800              	.LASF141:
 1801 0621 6D61696E 		.ascii	"main.c\000"
 1801      2E6300
 1802              	.LASF61:
 1803 0628 4359424C 		.ascii	"CYBLE_EVT_GATTS_WRITE_REQ\000"
 1803      455F4556 
 1803      545F4741 
 1803      5454535F 
 1803      57524954 
 1804              	.LASF47:
 1805 0642 4359424C 		.ascii	"CYBLE_EVT_GAP_AUTH_REQ_REPLY_ERR\000"
 1805      455F4556 
 1805      545F4741 
 1805      505F4155 
 1805      54485F52 
 1806              	.LASF132:
 1807 0663 6379426C 		.ascii	"cyBle_state\000"
 1807      655F7374 
 1807      61746500 
 1808              	.LASF140:
 1809 066f 474E5520 		.ascii	"GNU C11 5.4.1 20160609 (release) [ARM/embedded-5-br"
 1809      43313120 
 1809      352E342E 
 1809      31203230 
 1809      31363036 
 1810 06a2 616E6368 		.ascii	"anch revision 237715] -mcpu=cortex-m0 -mthumb -g -O"
 1810      20726576 
 1810      6973696F 
 1810      6E203233 
 1810      37373135 
 1811 06d5 30202D66 		.ascii	"0 -ffunction-sections -ffat-lto-objects\000"
 1811      66756E63 
 1811      74696F6E 
 1811      2D736563 
 1811      74696F6E 
 1812              	.LASF50:
 1813 06fd 4359424C 		.ascii	"CYBLE_EVT_GATT_CONNECT_IND\000"
 1813      455F4556 
 1813      545F4741 
 1813      54545F43 
 1813      4F4E4E45 
 1814              	.LASF106:
 1815 0718 61747449 		.ascii	"attId\000"
 1815      6400
 1816              	.LASF102:
 1817 071e 4359424C 		.ascii	"CYBLE_BLESS_STATE_HIBERNATE\000"
 1817      455F424C 
 1817      4553535F 
ARM GAS  C:\Users\BABEH_~1\AppData\Local\Temp\ccAprSQh.s 			page 42


 1817      53544154 
 1817      455F4849 
 1818              	.LASF25:
 1819 073a 4359424C 		.ascii	"CYBLE_EVT_GAPC_SCAN_PROGRESS_RESULT\000"
 1819      455F4556 
 1819      545F4741 
 1819      50435F53 
 1819      43414E5F 
 1820              	.LASF115:
 1821 075e 68616E64 		.ascii	"handleValPair\000"
 1821      6C655661 
 1821      6C506169 
 1821      7200
 1822              	.LASF48:
 1823 076c 4359424C 		.ascii	"CYBLE_EVT_GAP_SMP_LOC_P256_KEYS_GEN_AND_SET_COMPLET"
 1823      455F4556 
 1823      545F4741 
 1823      505F534D 
 1823      505F4C4F 
 1824 079f 4500     		.ascii	"E\000"
 1825              	.LASF77:
 1826 07a1 4359424C 		.ascii	"CYBLE_EVT_L2CAP_CBFC_CONN_IND\000"
 1826      455F4556 
 1826      545F4C32 
 1826      4341505F 
 1826      43424643 
 1827              	.LASF55:
 1828 07bf 4359424C 		.ascii	"CYBLE_EVT_GATTC_READ_BY_TYPE_RSP\000"
 1828      455F4556 
 1828      545F4741 
 1828      5454435F 
 1828      52454144 
 1829              	.LASF17:
 1830 07e0 73697A65 		.ascii	"sizetype\000"
 1830      74797065 
 1830      00
 1831              	.LASF116:
 1832 07e9 4359424C 		.ascii	"CYBLE_GATTS_WRITE_REQ_PARAM_T\000"
 1832      455F4741 
 1832      5454535F 
 1832      57524954 
 1832      455F5245 
 1833              	.LASF113:
 1834 0807 4359424C 		.ascii	"CYBLE_GATTS_HANDLE_VALUE_NTF_T\000"
 1834      455F4741 
 1834      5454535F 
 1834      48414E44 
 1834      4C455F56 
 1835              	.LASF118:
 1836 0826 4359424C 		.ascii	"CYBLE_STATE_INITIALIZING\000"
 1836      455F5354 
 1836      4154455F 
 1836      494E4954 
 1836      49414C49 
 1837              	.LASF30:
 1838 083f 4359424C 		.ascii	"CYBLE_EVT_GAP_AUTH_FAILED\000"
 1838      455F4556 
ARM GAS  C:\Users\BABEH_~1\AppData\Local\Temp\ccAprSQh.s 			page 43


 1838      545F4741 
 1838      505F4155 
 1838      54485F46 
 1839              	.LASF133:
 1840 0859 6379426C 		.ascii	"cyBle_connHandle\000"
 1840      655F636F 
 1840      6E6E4861 
 1840      6E646C65 
 1840      00
 1841              	.LASF62:
 1842 086a 4359424C 		.ascii	"CYBLE_EVT_GATTC_WRITE_RSP\000"
 1842      455F4556 
 1842      545F4741 
 1842      5454435F 
 1842      57524954 
 1843              	.LASF124:
 1844 0884 41707043 		.ascii	"AppCallBack\000"
 1844      616C6C42 
 1844      61636B00 
 1845              	.LASF43:
 1846 0890 4359424C 		.ascii	"CYBLE_EVT_GAPC_DIRECT_ADV_REPORT\000"
 1846      455F4556 
 1846      545F4741 
 1846      50435F44 
 1846      49524543 
 1847              	.LASF93:
 1848 08b1 4359424C 		.ascii	"CYBLE_BLESS_HIBERNATE\000"
 1848      455F424C 
 1848      4553535F 
 1848      48494245 
 1848      524E4154 
 1849              	.LASF41:
 1850 08c7 4359424C 		.ascii	"CYBLE_EVT_GAP_DATA_LENGTH_CHANGE\000"
 1850      455F4556 
 1850      545F4741 
 1850      505F4441 
 1850      54415F4C 
 1851              	.LASF46:
 1852 08e8 4359424C 		.ascii	"CYBLE_EVT_GAP_SCAN_REQ_RECVD\000"
 1852      455F4556 
 1852      545F4741 
 1852      505F5343 
 1852      414E5F52 
 1853              	.LASF29:
 1854 0905 4359424C 		.ascii	"CYBLE_EVT_GAP_AUTH_COMPLETE\000"
 1854      455F4556 
 1854      545F4741 
 1854      505F4155 
 1854      54485F43 
 1855              	.LASF67:
 1856 0921 4359424C 		.ascii	"CYBLE_EVT_GATTC_HANDLE_VALUE_NTF\000"
 1856      455F4556 
 1856      545F4741 
 1856      5454435F 
 1856      48414E44 
 1857              	.LASF112:
 1858 0942 4359424C 		.ascii	"CYBLE_GATT_HANDLE_VALUE_PAIR_T\000"
ARM GAS  C:\Users\BABEH_~1\AppData\Local\Temp\ccAprSQh.s 			page 44


 1858      455F4741 
 1858      54545F48 
 1858      414E444C 
 1858      455F5641 
 1859              	.LASF78:
 1860 0961 4359424C 		.ascii	"CYBLE_EVT_L2CAP_CBFC_CONN_CNF\000"
 1860      455F4556 
 1860      545F4C32 
 1860      4341505F 
 1860      43424643 
 1861              	.LASF54:
 1862 097f 4359424C 		.ascii	"CYBLE_EVT_GATTC_READ_BY_GROUP_TYPE_RSP\000"
 1862      455F4556 
 1862      545F4741 
 1862      5454435F 
 1862      52454144 
 1863              	.LASF13:
 1864 09a6 666C6F61 		.ascii	"float\000"
 1864      7400
 1865              	.LASF128:
 1866 09ac 74656D70 		.ascii	"tempHandle\000"
 1866      48616E64 
 1866      6C6500
 1867              	.LASF98:
 1868 09b7 4359424C 		.ascii	"CYBLE_BLESS_STATE_SLEEP\000"
 1868      455F424C 
 1868      4553535F 
 1868      53544154 
 1868      455F534C 
 1869              	.LASF1:
 1870 09cf 756E7369 		.ascii	"unsigned char\000"
 1870      676E6564 
 1870      20636861 
 1870      7200
 1871              	.LASF138:
 1872 09dd 63757272 		.ascii	"currentTemp\000"
 1872      656E7454 
 1872      656D7000 
 1873              	.LASF39:
 1874 09e9 4359424C 		.ascii	"CYBLE_EVT_GAP_KEYPRESS_NOTIFICATION\000"
 1874      455F4556 
 1874      545F4741 
 1874      505F4B45 
 1874      59505245 
 1875              	.LASF2:
 1876 0a0d 73686F72 		.ascii	"short int\000"
 1876      7420696E 
 1876      7400
 1877              	.LASF136:
 1878 0a17 54454D50 		.ascii	"TEMP_MAX\000"
 1878      5F4D4158 
 1878      00
 1879              	.LASF68:
 1880 0a20 4359424C 		.ascii	"CYBLE_EVT_GATTC_HANDLE_VALUE_IND\000"
 1880      455F4556 
 1880      545F4741 
 1880      5454435F 
ARM GAS  C:\Users\BABEH_~1\AppData\Local\Temp\ccAprSQh.s 			page 45


 1880      48414E44 
 1881              	.LASF87:
 1882 0a41 4359424C 		.ascii	"CYBLE_EVT_HCI_PKT\000"
 1882      455F4556 
 1882      545F4843 
 1882      495F504B 
 1882      5400
 1883              	.LASF137:
 1884 0a53 54454D50 		.ascii	"TEMP_MIN\000"
 1884      5F4D494E 
 1884      00
 1885              	.LASF64:
 1886 0a5c 4359424C 		.ascii	"CYBLE_EVT_GATTS_PREP_WRITE_REQ\000"
 1886      455F4556 
 1886      545F4741 
 1886      5454535F 
 1886      50524550 
 1887              	.LASF103:
 1888 0a7b 4359424C 		.ascii	"CYBLE_BLESS_STATE_INVALID\000"
 1888      455F424C 
 1888      4553535F 
 1888      53544154 
 1888      455F494E 
 1889              	.LASF110:
 1890 0a95 76616C75 		.ascii	"value\000"
 1890      6500
 1891              	.LASF69:
 1892 0a9b 4359424C 		.ascii	"CYBLE_EVT_GATTS_HANDLE_VALUE_CNF\000"
 1892      455F4556 
 1892      545F4741 
 1892      5454535F 
 1892      48414E44 
 1893              	.LASF49:
 1894 0abc 4359424C 		.ascii	"CYBLE_EVT_GATTC_ERROR_RSP\000"
 1894      455F4556 
 1894      545F4741 
 1894      5454435F 
 1894      4552524F 
 1895              	.LASF44:
 1896 0ad6 4359424C 		.ascii	"CYBLE_EVT_GAP_SMP_NEGOTIATED_AUTH_INFO\000"
 1896      455F4556 
 1896      545F4741 
 1896      505F534D 
 1896      505F4E45 
 1897              	.LASF16:
 1898 0afd 6C6F6E67 		.ascii	"long double\000"
 1898      20646F75 
 1898      626C6500 
 1899              	.LASF91:
 1900 0b09 4359424C 		.ascii	"CYBLE_BLESS_SLEEP\000"
 1900      455F424C 
 1900      4553535F 
 1900      534C4545 
 1900      5000
 1901              	.LASF15:
 1902 0b1b 63686172 		.ascii	"char\000"
 1902      00
ARM GAS  C:\Users\BABEH_~1\AppData\Local\Temp\ccAprSQh.s 			page 46


 1903              	.LASF33:
 1904 0b20 4359424C 		.ascii	"CYBLE_EVT_GAP_DEVICE_DISCONNECTED\000"
 1904      455F4556 
 1904      545F4741 
 1904      505F4445 
 1904      56494345 
 1905              	.LASF72:
 1906 0b42 4359424C 		.ascii	"CYBLE_EVT_GATTS_READ_CHAR_VAL_ACCESS_REQ\000"
 1906      455F4556 
 1906      545F4741 
 1906      5454535F 
 1906      52454144 
 1907              	.LASF83:
 1908 0b6b 4359424C 		.ascii	"CYBLE_EVT_L2CAP_CBFC_TX_CREDIT_IND\000"
 1908      455F4556 
 1908      545F4C32 
 1908      4341505F 
 1908      43424643 
 1909              	.LASF130:
 1910 0b8e 626C654D 		.ascii	"bleMode\000"
 1910      6F646500 
 1911              	.LASF28:
 1912 0b96 4359424C 		.ascii	"CYBLE_EVT_GAP_PASSKEY_DISPLAY_REQUEST\000"
 1912      455F4556 
 1912      545F4741 
 1912      505F5041 
 1912      53534B45 
 1913              	.LASF21:
 1914 0bbc 4359424C 		.ascii	"CYBLE_EVT_HARDWARE_ERROR\000"
 1914      455F4556 
 1914      545F4841 
 1914      52445741 
 1914      52455F45 
 1915              	.LASF135:
 1916 0bd5 62757353 		.ascii	"busStatus\000"
 1916      74617475 
 1916      7300
 1917              	.LASF97:
 1918 0bdf 4359424C 		.ascii	"CYBLE_BLESS_STATE_EVENT_CLOSE\000"
 1918      455F424C 
 1918      4553535F 
 1918      53544154 
 1918      455F4556 
 1919              	.LASF52:
 1920 0bfd 4359424C 		.ascii	"CYBLE_EVT_GATTS_XCNHG_MTU_REQ\000"
 1920      455F4556 
 1920      545F4741 
 1920      5454535F 
 1920      58434E48 
 1921              	.LASF127:
 1922 0c1b 6576656E 		.ascii	"eventParam\000"
 1922      74506172 
 1922      616D00
 1923              	.LASF139:
 1924 0c26 64657369 		.ascii	"desiredTemp\000"
 1924      72656454 
 1924      656D7000 
ARM GAS  C:\Users\BABEH_~1\AppData\Local\Temp\ccAprSQh.s 			page 47


 1925              	.LASF99:
 1926 0c32 4359424C 		.ascii	"CYBLE_BLESS_STATE_ECO_ON\000"
 1926      455F424C 
 1926      4553535F 
 1926      53544154 
 1926      455F4543 
 1927              	.LASF122:
 1928 0c4b 4359424C 		.ascii	"CYBLE_STATE_T\000"
 1928      455F5354 
 1928      4154455F 
 1928      5400
 1929              	.LASF59:
 1930 0c59 4359424C 		.ascii	"CYBLE_EVT_GATTC_READ_BLOB_RSP\000"
 1930      455F4556 
 1930      545F4741 
 1930      5454435F 
 1930      52454144 
 1931              	.LASF142:
 1932 0c77 433A5C55 		.ascii	"C:\\Users\\babeh_000\\Documents\\PSoC Creator\\BLE_"
 1932      73657273 
 1932      5C626162 
 1932      65685F30 
 1932      30305C44 
 1933 0ca5 54656D70 		.ascii	"Temperature_Measurement01\\BLE_Temperature_Measurem"
 1933      65726174 
 1933      7572655F 
 1933      4D656173 
 1933      7572656D 
 1934 0cd7 656E7430 		.ascii	"ent01.cydsn\000"
 1934      312E6379 
 1934      64736E00 
 1935              	.LASF100:
 1936 0ce3 4359424C 		.ascii	"CYBLE_BLESS_STATE_ECO_STABLE\000"
 1936      455F424C 
 1936      4553535F 
 1936      53544154 
 1936      455F4543 
 1937              	.LASF119:
 1938 0d00 4359424C 		.ascii	"CYBLE_STATE_CONNECTED\000"
 1938      455F5354 
 1938      4154455F 
 1938      434F4E4E 
 1938      45435445 
 1939              	.LASF92:
 1940 0d16 4359424C 		.ascii	"CYBLE_BLESS_DEEPSLEEP\000"
 1940      455F424C 
 1940      4553535F 
 1940      44454550 
 1940      534C4545 
 1941              	.LASF57:
 1942 0d2c 4359424C 		.ascii	"CYBLE_EVT_GATTC_FIND_BY_TYPE_VALUE_RSP\000"
 1942      455F4556 
 1942      545F4741 
 1942      5454435F 
 1942      46494E44 
 1943              	.LASF37:
 1944 0d53 4359424C 		.ascii	"CYBLE_EVT_GAP_KEYINFO_EXCHNGE_CMPLT\000"
ARM GAS  C:\Users\BABEH_~1\AppData\Local\Temp\ccAprSQh.s 			page 48


 1944      455F4556 
 1944      545F4741 
 1944      505F4B45 
 1944      59494E46 
 1945              	.LASF105:
 1946 0d77 62644861 		.ascii	"bdHandle\000"
 1946      6E646C65 
 1946      00
 1947              	.LASF75:
 1948 0d80 4359424C 		.ascii	"CYBLE_EVT_L2CAP_CONN_PARAM_UPDATE_RSP\000"
 1948      455F4556 
 1948      545F4C32 
 1948      4341505F 
 1948      434F4E4E 
 1949              	.LASF146:
 1950 0da6 6D61696E 		.ascii	"main\000"
 1950      00
 1951              	.LASF90:
 1952 0dab 4359424C 		.ascii	"CYBLE_BLESS_ACTIVE\000"
 1952      455F424C 
 1952      4553535F 
 1952      41435449 
 1952      564500
 1953              	.LASF42:
 1954 0dbe 4359424C 		.ascii	"CYBLE_EVT_GAP_ENHANCE_CONN_COMPLETE\000"
 1954      455F4556 
 1954      545F4741 
 1954      505F454E 
 1954      48414E43 
 1955              	.LASF104:
 1956 0de2 4359424C 		.ascii	"CYBLE_GATT_DB_ATTR_HANDLE_T\000"
 1956      455F4741 
 1956      54545F44 
 1956      425F4154 
 1956      54525F48 
 1957              	.LASF51:
 1958 0dfe 4359424C 		.ascii	"CYBLE_EVT_GATT_DISCONNECT_IND\000"
 1958      455F4556 
 1958      545F4741 
 1958      54545F44 
 1958      4953434F 
 1959              	.LASF88:
 1960 0e1c 4359424C 		.ascii	"CYBLE_EVT_FLASH_CORRUPT\000"
 1960      455F4556 
 1960      545F464C 
 1960      4153485F 
 1960      434F5252 
 1961              	.LASF131:
 1962 0e34 696E7465 		.ascii	"interruptStatus\000"
 1962      72727570 
 1962      74537461 
 1962      74757300 
 1963              		.ident	"GCC: (GNU Tools for ARM Embedded Processors) 5.4.1 20160609 (release) [ARM/embedded-5-bran
