--------------- Clean Started: 11/16/2017 08:53:52 Project: BLE_Temperature_Measurement01, Configuration: ARM GCC 4.9-2015-q1-update Debug ---------------
Deleting file ".\CortexM0\ARM_GCC_493\Debug\main.o"
Deleting file ".\CortexM0\ARM_GCC_493\Debug\hts.o"
Deleting file ".\CortexM0\ARM_GCC_493\Debug\debug.o"
Deleting file ".\CortexM0\ARM_GCC_493\Debug\bas.o"
Deleting file ".\CortexM0\ARM_GCC_493\Debug\cyfitter_cfg.o"
Deleting file ".\CortexM0\ARM_GCC_493\Debug\cymetadata.o"
Deleting file ".\CortexM0\ARM_GCC_493\Debug\BLE_bas.o"
Deleting file ".\CortexM0\ARM_GCC_493\Debug\BLE.o"
Deleting file ".\CortexM0\ARM_GCC_493\Debug\BLE_gatt.o"
Deleting file ".\CortexM0\ARM_GCC_493\Debug\BLE_eventHandler.o"
Deleting file ".\CortexM0\ARM_GCC_493\Debug\BLE_HAL_INT.o"
Deleting file ".\CortexM0\ARM_GCC_493\Debug\BLE_HAL_PVT.o"
Deleting file ".\CortexM0\ARM_GCC_493\Debug\BLE_dis.o"
Deleting file ".\CortexM0\ARM_GCC_493\Debug\BLE_hts.o"
Deleting file ".\CortexM0\ARM_GCC_493\Debug\Disconnect_LED.o"
Deleting file ".\CortexM0\ARM_GCC_493\Debug\Disconnect_LED_PM.o"
Deleting file ".\CortexM0\ARM_GCC_493\Debug\Advertising_LED.o"
Deleting file ".\CortexM0\ARM_GCC_493\Debug\Advertising_LED_PM.o"
Deleting file ".\CortexM0\ARM_GCC_493\Debug\LowPower_LED.o"
Deleting file ".\CortexM0\ARM_GCC_493\Debug\LowPower_LED_PM.o"
Deleting file ".\CortexM0\ARM_GCC_493\Debug\BLE_bless_isr.o"
Deleting file ".\CortexM0\ARM_GCC_493\Debug\Cm0Start.o"
Deleting file ".\CortexM0\ARM_GCC_493\Debug\CyBootAsmGnu.o"
Deleting file ".\CortexM0\ARM_GCC_493\Debug\CyFlash.o"
Deleting file ".\CortexM0\ARM_GCC_493\Debug\CyLib.o"
Deleting file ".\CortexM0\ARM_GCC_493\Debug\cyPm.o"
Deleting file ".\CortexM0\ARM_GCC_493\Debug\cyutils.o"
Deleting file ".\CortexM0\ARM_GCC_493\Debug\CyLFClk.o"
Deleting file ".\CortexM0\ARM_GCC_493\Debug\I2C_1.o"
Deleting file ".\CortexM0\ARM_GCC_493\Debug\I2C_1_I2C_INT.o"
Deleting file ".\CortexM0\ARM_GCC_493\Debug\I2C_1_I2C.o"
Deleting file ".\CortexM0\ARM_GCC_493\Debug\I2C_1_I2C_BOOT.o"
Deleting file ".\CortexM0\ARM_GCC_493\Debug\I2C_1_I2C_MASTER.o"
Deleting file ".\CortexM0\ARM_GCC_493\Debug\I2C_1_PM.o"
Deleting file ".\CortexM0\ARM_GCC_493\Debug\I2C_1_BOOT.o"
Deleting file ".\CortexM0\ARM_GCC_493\Debug\PWM_1.o"
Deleting file ".\CortexM0\ARM_GCC_493\Debug\PWM_1_PM.o"
Deleting file ".\CortexM0\ARM_GCC_493\Debug\Clock_1.o"
Deleting file ".\CortexM0\ARM_GCC_493\Debug\PWM_Pin.o"
Deleting file ".\CortexM0\ARM_GCC_493\Debug\PWM_Pin_PM.o"
Deleting file ".\CortexM0\ARM_GCC_493\Debug\I2C_1_sda.o"
Deleting file ".\CortexM0\ARM_GCC_493\Debug\I2C_1_sda_PM.o"
Deleting file ".\CortexM0\ARM_GCC_493\Debug\I2C_1_scl.o"
Deleting file ".\CortexM0\ARM_GCC_493\Debug\I2C_1_scl_PM.o"
Deleting file ".\CortexM0\ARM_GCC_493\Debug\I2C_1_SCB_IRQ.o"
Deleting file ".\CortexM0\ARM_GCC_493\Debug\BLE_Temperature_Measurement01.hex"
Deleting file ".\CortexM0\ARM_GCC_493\Debug\BLE_Temperature_Measurement01.elf"
Deleting file ".\CortexM0\ARM_GCC_493\Debug\BLE_Temperature_Measurement01.map"
Deleting file ".\BLE_Temperature_Measurement01.cycdx"
Deleting file ".\BLE_Temperature_Measurement01.svd"
Deleting file ".\BLE_Temperature_Measurement01.rpt"
Deleting file ".\BLE_Temperature_Measurement01_timing.html"
Deleting file ".\CortexM0\ARM_GCC_493\Debug\.deps\C_FILE.P"
Deleting file ".\CortexM0\ARM_GCC_493\Debug\.deps\ARM_C_FILE.P"
Deleting file ".\CortexM0\ARM_GCC_493\Debug\.deps\GNU_ARM_ASM_FILE.P"
--------------- Clean Succeeded: 11/16/2017 08:53:52 ---------------
