ARM GAS  C:\Users\behrenb2\AppData\Local\Temp\ccSSR5Y2.s 			page 1


   1              		.cpu cortex-m0
   2              		.fpu softvfp
   3              		.eabi_attribute 20, 1
   4              		.eabi_attribute 21, 1
   5              		.eabi_attribute 23, 3
   6              		.eabi_attribute 24, 1
   7              		.eabi_attribute 25, 1
   8              		.eabi_attribute 26, 1
   9              		.eabi_attribute 30, 6
  10              		.eabi_attribute 34, 0
  11              		.eabi_attribute 18, 4
  12              		.code	16
  13              		.file	"cyfitter_cfg.c"
  14              		.text
  15              	.Ltext0:
  16              		.cfi_sections	.debug_frame
  17              		.section	.text.CYMEMZERO,"ax",%progbits
  18              		.align	2
  19              		.code	16
  20              		.thumb_func
  21              		.type	CYMEMZERO, %function
  22              	CYMEMZERO:
  23              	.LFB2:
  24              		.file 1 ".\\Generated_Source\\PSoC4\\cyfitter_cfg.c"
   1:.\Generated_Source\PSoC4/cyfitter_cfg.c **** /*******************************************************************************
   2:.\Generated_Source\PSoC4/cyfitter_cfg.c **** * File Name: cyfitter_cfg.c
   3:.\Generated_Source\PSoC4/cyfitter_cfg.c **** * 
   4:.\Generated_Source\PSoC4/cyfitter_cfg.c **** * PSoC Creator  3.3 CP3
   5:.\Generated_Source\PSoC4/cyfitter_cfg.c **** *
   6:.\Generated_Source\PSoC4/cyfitter_cfg.c **** * Description:
   7:.\Generated_Source\PSoC4/cyfitter_cfg.c **** * This file contains device initialization code.
   8:.\Generated_Source\PSoC4/cyfitter_cfg.c **** * Except for the user defined sections in CyClockStartupError(), this file should not be modified.
   9:.\Generated_Source\PSoC4/cyfitter_cfg.c **** * This file is automatically generated by PSoC Creator.
  10:.\Generated_Source\PSoC4/cyfitter_cfg.c **** *
  11:.\Generated_Source\PSoC4/cyfitter_cfg.c **** ********************************************************************************
  12:.\Generated_Source\PSoC4/cyfitter_cfg.c **** * Copyright (c) 2007-2016 Cypress Semiconductor.  All rights reserved.
  13:.\Generated_Source\PSoC4/cyfitter_cfg.c **** * You may use this file only in accordance with the license, terms, conditions, 
  14:.\Generated_Source\PSoC4/cyfitter_cfg.c **** * disclaimers, and limitations in the end user license agreement accompanying 
  15:.\Generated_Source\PSoC4/cyfitter_cfg.c **** * the software package with which this file was provided.
  16:.\Generated_Source\PSoC4/cyfitter_cfg.c **** ********************************************************************************/
  17:.\Generated_Source\PSoC4/cyfitter_cfg.c **** 
  18:.\Generated_Source\PSoC4/cyfitter_cfg.c **** #include <string.h>
  19:.\Generated_Source\PSoC4/cyfitter_cfg.c **** #include "cytypes.h"
  20:.\Generated_Source\PSoC4/cyfitter_cfg.c **** #include "cydevice_trm.h"
  21:.\Generated_Source\PSoC4/cyfitter_cfg.c **** #include "cyfitter.h"
  22:.\Generated_Source\PSoC4/cyfitter_cfg.c **** #include "CyLib.h"
  23:.\Generated_Source\PSoC4/cyfitter_cfg.c **** #include "cyfitter_cfg.h"
  24:.\Generated_Source\PSoC4/cyfitter_cfg.c **** 
  25:.\Generated_Source\PSoC4/cyfitter_cfg.c **** 
  26:.\Generated_Source\PSoC4/cyfitter_cfg.c **** #if defined(__GNUC__) || defined(__ARMCC_VERSION)
  27:.\Generated_Source\PSoC4/cyfitter_cfg.c ****     #define CYPACKED 
  28:.\Generated_Source\PSoC4/cyfitter_cfg.c ****     #define CYPACKED_ATTR __attribute__ ((packed))
  29:.\Generated_Source\PSoC4/cyfitter_cfg.c ****     #define CYALIGNED __attribute__ ((aligned))
  30:.\Generated_Source\PSoC4/cyfitter_cfg.c ****     #define CY_CFG_UNUSED __attribute__ ((unused))
  31:.\Generated_Source\PSoC4/cyfitter_cfg.c ****     #ifndef CY_CFG_SECTION
  32:.\Generated_Source\PSoC4/cyfitter_cfg.c ****         #define CY_CFG_SECTION __attribute__ ((section(".psocinit")))
  33:.\Generated_Source\PSoC4/cyfitter_cfg.c ****     #endif
ARM GAS  C:\Users\behrenb2\AppData\Local\Temp\ccSSR5Y2.s 			page 2


  34:.\Generated_Source\PSoC4/cyfitter_cfg.c ****     
  35:.\Generated_Source\PSoC4/cyfitter_cfg.c ****     #if defined(__ARMCC_VERSION)
  36:.\Generated_Source\PSoC4/cyfitter_cfg.c ****         #define CY_CFG_MEMORY_BARRIER() __memory_changed()
  37:.\Generated_Source\PSoC4/cyfitter_cfg.c ****     #else
  38:.\Generated_Source\PSoC4/cyfitter_cfg.c ****         #define CY_CFG_MEMORY_BARRIER() __sync_synchronize()
  39:.\Generated_Source\PSoC4/cyfitter_cfg.c ****     #endif
  40:.\Generated_Source\PSoC4/cyfitter_cfg.c ****     
  41:.\Generated_Source\PSoC4/cyfitter_cfg.c **** #elif defined(__ICCARM__)
  42:.\Generated_Source\PSoC4/cyfitter_cfg.c ****     #include <intrinsics.h>
  43:.\Generated_Source\PSoC4/cyfitter_cfg.c **** 
  44:.\Generated_Source\PSoC4/cyfitter_cfg.c ****     #define CYPACKED __packed
  45:.\Generated_Source\PSoC4/cyfitter_cfg.c ****     #define CYPACKED_ATTR 
  46:.\Generated_Source\PSoC4/cyfitter_cfg.c ****     #define CYALIGNED _Pragma("data_alignment=4")
  47:.\Generated_Source\PSoC4/cyfitter_cfg.c ****     #define CY_CFG_UNUSED _Pragma("diag_suppress=Pe177")
  48:.\Generated_Source\PSoC4/cyfitter_cfg.c ****     #define CY_CFG_SECTION _Pragma("location=\".psocinit\"")
  49:.\Generated_Source\PSoC4/cyfitter_cfg.c ****     
  50:.\Generated_Source\PSoC4/cyfitter_cfg.c ****     #define CY_CFG_MEMORY_BARRIER() __DMB()
  51:.\Generated_Source\PSoC4/cyfitter_cfg.c ****     
  52:.\Generated_Source\PSoC4/cyfitter_cfg.c **** #else
  53:.\Generated_Source\PSoC4/cyfitter_cfg.c ****     #error Unsupported toolchain
  54:.\Generated_Source\PSoC4/cyfitter_cfg.c **** #endif
  55:.\Generated_Source\PSoC4/cyfitter_cfg.c **** 
  56:.\Generated_Source\PSoC4/cyfitter_cfg.c **** 
  57:.\Generated_Source\PSoC4/cyfitter_cfg.c **** CY_CFG_UNUSED
  58:.\Generated_Source\PSoC4/cyfitter_cfg.c **** static void CYMEMZERO(void *s, size_t n);
  59:.\Generated_Source\PSoC4/cyfitter_cfg.c **** CY_CFG_UNUSED
  60:.\Generated_Source\PSoC4/cyfitter_cfg.c **** static void CYMEMZERO(void *s, size_t n)
  61:.\Generated_Source\PSoC4/cyfitter_cfg.c **** {
  25              		.loc 1 61 0
  26              		.cfi_startproc
  27 0000 80B5     		push	{r7, lr}
  28              		.cfi_def_cfa_offset 8
  29              		.cfi_offset 7, -8
  30              		.cfi_offset 14, -4
  31 0002 82B0     		sub	sp, sp, #8
  32              		.cfi_def_cfa_offset 16
  33 0004 00AF     		add	r7, sp, #0
  34              		.cfi_def_cfa_register 7
  35 0006 7860     		str	r0, [r7, #4]
  36 0008 3960     		str	r1, [r7]
  62:.\Generated_Source\PSoC4/cyfitter_cfg.c **** 	(void)memset(s, 0, n);
  37              		.loc 1 62 0
  38 000a 7A68     		ldr	r2, [r7, #4]
  39 000c 3B68     		ldr	r3, [r7]
  40 000e 101C     		mov	r0, r2
  41 0010 0021     		mov	r1, #0
  42 0012 1A1C     		mov	r2, r3
  43 0014 FFF7FEFF 		bl	memset
  63:.\Generated_Source\PSoC4/cyfitter_cfg.c **** }
  44              		.loc 1 63 0
  45 0018 BD46     		mov	sp, r7
  46 001a 02B0     		add	sp, sp, #8
  47              		@ sp needed
  48 001c 80BD     		pop	{r7, pc}
  49              		.cfi_endproc
  50              	.LFE2:
  51              		.size	CYMEMZERO, .-CYMEMZERO
ARM GAS  C:\Users\behrenb2\AppData\Local\Temp\ccSSR5Y2.s 			page 3


  52 001e C046     		.section	.text.CYCONFIGCPY,"ax",%progbits
  53              		.align	2
  54              		.code	16
  55              		.thumb_func
  56              		.type	CYCONFIGCPY, %function
  57              	CYCONFIGCPY:
  58              	.LFB3:
  64:.\Generated_Source\PSoC4/cyfitter_cfg.c **** CY_CFG_UNUSED
  65:.\Generated_Source\PSoC4/cyfitter_cfg.c **** static void CYCONFIGCPY(void *dest, const void *src, size_t n);
  66:.\Generated_Source\PSoC4/cyfitter_cfg.c **** CY_CFG_UNUSED
  67:.\Generated_Source\PSoC4/cyfitter_cfg.c **** static void CYCONFIGCPY(void *dest, const void *src, size_t n)
  68:.\Generated_Source\PSoC4/cyfitter_cfg.c **** {
  59              		.loc 1 68 0
  60              		.cfi_startproc
  61 0000 80B5     		push	{r7, lr}
  62              		.cfi_def_cfa_offset 8
  63              		.cfi_offset 7, -8
  64              		.cfi_offset 14, -4
  65 0002 84B0     		sub	sp, sp, #16
  66              		.cfi_def_cfa_offset 24
  67 0004 00AF     		add	r7, sp, #0
  68              		.cfi_def_cfa_register 7
  69 0006 F860     		str	r0, [r7, #12]
  70 0008 B960     		str	r1, [r7, #8]
  71 000a 7A60     		str	r2, [r7, #4]
  69:.\Generated_Source\PSoC4/cyfitter_cfg.c **** 	(void)memcpy(dest, src, n);
  72              		.loc 1 69 0
  73 000c F968     		ldr	r1, [r7, #12]
  74 000e BA68     		ldr	r2, [r7, #8]
  75 0010 7B68     		ldr	r3, [r7, #4]
  76 0012 081C     		mov	r0, r1
  77 0014 111C     		mov	r1, r2
  78 0016 1A1C     		mov	r2, r3
  79 0018 FFF7FEFF 		bl	memcpy
  70:.\Generated_Source\PSoC4/cyfitter_cfg.c **** }
  80              		.loc 1 70 0
  81 001c BD46     		mov	sp, r7
  82 001e 04B0     		add	sp, sp, #16
  83              		@ sp needed
  84 0020 80BD     		pop	{r7, pc}
  85              		.cfi_endproc
  86              	.LFE3:
  87              		.size	CYCONFIGCPY, .-CYCONFIGCPY
  88 0022 C046     		.section	.text.CYCONFIGCPYCODE,"ax",%progbits
  89              		.align	2
  90              		.code	16
  91              		.thumb_func
  92              		.type	CYCONFIGCPYCODE, %function
  93              	CYCONFIGCPYCODE:
  94              	.LFB4:
  71:.\Generated_Source\PSoC4/cyfitter_cfg.c **** CY_CFG_UNUSED
  72:.\Generated_Source\PSoC4/cyfitter_cfg.c **** static void CYCONFIGCPYCODE(void *dest, const void *src, size_t n);
  73:.\Generated_Source\PSoC4/cyfitter_cfg.c **** CY_CFG_UNUSED
  74:.\Generated_Source\PSoC4/cyfitter_cfg.c **** static void CYCONFIGCPYCODE(void *dest, const void *src, size_t n)
  75:.\Generated_Source\PSoC4/cyfitter_cfg.c **** {
  95              		.loc 1 75 0
  96              		.cfi_startproc
ARM GAS  C:\Users\behrenb2\AppData\Local\Temp\ccSSR5Y2.s 			page 4


  97 0000 80B5     		push	{r7, lr}
  98              		.cfi_def_cfa_offset 8
  99              		.cfi_offset 7, -8
 100              		.cfi_offset 14, -4
 101 0002 84B0     		sub	sp, sp, #16
 102              		.cfi_def_cfa_offset 24
 103 0004 00AF     		add	r7, sp, #0
 104              		.cfi_def_cfa_register 7
 105 0006 F860     		str	r0, [r7, #12]
 106 0008 B960     		str	r1, [r7, #8]
 107 000a 7A60     		str	r2, [r7, #4]
  76:.\Generated_Source\PSoC4/cyfitter_cfg.c **** 	(void)memcpy(dest, src, n);
 108              		.loc 1 76 0
 109 000c F968     		ldr	r1, [r7, #12]
 110 000e BA68     		ldr	r2, [r7, #8]
 111 0010 7B68     		ldr	r3, [r7, #4]
 112 0012 081C     		mov	r0, r1
 113 0014 111C     		mov	r1, r2
 114 0016 1A1C     		mov	r2, r3
 115 0018 FFF7FEFF 		bl	memcpy
  77:.\Generated_Source\PSoC4/cyfitter_cfg.c **** }
 116              		.loc 1 77 0
 117 001c BD46     		mov	sp, r7
 118 001e 04B0     		add	sp, sp, #16
 119              		@ sp needed
 120 0020 80BD     		pop	{r7, pc}
 121              		.cfi_endproc
 122              	.LFE4:
 123              		.size	CYCONFIGCPYCODE, .-CYCONFIGCPYCODE
 124 0022 C046     		.section	.psocinit,"ax",%progbits
 125              		.align	2
 126              		.code	16
 127              		.thumb_func
 128              		.type	ClockSetup, %function
 129              	ClockSetup:
 130              	.LFB5:
  78:.\Generated_Source\PSoC4/cyfitter_cfg.c **** 
  79:.\Generated_Source\PSoC4/cyfitter_cfg.c **** 
  80:.\Generated_Source\PSoC4/cyfitter_cfg.c **** 
  81:.\Generated_Source\PSoC4/cyfitter_cfg.c **** /* Clock startup error codes                                                   */
  82:.\Generated_Source\PSoC4/cyfitter_cfg.c **** #define CYCLOCKSTART_NO_ERROR    0u
  83:.\Generated_Source\PSoC4/cyfitter_cfg.c **** #define CYCLOCKSTART_XTAL_ERROR  1u
  84:.\Generated_Source\PSoC4/cyfitter_cfg.c **** #define CYCLOCKSTART_32KHZ_ERROR 2u
  85:.\Generated_Source\PSoC4/cyfitter_cfg.c **** #define CYCLOCKSTART_PLL_ERROR   3u
  86:.\Generated_Source\PSoC4/cyfitter_cfg.c **** 
  87:.\Generated_Source\PSoC4/cyfitter_cfg.c **** #ifdef CY_NEED_CYCLOCKSTARTUPERROR
  88:.\Generated_Source\PSoC4/cyfitter_cfg.c **** /*******************************************************************************
  89:.\Generated_Source\PSoC4/cyfitter_cfg.c **** * Function Name: CyClockStartupError
  90:.\Generated_Source\PSoC4/cyfitter_cfg.c **** ********************************************************************************
  91:.\Generated_Source\PSoC4/cyfitter_cfg.c **** * Summary:
  92:.\Generated_Source\PSoC4/cyfitter_cfg.c **** *  If an error is encountered during clock configuration (crystal startup error,
  93:.\Generated_Source\PSoC4/cyfitter_cfg.c **** *  PLL lock error, etc.), the system will end up here.  Unless reimplemented by
  94:.\Generated_Source\PSoC4/cyfitter_cfg.c **** *  the customer, this function will stop in an infinite loop.
  95:.\Generated_Source\PSoC4/cyfitter_cfg.c **** *
  96:.\Generated_Source\PSoC4/cyfitter_cfg.c **** * Parameters:
  97:.\Generated_Source\PSoC4/cyfitter_cfg.c **** *   void
  98:.\Generated_Source\PSoC4/cyfitter_cfg.c **** *
ARM GAS  C:\Users\behrenb2\AppData\Local\Temp\ccSSR5Y2.s 			page 5


  99:.\Generated_Source\PSoC4/cyfitter_cfg.c **** * Return:
 100:.\Generated_Source\PSoC4/cyfitter_cfg.c **** *   void
 101:.\Generated_Source\PSoC4/cyfitter_cfg.c **** *
 102:.\Generated_Source\PSoC4/cyfitter_cfg.c **** *******************************************************************************/
 103:.\Generated_Source\PSoC4/cyfitter_cfg.c **** CY_CFG_UNUSED
 104:.\Generated_Source\PSoC4/cyfitter_cfg.c **** static void CyClockStartupError(uint8 errorCode);
 105:.\Generated_Source\PSoC4/cyfitter_cfg.c **** CY_CFG_UNUSED
 106:.\Generated_Source\PSoC4/cyfitter_cfg.c **** static void CyClockStartupError(uint8 errorCode)
 107:.\Generated_Source\PSoC4/cyfitter_cfg.c **** {
 108:.\Generated_Source\PSoC4/cyfitter_cfg.c ****     /* To remove the compiler warning if errorCode not used.                */
 109:.\Generated_Source\PSoC4/cyfitter_cfg.c ****     errorCode = errorCode;
 110:.\Generated_Source\PSoC4/cyfitter_cfg.c **** 
 111:.\Generated_Source\PSoC4/cyfitter_cfg.c ****     /* `#START CyClockStartupError` */
 112:.\Generated_Source\PSoC4/cyfitter_cfg.c **** 
 113:.\Generated_Source\PSoC4/cyfitter_cfg.c ****     /* If we have a clock startup error (bad MHz crystal, PLL lock, etc.),  */
 114:.\Generated_Source\PSoC4/cyfitter_cfg.c ****     /* we will end up here to allow the customer to implement something to  */
 115:.\Generated_Source\PSoC4/cyfitter_cfg.c ****     /* deal with the clock condition.                                       */
 116:.\Generated_Source\PSoC4/cyfitter_cfg.c **** 
 117:.\Generated_Source\PSoC4/cyfitter_cfg.c ****     /* `#END` */
 118:.\Generated_Source\PSoC4/cyfitter_cfg.c **** 
 119:.\Generated_Source\PSoC4/cyfitter_cfg.c ****     /* If nothing else, stop here since the clocks have not started         */
 120:.\Generated_Source\PSoC4/cyfitter_cfg.c ****     /* correctly.                                                           */
 121:.\Generated_Source\PSoC4/cyfitter_cfg.c ****     while(1) {}
 122:.\Generated_Source\PSoC4/cyfitter_cfg.c **** }
 123:.\Generated_Source\PSoC4/cyfitter_cfg.c **** #endif
 124:.\Generated_Source\PSoC4/cyfitter_cfg.c **** 
 125:.\Generated_Source\PSoC4/cyfitter_cfg.c **** 
 126:.\Generated_Source\PSoC4/cyfitter_cfg.c **** 
 127:.\Generated_Source\PSoC4/cyfitter_cfg.c **** /*******************************************************************************
 128:.\Generated_Source\PSoC4/cyfitter_cfg.c **** * Function Name: ClockSetup
 129:.\Generated_Source\PSoC4/cyfitter_cfg.c **** ********************************************************************************
 130:.\Generated_Source\PSoC4/cyfitter_cfg.c **** *
 131:.\Generated_Source\PSoC4/cyfitter_cfg.c **** * Summary:
 132:.\Generated_Source\PSoC4/cyfitter_cfg.c **** *   Performs the initialization of all of the clocks in the device based on the
 133:.\Generated_Source\PSoC4/cyfitter_cfg.c **** *   settings in the Clock tab of the DWR.  This includes enabling the requested
 134:.\Generated_Source\PSoC4/cyfitter_cfg.c **** *   clocks and setting the necessary dividers to produce the desired frequency. 
 135:.\Generated_Source\PSoC4/cyfitter_cfg.c **** *
 136:.\Generated_Source\PSoC4/cyfitter_cfg.c **** * Parameters:
 137:.\Generated_Source\PSoC4/cyfitter_cfg.c **** *   void
 138:.\Generated_Source\PSoC4/cyfitter_cfg.c **** *
 139:.\Generated_Source\PSoC4/cyfitter_cfg.c **** * Return:
 140:.\Generated_Source\PSoC4/cyfitter_cfg.c **** *   void
 141:.\Generated_Source\PSoC4/cyfitter_cfg.c **** *
 142:.\Generated_Source\PSoC4/cyfitter_cfg.c **** *******************************************************************************/
 143:.\Generated_Source\PSoC4/cyfitter_cfg.c **** static void ClockSetup(void);
 144:.\Generated_Source\PSoC4/cyfitter_cfg.c **** CY_CFG_SECTION
 145:.\Generated_Source\PSoC4/cyfitter_cfg.c **** static void ClockSetup(void)
 146:.\Generated_Source\PSoC4/cyfitter_cfg.c **** {
 131              		.loc 1 146 0
 132              		.cfi_startproc
 133 0000 80B5     		push	{r7, lr}
 134              		.cfi_def_cfa_offset 8
 135              		.cfi_offset 7, -8
 136              		.cfi_offset 14, -4
 137 0002 00AF     		add	r7, sp, #0
 138              		.cfi_def_cfa_register 7
 147:.\Generated_Source\PSoC4/cyfitter_cfg.c **** 
ARM GAS  C:\Users\behrenb2\AppData\Local\Temp\ccSSR5Y2.s 			page 6


 148:.\Generated_Source\PSoC4/cyfitter_cfg.c **** 	/* Set Flash Cycles based on max possible frequency in case a glitch occurs during ClockSetup(). *
 149:.\Generated_Source\PSoC4/cyfitter_cfg.c **** 	CY_SET_REG32((void CYXDATA *)(CYREG_CPUSS_FLASH_CTL), (0x0012u));
 139              		.loc 1 149 0
 140 0004 224B     		ldr	r3, .L5
 141 0006 1222     		mov	r2, #18
 142 0008 1A60     		str	r2, [r3]
 150:.\Generated_Source\PSoC4/cyfitter_cfg.c **** 
 151:.\Generated_Source\PSoC4/cyfitter_cfg.c **** 	/* Start the WCO */
 152:.\Generated_Source\PSoC4/cyfitter_cfg.c **** 	CySysClkWcoStart();
 143              		.loc 1 152 0
 144 000a FFF7FEFF 		bl	CySysClkWcoStart
 153:.\Generated_Source\PSoC4/cyfitter_cfg.c **** 	CyDelayCycles(12000000u); /* WCO may take up to 500ms to start */
 145              		.loc 1 153 0
 146 000e 214B     		ldr	r3, .L5+4
 147 0010 181C     		mov	r0, r3
 148 0012 FFF7FEFF 		bl	CyDelayCycles
 154:.\Generated_Source\PSoC4/cyfitter_cfg.c **** 	(void)CySysClkWcoSetPowerMode(CY_SYS_CLK_WCO_LPM);    /* Switch to the low power mode */
 149              		.loc 1 154 0
 150 0016 0120     		mov	r0, #1
 151 0018 FFF7FEFF 		bl	CySysClkWcoSetPowerMode
 155:.\Generated_Source\PSoC4/cyfitter_cfg.c **** 
 156:.\Generated_Source\PSoC4/cyfitter_cfg.c **** 	/* Setup and trim IMO based on desired frequency. */
 157:.\Generated_Source\PSoC4/cyfitter_cfg.c **** 	CySysClkWriteImoFreq(48u);
 152              		.loc 1 157 0
 153 001c 3020     		mov	r0, #48
 154 001e FFF7FEFF 		bl	CySysClkWriteImoFreq
 158:.\Generated_Source\PSoC4/cyfitter_cfg.c **** 	/* CYDEV_CLK_ILO_CONFIG Starting address: CYDEV_CLK_ILO_CONFIG */
 159:.\Generated_Source\PSoC4/cyfitter_cfg.c **** 	CY_SET_XTND_REG32((void CYFAR *)(CYREG_CLK_ILO_CONFIG), 0x80000006u);
 155              		.loc 1 159 0
 156 0022 1D4B     		ldr	r3, .L5+8
 157 0024 1D4A     		ldr	r2, .L5+12
 158 0026 1A60     		str	r2, [r3]
 160:.\Generated_Source\PSoC4/cyfitter_cfg.c **** 
 161:.\Generated_Source\PSoC4/cyfitter_cfg.c **** 	/* CYDEV_WDT_CONFIG Starting address: CYDEV_WDT_CONFIG */
 162:.\Generated_Source\PSoC4/cyfitter_cfg.c **** 	CY_SET_XTND_REG32((void CYFAR *)(CYREG_WDT_CONFIG), 0x40000000u);
 159              		.loc 1 162 0
 160 0028 1D4B     		ldr	r3, .L5+16
 161 002a 8022     		mov	r2, #128
 162 002c D205     		lsl	r2, r2, #23
 163 002e 1A60     		str	r2, [r3]
 163:.\Generated_Source\PSoC4/cyfitter_cfg.c **** 
 164:.\Generated_Source\PSoC4/cyfitter_cfg.c **** 
 165:.\Generated_Source\PSoC4/cyfitter_cfg.c **** 	/* Enable fast start mode for XO */
 166:.\Generated_Source\PSoC4/cyfitter_cfg.c **** 	CY_SET_REG32((void*)CYREG_BLE_BLERD_BB_XO, CY_GET_REG32((void*)CYREG_BLE_BLERD_BB_XO) | (uint32)0x
 164              		.loc 1 166 0
 165 0030 1C4B     		ldr	r3, .L5+20
 166 0032 1C4A     		ldr	r2, .L5+20
 167 0034 1268     		ldr	r2, [r2]
 168 0036 0221     		mov	r1, #2
 169 0038 0A43     		orr	r2, r1
 170 003a 1A60     		str	r2, [r3]
 167:.\Generated_Source\PSoC4/cyfitter_cfg.c **** 	CY_SET_XTND_REG32((void CYFAR *)(CYREG_BLE_BLERD_BB_XO_CAPTRIM), 0x00002D6Au);
 171              		.loc 1 167 0
 172 003c 1A4B     		ldr	r3, .L5+24
 173 003e 1B4A     		ldr	r2, .L5+28
 174 0040 1A60     		str	r2, [r3]
 168:.\Generated_Source\PSoC4/cyfitter_cfg.c **** 	/* Disable Crystal Stable Interrupt before enabling ECO */
ARM GAS  C:\Users\behrenb2\AppData\Local\Temp\ccSSR5Y2.s 			page 7


 169:.\Generated_Source\PSoC4/cyfitter_cfg.c **** 	CY_SET_REG32((void*)CYREG_BLE_BLESS_LL_DSM_CTRL, CY_GET_REG32((void*)CYREG_BLE_BLESS_LL_DSM_CTRL) 
 175              		.loc 1 169 0
 176 0042 1B4B     		ldr	r3, .L5+32
 177 0044 1A4A     		ldr	r2, .L5+32
 178 0046 1268     		ldr	r2, [r2]
 179 0048 0821     		mov	r1, #8
 180 004a 8A43     		bic	r2, r1
 181 004c 1A60     		str	r2, [r3]
 170:.\Generated_Source\PSoC4/cyfitter_cfg.c **** 	/* Start the ECO and do not check status since it is not needed for HFCLK */
 171:.\Generated_Source\PSoC4/cyfitter_cfg.c **** 	(void)CySysClkEcoStart(2000u);
 182              		.loc 1 171 0
 183 004e FA23     		mov	r3, #250
 184 0050 DB00     		lsl	r3, r3, #3
 185 0052 181C     		mov	r0, r3
 186 0054 FFF7FEFF 		bl	CySysClkEcoStart
 172:.\Generated_Source\PSoC4/cyfitter_cfg.c **** 	CyDelayUs(1500u); /* Wait to stabalize */
 187              		.loc 1 172 0
 188 0058 164B     		ldr	r3, .L5+36
 189 005a 181C     		mov	r0, r3
 190 005c FFF7FEFF 		bl	CyDelayUs
 173:.\Generated_Source\PSoC4/cyfitter_cfg.c **** 
 174:.\Generated_Source\PSoC4/cyfitter_cfg.c **** 	/* Setup phase aligned clocks */
 175:.\Generated_Source\PSoC4/cyfitter_cfg.c **** 	CY_SET_REG32((void *)CYREG_PERI_DIV_16_CTL0, 0x00000300u);
 191              		.loc 1 175 0
 192 0060 154B     		ldr	r3, .L5+40
 193 0062 C022     		mov	r2, #192
 194 0064 9200     		lsl	r2, r2, #2
 195 0066 1A60     		str	r2, [r3]
 176:.\Generated_Source\PSoC4/cyfitter_cfg.c **** 	CY_SET_REG32((void *)CYREG_PERI_DIV_CMD, 0x8000FF40u);
 196              		.loc 1 176 0
 197 0068 144B     		ldr	r3, .L5+44
 198 006a 154A     		ldr	r2, .L5+48
 199 006c 1A60     		str	r2, [r3]
 177:.\Generated_Source\PSoC4/cyfitter_cfg.c **** 
 178:.\Generated_Source\PSoC4/cyfitter_cfg.c **** 	/* CYDEV_CLK_IMO_CONFIG Starting address: CYDEV_CLK_IMO_CONFIG */
 179:.\Generated_Source\PSoC4/cyfitter_cfg.c **** 	CY_SET_XTND_REG32((void CYFAR *)(CYREG_CLK_IMO_CONFIG), 0x80000000u);
 200              		.loc 1 179 0
 201 006e 154B     		ldr	r3, .L5+52
 202 0070 8022     		mov	r2, #128
 203 0072 1206     		lsl	r2, r2, #24
 204 0074 1A60     		str	r2, [r3]
 180:.\Generated_Source\PSoC4/cyfitter_cfg.c **** 
 181:.\Generated_Source\PSoC4/cyfitter_cfg.c **** 	/* CYDEV_CLK_SELECT Starting address: CYDEV_CLK_SELECT */
 182:.\Generated_Source\PSoC4/cyfitter_cfg.c **** 	CY_SET_XTND_REG32((void CYFAR *)(CYREG_CLK_SELECT), 0x00080000u);
 205              		.loc 1 182 0
 206 0076 144B     		ldr	r3, .L5+56
 207 0078 8022     		mov	r2, #128
 208 007a 1203     		lsl	r2, r2, #12
 209 007c 1A60     		str	r2, [r3]
 183:.\Generated_Source\PSoC4/cyfitter_cfg.c **** 
 184:.\Generated_Source\PSoC4/cyfitter_cfg.c **** 	/* CYDEV_PERI_PCLK_CTL1 Starting address: CYDEV_PERI_PCLK_CTL1 */
 185:.\Generated_Source\PSoC4/cyfitter_cfg.c **** 	CY_SET_XTND_REG32((void CYFAR *)(CYREG_PERI_PCLK_CTL1), 0x00000040u);
 210              		.loc 1 185 0
 211 007e 134B     		ldr	r3, .L5+60
 212 0080 4022     		mov	r2, #64
 213 0082 1A60     		str	r2, [r3]
 186:.\Generated_Source\PSoC4/cyfitter_cfg.c **** 
ARM GAS  C:\Users\behrenb2\AppData\Local\Temp\ccSSR5Y2.s 			page 8


 187:.\Generated_Source\PSoC4/cyfitter_cfg.c **** 	CY_SET_XTND_REG32((void CYFAR *)(CYREG_WDT_CONFIG), 0x40000000u);
 214              		.loc 1 187 0
 215 0084 064B     		ldr	r3, .L5+16
 216 0086 8022     		mov	r2, #128
 217 0088 D205     		lsl	r2, r2, #23
 218 008a 1A60     		str	r2, [r3]
 188:.\Generated_Source\PSoC4/cyfitter_cfg.c **** }
 219              		.loc 1 188 0
 220 008c BD46     		mov	sp, r7
 221              		@ sp needed
 222 008e 80BD     		pop	{r7, pc}
 223              	.L6:
 224              		.align	2
 225              	.L5:
 226 0090 30001040 		.word	1074790448
 227 0094 001BB700 		.word	12000000
 228 0098 04010B40 		.word	1074462980
 229 009c 06000080 		.word	-2147483642
 230 00a0 0C020B40 		.word	1074463244
 231 00a4 78002E40 		.word	1076756600
 232 00a8 7C002E40 		.word	1076756604
 233 00ac 6A2D0000 		.word	11626
 234 00b0 6CF02E40 		.word	1076818028
 235 00b4 DC050000 		.word	1500
 236 00b8 00030140 		.word	1073808128
 237 00bc 00000140 		.word	1073807360
 238 00c0 40FF0080 		.word	-2147418304
 239 00c4 08010B40 		.word	1074462984
 240 00c8 00010B40 		.word	1074462976
 241 00cc 04010140 		.word	1073807620
 242              		.cfi_endproc
 243              	.LFE5:
 244              		.size	ClockSetup, .-ClockSetup
 245              		.section	.text.AnalogSetDefault,"ax",%progbits
 246              		.align	2
 247              		.code	16
 248              		.thumb_func
 249              		.type	AnalogSetDefault, %function
 250              	AnalogSetDefault:
 251              	.LFB6:
 189:.\Generated_Source\PSoC4/cyfitter_cfg.c **** 
 190:.\Generated_Source\PSoC4/cyfitter_cfg.c **** 
 191:.\Generated_Source\PSoC4/cyfitter_cfg.c **** /* Analog API Functions */
 192:.\Generated_Source\PSoC4/cyfitter_cfg.c **** 
 193:.\Generated_Source\PSoC4/cyfitter_cfg.c **** 
 194:.\Generated_Source\PSoC4/cyfitter_cfg.c **** /*******************************************************************************
 195:.\Generated_Source\PSoC4/cyfitter_cfg.c **** * Function Name: AnalogSetDefault
 196:.\Generated_Source\PSoC4/cyfitter_cfg.c **** ********************************************************************************
 197:.\Generated_Source\PSoC4/cyfitter_cfg.c **** *
 198:.\Generated_Source\PSoC4/cyfitter_cfg.c **** * Summary:
 199:.\Generated_Source\PSoC4/cyfitter_cfg.c **** *  Sets up the analog portions of the chip to default values based on chip
 200:.\Generated_Source\PSoC4/cyfitter_cfg.c **** *  configuration options from the project.
 201:.\Generated_Source\PSoC4/cyfitter_cfg.c **** *
 202:.\Generated_Source\PSoC4/cyfitter_cfg.c **** * Parameters:
 203:.\Generated_Source\PSoC4/cyfitter_cfg.c **** *  void
 204:.\Generated_Source\PSoC4/cyfitter_cfg.c **** *
 205:.\Generated_Source\PSoC4/cyfitter_cfg.c **** * Return:
ARM GAS  C:\Users\behrenb2\AppData\Local\Temp\ccSSR5Y2.s 			page 9


 206:.\Generated_Source\PSoC4/cyfitter_cfg.c **** *  void
 207:.\Generated_Source\PSoC4/cyfitter_cfg.c **** *
 208:.\Generated_Source\PSoC4/cyfitter_cfg.c **** *******************************************************************************/
 209:.\Generated_Source\PSoC4/cyfitter_cfg.c **** static void AnalogSetDefault(void);
 210:.\Generated_Source\PSoC4/cyfitter_cfg.c **** static void AnalogSetDefault(void)
 211:.\Generated_Source\PSoC4/cyfitter_cfg.c **** {
 252              		.loc 1 211 0
 253              		.cfi_startproc
 254 0000 80B5     		push	{r7, lr}
 255              		.cfi_def_cfa_offset 8
 256              		.cfi_offset 7, -8
 257              		.cfi_offset 14, -4
 258 0002 00AF     		add	r7, sp, #0
 259              		.cfi_def_cfa_register 7
 212:.\Generated_Source\PSoC4/cyfitter_cfg.c **** 	CY_SET_XTND_REG32((void CYFAR *)CYREG_CTBM0_DFT_CTRL, 0x00000003u);
 260              		.loc 1 212 0
 261 0004 054B     		ldr	r3, .L8
 262 0006 0322     		mov	r2, #3
 263 0008 1A60     		str	r2, [r3]
 213:.\Generated_Source\PSoC4/cyfitter_cfg.c **** 	CY_SET_XTND_REG32((void CYFAR *)CYREG_CTBM1_DFT_CTRL, 0x00000003u);
 264              		.loc 1 213 0
 265 000a 054B     		ldr	r3, .L8+4
 266 000c 0322     		mov	r2, #3
 267 000e 1A60     		str	r2, [r3]
 214:.\Generated_Source\PSoC4/cyfitter_cfg.c **** 	CY_SET_XTND_REG32((void CYFAR *)CYREG_PASS_DSAB_DSAB_CTRL, 0x00000000u);
 268              		.loc 1 214 0
 269 0010 044B     		ldr	r3, .L8+8
 270 0012 0022     		mov	r2, #0
 271 0014 1A60     		str	r2, [r3]
 215:.\Generated_Source\PSoC4/cyfitter_cfg.c **** }
 272              		.loc 1 215 0
 273 0016 BD46     		mov	sp, r7
 274              		@ sp needed
 275 0018 80BD     		pop	{r7, pc}
 276              	.L9:
 277 001a C046     		.align	2
 278              	.L8:
 279 001c 30003040 		.word	1076887600
 280 0020 30003140 		.word	1076953136
 281 0024 000E3F40 		.word	1077874176
 282              		.cfi_endproc
 283              	.LFE6:
 284              		.size	AnalogSetDefault, .-AnalogSetDefault
 285              		.section	.psocinit
 286              		.align	2
 287              		.global	cyfitter_cfg
 288              		.code	16
 289              		.thumb_func
 290              		.type	cyfitter_cfg, %function
 291              	cyfitter_cfg:
 292              	.LFB7:
 216:.\Generated_Source\PSoC4/cyfitter_cfg.c **** 
 217:.\Generated_Source\PSoC4/cyfitter_cfg.c **** #define CY_AMUX_UNUSED CYREG_CM0_ROM_DWT
 218:.\Generated_Source\PSoC4/cyfitter_cfg.c **** 
 219:.\Generated_Source\PSoC4/cyfitter_cfg.c **** 
 220:.\Generated_Source\PSoC4/cyfitter_cfg.c **** /*******************************************************************************
 221:.\Generated_Source\PSoC4/cyfitter_cfg.c **** * Function Name: cyfitter_cfg
ARM GAS  C:\Users\behrenb2\AppData\Local\Temp\ccSSR5Y2.s 			page 10


 222:.\Generated_Source\PSoC4/cyfitter_cfg.c **** ********************************************************************************
 223:.\Generated_Source\PSoC4/cyfitter_cfg.c **** * Summary:
 224:.\Generated_Source\PSoC4/cyfitter_cfg.c **** *  This function is called by the start-up code for the selected device. It
 225:.\Generated_Source\PSoC4/cyfitter_cfg.c **** *  performs all of the necessary device configuration based on the design
 226:.\Generated_Source\PSoC4/cyfitter_cfg.c **** *  settings.  This includes settings from the Design Wide Resources (DWR) such
 227:.\Generated_Source\PSoC4/cyfitter_cfg.c **** *  as Clocks and Pins as well as any component configuration that is necessary.
 228:.\Generated_Source\PSoC4/cyfitter_cfg.c **** *
 229:.\Generated_Source\PSoC4/cyfitter_cfg.c **** * Parameters:  
 230:.\Generated_Source\PSoC4/cyfitter_cfg.c **** *   void
 231:.\Generated_Source\PSoC4/cyfitter_cfg.c **** *
 232:.\Generated_Source\PSoC4/cyfitter_cfg.c **** * Return:
 233:.\Generated_Source\PSoC4/cyfitter_cfg.c **** *   void
 234:.\Generated_Source\PSoC4/cyfitter_cfg.c **** *
 235:.\Generated_Source\PSoC4/cyfitter_cfg.c **** *******************************************************************************/
 236:.\Generated_Source\PSoC4/cyfitter_cfg.c **** CY_CFG_SECTION
 237:.\Generated_Source\PSoC4/cyfitter_cfg.c **** void cyfitter_cfg(void)
 238:.\Generated_Source\PSoC4/cyfitter_cfg.c **** {
 293              		.loc 1 238 0
 294              		.cfi_startproc
 295 00d0 80B5     		push	{r7, lr}
 296              		.cfi_def_cfa_offset 8
 297              		.cfi_offset 7, -8
 298              		.cfi_offset 14, -4
 299 00d2 82B0     		sub	sp, sp, #8
 300              		.cfi_def_cfa_offset 16
 301 00d4 00AF     		add	r7, sp, #0
 302              		.cfi_def_cfa_register 7
 239:.\Generated_Source\PSoC4/cyfitter_cfg.c **** 	/* Disable interrupts by default. Let user enable if/when they want. */
 240:.\Generated_Source\PSoC4/cyfitter_cfg.c **** 	CyGlobalIntDisable;
 303              		.loc 1 240 0
 304              	@ 240 ".\Generated_Source\PSoC4\cyfitter_cfg.c" 1
 305 00d6 72B6     		CPSID   i
 306              	@ 0 "" 2
 241:.\Generated_Source\PSoC4/cyfitter_cfg.c **** 
 242:.\Generated_Source\PSoC4/cyfitter_cfg.c **** 	CY_SET_XTND_REG32((void CYFAR *)(CYREG_BLE_BLESS_LL_DSM_CTRL), 0x00000000u);
 307              		.loc 1 242 0
 308              		.code	16
 309 00d8 3F4B     		ldr	r3, .L13
 310 00da 0022     		mov	r2, #0
 311 00dc 1A60     		str	r2, [r3]
 312              	.LBB2:
 243:.\Generated_Source\PSoC4/cyfitter_cfg.c **** 
 244:.\Generated_Source\PSoC4/cyfitter_cfg.c **** 	{
 245:.\Generated_Source\PSoC4/cyfitter_cfg.c **** 
 246:.\Generated_Source\PSoC4/cyfitter_cfg.c **** 		CYPACKED typedef struct {
 247:.\Generated_Source\PSoC4/cyfitter_cfg.c **** 			void CYFAR *address;
 248:.\Generated_Source\PSoC4/cyfitter_cfg.c **** 			uint16 size;
 249:.\Generated_Source\PSoC4/cyfitter_cfg.c **** 		} CYPACKED_ATTR cfg_memset_t;
 250:.\Generated_Source\PSoC4/cyfitter_cfg.c **** 
 251:.\Generated_Source\PSoC4/cyfitter_cfg.c **** 		static const cfg_memset_t CYCODE cfg_memset_list [] = {
 252:.\Generated_Source\PSoC4/cyfitter_cfg.c **** 			/* address, size */
 253:.\Generated_Source\PSoC4/cyfitter_cfg.c **** 			{(void CYFAR *)(CYDEV_UDB_P0_U0_BASE), 1024u},
 254:.\Generated_Source\PSoC4/cyfitter_cfg.c **** 			{(void CYFAR *)(CYDEV_UDB_DSI0_BASE), 1024u},
 255:.\Generated_Source\PSoC4/cyfitter_cfg.c **** 		};
 256:.\Generated_Source\PSoC4/cyfitter_cfg.c **** 
 257:.\Generated_Source\PSoC4/cyfitter_cfg.c **** 		uint8 CYDATA i;
 258:.\Generated_Source\PSoC4/cyfitter_cfg.c **** 
ARM GAS  C:\Users\behrenb2\AppData\Local\Temp\ccSSR5Y2.s 			page 11


 259:.\Generated_Source\PSoC4/cyfitter_cfg.c **** 		/* Zero out critical memory blocks before beginning configuration */
 260:.\Generated_Source\PSoC4/cyfitter_cfg.c **** 		for (i = 0u; i < (sizeof(cfg_memset_list)/sizeof(cfg_memset_list[0])); i++)
 313              		.loc 1 260 0
 314 00de FB1D     		add	r3, r7, #7
 315 00e0 0022     		mov	r2, #0
 316 00e2 1A70     		strb	r2, [r3]
 317 00e4 23E0     		b	.L11
 318              	.L12:
 319              	.LBB3:
 261:.\Generated_Source\PSoC4/cyfitter_cfg.c **** 		{
 262:.\Generated_Source\PSoC4/cyfitter_cfg.c **** 			const cfg_memset_t CYCODE * CYDATA ms = &cfg_memset_list[i];
 320              		.loc 1 262 0 discriminator 3
 321 00e6 FB1D     		add	r3, r7, #7
 322 00e8 1A78     		ldrb	r2, [r3]
 323 00ea 131C     		mov	r3, r2
 324 00ec 5B00     		lsl	r3, r3, #1
 325 00ee 9B18     		add	r3, r3, r2
 326 00f0 5B00     		lsl	r3, r3, #1
 327 00f2 3A4A     		ldr	r2, .L13+4
 328 00f4 9B18     		add	r3, r3, r2
 329 00f6 3B60     		str	r3, [r7]
 263:.\Generated_Source\PSoC4/cyfitter_cfg.c **** 			CYMEMZERO(ms->address, (size_t)(uint32)(ms->size));
 330              		.loc 1 263 0 discriminator 3
 331 00f8 3B68     		ldr	r3, [r7]
 332 00fa 1A78     		ldrb	r2, [r3]
 333 00fc 5978     		ldrb	r1, [r3, #1]
 334 00fe 0902     		lsl	r1, r1, #8
 335 0100 0A43     		orr	r2, r1
 336 0102 9978     		ldrb	r1, [r3, #2]
 337 0104 0904     		lsl	r1, r1, #16
 338 0106 0A43     		orr	r2, r1
 339 0108 DB78     		ldrb	r3, [r3, #3]
 340 010a 1B06     		lsl	r3, r3, #24
 341 010c 1343     		orr	r3, r2
 342 010e 191C     		mov	r1, r3
 343 0110 3B68     		ldr	r3, [r7]
 344 0112 1A79     		ldrb	r2, [r3, #4]
 345 0114 5B79     		ldrb	r3, [r3, #5]
 346 0116 1B02     		lsl	r3, r3, #8
 347 0118 1343     		orr	r3, r2
 348 011a 9BB2     		uxth	r3, r3
 349 011c 081C     		mov	r0, r1
 350 011e 191C     		mov	r1, r3
 351 0120 FFF7FEFF 		bl	CYMEMZERO
 352              	.LBE3:
 260:.\Generated_Source\PSoC4/cyfitter_cfg.c **** 		{
 353              		.loc 1 260 0 discriminator 3
 354 0124 FB1D     		add	r3, r7, #7
 355 0126 1A78     		ldrb	r2, [r3]
 356 0128 FB1D     		add	r3, r7, #7
 357 012a 0132     		add	r2, r2, #1
 358 012c 1A70     		strb	r2, [r3]
 359              	.L11:
 260:.\Generated_Source\PSoC4/cyfitter_cfg.c **** 		{
 360              		.loc 1 260 0 is_stmt 0 discriminator 1
 361 012e FB1D     		add	r3, r7, #7
 362 0130 1B78     		ldrb	r3, [r3]
ARM GAS  C:\Users\behrenb2\AppData\Local\Temp\ccSSR5Y2.s 			page 12


 363 0132 012B     		cmp	r3, #1
 364 0134 D7D9     		bls	.L12
 264:.\Generated_Source\PSoC4/cyfitter_cfg.c **** 		}
 265:.\Generated_Source\PSoC4/cyfitter_cfg.c **** 
 266:.\Generated_Source\PSoC4/cyfitter_cfg.c **** 		/* HSIOM Starting address: CYDEV_HSIOM_BASE */
 267:.\Generated_Source\PSoC4/cyfitter_cfg.c **** 		CY_SET_XTND_REG32((void CYFAR *)(CYDEV_HSIOM_BASE), 0x000E0000u);
 365              		.loc 1 267 0 is_stmt 1
 366 0136 2A4B     		ldr	r3, .L13+8
 367 0138 E022     		mov	r2, #224
 368 013a 1203     		lsl	r2, r2, #12
 369 013c 1A60     		str	r2, [r3]
 268:.\Generated_Source\PSoC4/cyfitter_cfg.c **** 		CY_SET_XTND_REG32((void CYFAR *)(CYREG_HSIOM_PORT_SEL3), 0x000000E0u);
 370              		.loc 1 268 0
 371 013e 294B     		ldr	r3, .L13+12
 372 0140 E022     		mov	r2, #224
 373 0142 1A60     		str	r2, [r3]
 269:.\Generated_Source\PSoC4/cyfitter_cfg.c **** 
 270:.\Generated_Source\PSoC4/cyfitter_cfg.c **** 		/* UDB_PA_0 Starting address: CYDEV_UDB_PA0_BASE */
 271:.\Generated_Source\PSoC4/cyfitter_cfg.c **** 		CY_SET_XTND_REG32((void CYFAR *)(CYDEV_UDB_PA0_BASE), 0x00990000u);
 374              		.loc 1 271 0
 375 0144 284B     		ldr	r3, .L13+16
 376 0146 9922     		mov	r2, #153
 377 0148 1204     		lsl	r2, r2, #16
 378 014a 1A60     		str	r2, [r3]
 272:.\Generated_Source\PSoC4/cyfitter_cfg.c **** 
 273:.\Generated_Source\PSoC4/cyfitter_cfg.c **** 		/* UDB_PA_1 Starting address: CYDEV_UDB_PA1_BASE */
 274:.\Generated_Source\PSoC4/cyfitter_cfg.c **** 		CY_SET_XTND_REG32((void CYFAR *)(CYDEV_UDB_PA1_BASE), 0x00990000u);
 379              		.loc 1 274 0
 380 014c 274B     		ldr	r3, .L13+20
 381 014e 9922     		mov	r2, #153
 382 0150 1204     		lsl	r2, r2, #16
 383 0152 1A60     		str	r2, [r3]
 275:.\Generated_Source\PSoC4/cyfitter_cfg.c **** 
 276:.\Generated_Source\PSoC4/cyfitter_cfg.c **** 		/* UDB_PA_2 Starting address: CYDEV_UDB_PA2_BASE */
 277:.\Generated_Source\PSoC4/cyfitter_cfg.c **** 		CY_SET_XTND_REG32((void CYFAR *)(CYDEV_UDB_PA2_BASE), 0x00990000u);
 384              		.loc 1 277 0
 385 0154 264B     		ldr	r3, .L13+24
 386 0156 9922     		mov	r2, #153
 387 0158 1204     		lsl	r2, r2, #16
 388 015a 1A60     		str	r2, [r3]
 278:.\Generated_Source\PSoC4/cyfitter_cfg.c **** 
 279:.\Generated_Source\PSoC4/cyfitter_cfg.c **** 		/* UDB_PA_3 Starting address: CYDEV_UDB_PA3_BASE */
 280:.\Generated_Source\PSoC4/cyfitter_cfg.c **** 		CY_SET_XTND_REG32((void CYFAR *)(CYDEV_UDB_PA3_BASE), 0x00990000u);
 389              		.loc 1 280 0
 390 015c 254B     		ldr	r3, .L13+28
 391 015e 9922     		mov	r2, #153
 392 0160 1204     		lsl	r2, r2, #16
 393 0162 1A60     		str	r2, [r3]
 281:.\Generated_Source\PSoC4/cyfitter_cfg.c **** 
 282:.\Generated_Source\PSoC4/cyfitter_cfg.c **** 		/* Enable digital routing */
 283:.\Generated_Source\PSoC4/cyfitter_cfg.c **** 		CY_SET_XTND_REG8((void *)CYREG_UDB_UDBIF_BANK_CTL, CY_GET_XTND_REG8((void *)CYREG_UDB_UDBIF_BANK_
 394              		.loc 1 283 0
 395 0164 244A     		ldr	r2, .L13+32
 396 0166 244B     		ldr	r3, .L13+32
 397 0168 1B78     		ldrb	r3, [r3]
 398 016a DBB2     		uxtb	r3, r3
 399 016c 0221     		mov	r1, #2
ARM GAS  C:\Users\behrenb2\AppData\Local\Temp\ccSSR5Y2.s 			page 13


 400 016e 0B43     		orr	r3, r1
 401 0170 DBB2     		uxtb	r3, r3
 402 0172 1370     		strb	r3, [r2]
 284:.\Generated_Source\PSoC4/cyfitter_cfg.c **** 
 285:.\Generated_Source\PSoC4/cyfitter_cfg.c **** 		/* Enable UDB array */
 286:.\Generated_Source\PSoC4/cyfitter_cfg.c **** 		CY_SET_XTND_REG8((void *)CYREG_UDB_UDBIF_WAIT_CFG, (uint8)((CY_GET_XTND_REG8((void *)CYREG_UDB_UD
 403              		.loc 1 286 0
 404 0174 214A     		ldr	r2, .L13+36
 405 0176 214B     		ldr	r3, .L13+36
 406 0178 1B78     		ldrb	r3, [r3]
 407 017a DBB2     		uxtb	r3, r3
 408 017c 3C21     		mov	r1, #60
 409 017e 8B43     		bic	r3, r1
 410 0180 DBB2     		uxtb	r3, r3
 411 0182 1421     		mov	r1, #20
 412 0184 0B43     		orr	r3, r1
 413 0186 DBB2     		uxtb	r3, r3
 414 0188 1370     		strb	r3, [r2]
 287:.\Generated_Source\PSoC4/cyfitter_cfg.c **** 		CY_SET_XTND_REG8((void *)CYREG_UDB_UDBIF_BANK_CTL, (uint8)(CY_GET_XTND_REG8((void *)CYREG_UDB_UDB
 415              		.loc 1 287 0
 416 018a 1B4A     		ldr	r2, .L13+32
 417 018c 1A4B     		ldr	r3, .L13+32
 418 018e 1B78     		ldrb	r3, [r3]
 419 0190 DBB2     		uxtb	r3, r3
 420 0192 1621     		mov	r1, #22
 421 0194 0B43     		orr	r3, r1
 422 0196 DBB2     		uxtb	r3, r3
 423 0198 1370     		strb	r3, [r2]
 424              	.LBE2:
 288:.\Generated_Source\PSoC4/cyfitter_cfg.c **** 	}
 289:.\Generated_Source\PSoC4/cyfitter_cfg.c **** 
 290:.\Generated_Source\PSoC4/cyfitter_cfg.c **** 	/* Perform second pass device configuration. These items must be configured in specific order afte
 291:.\Generated_Source\PSoC4/cyfitter_cfg.c **** 	/* IOPINS0_0 Starting address: CYDEV_GPIO_PRT0_BASE */
 292:.\Generated_Source\PSoC4/cyfitter_cfg.c **** 	CY_SET_XTND_REG32((void CYFAR *)(CYDEV_GPIO_PRT0_BASE), 0x00000010u);
 425              		.loc 1 292 0
 426 019a 194B     		ldr	r3, .L13+40
 427 019c 1022     		mov	r2, #16
 428 019e 1A60     		str	r2, [r3]
 293:.\Generated_Source\PSoC4/cyfitter_cfg.c **** 	CY_SET_XTND_REG32((void CYFAR *)(CYREG_GPIO_PRT0_PC), 0x00004000u);
 429              		.loc 1 293 0
 430 01a0 184B     		ldr	r3, .L13+44
 431 01a2 8022     		mov	r2, #128
 432 01a4 D201     		lsl	r2, r2, #7
 433 01a6 1A60     		str	r2, [r3]
 294:.\Generated_Source\PSoC4/cyfitter_cfg.c **** 
 295:.\Generated_Source\PSoC4/cyfitter_cfg.c **** 	/* IOPINS0_1 Starting address: CYDEV_GPIO_PRT1_BASE */
 296:.\Generated_Source\PSoC4/cyfitter_cfg.c **** 	CY_SET_XTND_REG32((void CYFAR *)(CYREG_GPIO_PRT1_PC), 0x00180000u);
 434              		.loc 1 296 0
 435 01a8 174B     		ldr	r3, .L13+48
 436 01aa C022     		mov	r2, #192
 437 01ac 5203     		lsl	r2, r2, #13
 438 01ae 1A60     		str	r2, [r3]
 297:.\Generated_Source\PSoC4/cyfitter_cfg.c **** 
 298:.\Generated_Source\PSoC4/cyfitter_cfg.c **** 	/* IOPINS0_2 Starting address: CYDEV_GPIO_PRT2_BASE */
 299:.\Generated_Source\PSoC4/cyfitter_cfg.c **** 	CY_SET_XTND_REG32((void CYFAR *)(CYDEV_GPIO_PRT2_BASE), 0x00000040u);
 439              		.loc 1 299 0
 440 01b0 164B     		ldr	r3, .L13+52
ARM GAS  C:\Users\behrenb2\AppData\Local\Temp\ccSSR5Y2.s 			page 14


 441 01b2 4022     		mov	r2, #64
 442 01b4 1A60     		str	r2, [r3]
 300:.\Generated_Source\PSoC4/cyfitter_cfg.c **** 	CY_SET_XTND_REG32((void CYFAR *)(CYREG_GPIO_PRT2_PC), 0x001B0000u);
 443              		.loc 1 300 0
 444 01b6 164B     		ldr	r3, .L13+56
 445 01b8 D822     		mov	r2, #216
 446 01ba 5203     		lsl	r2, r2, #13
 447 01bc 1A60     		str	r2, [r3]
 301:.\Generated_Source\PSoC4/cyfitter_cfg.c **** 
 302:.\Generated_Source\PSoC4/cyfitter_cfg.c **** 	/* IOPINS0_3 Starting address: CYDEV_GPIO_PRT3_BASE */
 303:.\Generated_Source\PSoC4/cyfitter_cfg.c **** 	CY_SET_XTND_REG32((void CYFAR *)(CYDEV_GPIO_PRT3_BASE), 0x000000C2u);
 448              		.loc 1 303 0
 449 01be 154B     		ldr	r3, .L13+60
 450 01c0 C222     		mov	r2, #194
 451 01c2 1A60     		str	r2, [r3]
 304:.\Generated_Source\PSoC4/cyfitter_cfg.c **** 	CY_SET_XTND_REG32((void CYFAR *)(CYREG_GPIO_PRT3_PC), 0x00D80020u);
 452              		.loc 1 304 0
 453 01c4 144B     		ldr	r3, .L13+64
 454 01c6 154A     		ldr	r2, .L13+68
 455 01c8 1A60     		str	r2, [r3]
 305:.\Generated_Source\PSoC4/cyfitter_cfg.c **** 
 306:.\Generated_Source\PSoC4/cyfitter_cfg.c **** 
 307:.\Generated_Source\PSoC4/cyfitter_cfg.c **** 	/* Setup clocks based on selections from Clock DWR */
 308:.\Generated_Source\PSoC4/cyfitter_cfg.c **** 	ClockSetup();
 456              		.loc 1 308 0
 457 01ca FFF719FF 		bl	ClockSetup
 309:.\Generated_Source\PSoC4/cyfitter_cfg.c **** 
 310:.\Generated_Source\PSoC4/cyfitter_cfg.c **** 	/* Perform basic analog initialization to defaults */
 311:.\Generated_Source\PSoC4/cyfitter_cfg.c **** 	AnalogSetDefault();
 458              		.loc 1 311 0
 459 01ce FFF7FEFF 		bl	AnalogSetDefault
 312:.\Generated_Source\PSoC4/cyfitter_cfg.c **** 
 313:.\Generated_Source\PSoC4/cyfitter_cfg.c **** }
 460              		.loc 1 313 0
 461 01d2 BD46     		mov	sp, r7
 462 01d4 02B0     		add	sp, sp, #8
 463              		@ sp needed
 464 01d6 80BD     		pop	{r7, pc}
 465              	.L14:
 466              		.align	2
 467              	.L13:
 468 01d8 6CF02E40 		.word	1076818028
 469 01dc 00000000 		.word	cfg_memset_list.4758
 470 01e0 00000240 		.word	1073872896
 471 01e4 00030240 		.word	1073873664
 472 01e8 00500F40 		.word	1074745344
 473 01ec 10500F40 		.word	1074745360
 474 01f0 20500F40 		.word	1074745376
 475 01f4 30500F40 		.word	1074745392
 476 01f8 00700F40 		.word	1074753536
 477 01fc 01700F40 		.word	1074753537
 478 0200 00000440 		.word	1074003968
 479 0204 08000440 		.word	1074003976
 480 0208 08010440 		.word	1074004232
 481 020c 00020440 		.word	1074004480
 482 0210 08020440 		.word	1074004488
 483 0214 00030440 		.word	1074004736
ARM GAS  C:\Users\behrenb2\AppData\Local\Temp\ccSSR5Y2.s 			page 15


 484 0218 08030440 		.word	1074004744
 485 021c 2000D800 		.word	14155808
 486              		.cfi_endproc
 487              	.LFE7:
 488              		.size	cyfitter_cfg, .-cyfitter_cfg
 489              		.section	.rodata
 490              		.align	2
 491              		.type	cfg_memset_list.4758, %object
 492              		.size	cfg_memset_list.4758, 12
 493              	cfg_memset_list.4758:
 494 0000 00300F40 		.word	1074737152
 495 0004 0004     		.short	1024
 496 0006 00400F40 		.4byte	1074741248
 497 000a 0004     		.short	1024
 498              		.text
 499              	.Letext0:
 500              		.file 2 "c:\\program files (x86)\\cypress\\psoc creator\\3.3\\psoc creator\\import\\gnu\\arm\\4.9.
 501              		.file 3 ".\\Generated_Source\\PSoC4\\cytypes.h"
 502              		.section	.debug_info,"",%progbits
 503              	.Ldebug_info0:
 504 0000 48020000 		.4byte	0x248
 505 0004 0400     		.2byte	0x4
 506 0006 00000000 		.4byte	.Ldebug_abbrev0
 507 000a 04       		.byte	0x4
 508 000b 01       		.uleb128 0x1
 509 000c 01010000 		.4byte	.LASF29
 510 0010 01       		.byte	0x1
 511 0011 D6010000 		.4byte	.LASF30
 512 0015 98000000 		.4byte	.LASF31
 513 0019 00000000 		.4byte	.Ldebug_ranges0+0
 514 001d 00000000 		.4byte	0
 515 0021 00000000 		.4byte	.Ldebug_line0
 516 0025 02       		.uleb128 0x2
 517 0026 04       		.byte	0x4
 518 0027 05       		.byte	0x5
 519 0028 696E7400 		.ascii	"int\000"
 520 002c 03       		.uleb128 0x3
 521 002d 06000000 		.4byte	.LASF11
 522 0031 02       		.byte	0x2
 523 0032 D4       		.byte	0xd4
 524 0033 37000000 		.4byte	0x37
 525 0037 04       		.uleb128 0x4
 526 0038 04       		.byte	0x4
 527 0039 07       		.byte	0x7
 528 003a 9D010000 		.4byte	.LASF0
 529 003e 04       		.uleb128 0x4
 530 003f 01       		.byte	0x1
 531 0040 06       		.byte	0x6
 532 0041 2D020000 		.4byte	.LASF1
 533 0045 04       		.uleb128 0x4
 534 0046 01       		.byte	0x1
 535 0047 08       		.byte	0x8
 536 0048 83000000 		.4byte	.LASF2
 537 004c 04       		.uleb128 0x4
 538 004d 02       		.byte	0x2
 539 004e 05       		.byte	0x5
 540 004f 1A020000 		.4byte	.LASF3
ARM GAS  C:\Users\behrenb2\AppData\Local\Temp\ccSSR5Y2.s 			page 16


 541 0053 04       		.uleb128 0x4
 542 0054 02       		.byte	0x2
 543 0055 07       		.byte	0x7
 544 0056 39000000 		.4byte	.LASF4
 545 005a 04       		.uleb128 0x4
 546 005b 04       		.byte	0x4
 547 005c 05       		.byte	0x5
 548 005d 24020000 		.4byte	.LASF5
 549 0061 04       		.uleb128 0x4
 550 0062 04       		.byte	0x4
 551 0063 07       		.byte	0x7
 552 0064 61000000 		.4byte	.LASF6
 553 0068 04       		.uleb128 0x4
 554 0069 08       		.byte	0x8
 555 006a 05       		.byte	0x5
 556 006b 07020000 		.4byte	.LASF7
 557 006f 04       		.uleb128 0x4
 558 0070 08       		.byte	0x8
 559 0071 07       		.byte	0x7
 560 0072 B2010000 		.4byte	.LASF8
 561 0076 04       		.uleb128 0x4
 562 0077 04       		.byte	0x4
 563 0078 07       		.byte	0x7
 564 0079 FE010000 		.4byte	.LASF9
 565 007d 05       		.uleb128 0x5
 566 007e 04       		.byte	0x4
 567 007f 04       		.uleb128 0x4
 568 0080 01       		.byte	0x1
 569 0081 08       		.byte	0x8
 570 0082 15020000 		.4byte	.LASF10
 571 0086 06       		.uleb128 0x6
 572 0087 73000000 		.4byte	.LASF12
 573 008b 03       		.byte	0x3
 574 008c 9801     		.2byte	0x198
 575 008e 45000000 		.4byte	0x45
 576 0092 06       		.uleb128 0x6
 577 0093 8F010000 		.4byte	.LASF13
 578 0097 03       		.byte	0x3
 579 0098 9901     		.2byte	0x199
 580 009a 53000000 		.4byte	0x53
 581 009e 06       		.uleb128 0x6
 582 009f 96010000 		.4byte	.LASF14
 583 00a3 03       		.byte	0x3
 584 00a4 9A01     		.2byte	0x19a
 585 00a6 61000000 		.4byte	0x61
 586 00aa 04       		.uleb128 0x4
 587 00ab 04       		.byte	0x4
 588 00ac 04       		.byte	0x4
 589 00ad 4C000000 		.4byte	.LASF15
 590 00b1 04       		.uleb128 0x4
 591 00b2 08       		.byte	0x8
 592 00b3 04       		.byte	0x4
 593 00b4 91000000 		.4byte	.LASF16
 594 00b8 06       		.uleb128 0x6
 595 00b9 5C000000 		.4byte	.LASF17
 596 00bd 03       		.byte	0x3
 597 00be 4202     		.2byte	0x242
ARM GAS  C:\Users\behrenb2\AppData\Local\Temp\ccSSR5Y2.s 			page 17


 598 00c0 C4000000 		.4byte	0xc4
 599 00c4 07       		.uleb128 0x7
 600 00c5 86000000 		.4byte	0x86
 601 00c9 06       		.uleb128 0x6
 602 00ca 00000000 		.4byte	.LASF18
 603 00ce 03       		.byte	0x3
 604 00cf 4402     		.2byte	0x244
 605 00d1 D5000000 		.4byte	0xd5
 606 00d5 07       		.uleb128 0x7
 607 00d6 9E000000 		.4byte	0x9e
 608 00da 08       		.uleb128 0x8
 609 00db 79000000 		.4byte	.LASF19
 610 00df 01       		.byte	0x1
 611 00e0 3C       		.byte	0x3c
 612 00e1 00000000 		.4byte	.LFB2
 613 00e5 1E000000 		.4byte	.LFE2-.LFB2
 614 00e9 01       		.uleb128 0x1
 615 00ea 9C       		.byte	0x9c
 616 00eb 08010000 		.4byte	0x108
 617 00ef 09       		.uleb128 0x9
 618 00f0 7300     		.ascii	"s\000"
 619 00f2 01       		.byte	0x1
 620 00f3 3C       		.byte	0x3c
 621 00f4 7D000000 		.4byte	0x7d
 622 00f8 02       		.uleb128 0x2
 623 00f9 91       		.byte	0x91
 624 00fa 74       		.sleb128 -12
 625 00fb 09       		.uleb128 0x9
 626 00fc 6E00     		.ascii	"n\000"
 627 00fe 01       		.byte	0x1
 628 00ff 3C       		.byte	0x3c
 629 0100 2C000000 		.4byte	0x2c
 630 0104 02       		.uleb128 0x2
 631 0105 91       		.byte	0x91
 632 0106 70       		.sleb128 -16
 633 0107 00       		.byte	0
 634 0108 08       		.uleb128 0x8
 635 0109 49020000 		.4byte	.LASF20
 636 010d 01       		.byte	0x1
 637 010e 43       		.byte	0x43
 638 010f 00000000 		.4byte	.LFB3
 639 0113 22000000 		.4byte	.LFE3-.LFB3
 640 0117 01       		.uleb128 0x1
 641 0118 9C       		.byte	0x9c
 642 0119 46010000 		.4byte	0x146
 643 011d 0A       		.uleb128 0xa
 644 011e 52000000 		.4byte	.LASF21
 645 0122 01       		.byte	0x1
 646 0123 43       		.byte	0x43
 647 0124 7D000000 		.4byte	0x7d
 648 0128 02       		.uleb128 0x2
 649 0129 91       		.byte	0x91
 650 012a 74       		.sleb128 -12
 651 012b 09       		.uleb128 0x9
 652 012c 73726300 		.ascii	"src\000"
 653 0130 01       		.byte	0x1
 654 0131 43       		.byte	0x43
ARM GAS  C:\Users\behrenb2\AppData\Local\Temp\ccSSR5Y2.s 			page 18


 655 0132 46010000 		.4byte	0x146
 656 0136 02       		.uleb128 0x2
 657 0137 91       		.byte	0x91
 658 0138 70       		.sleb128 -16
 659 0139 09       		.uleb128 0x9
 660 013a 6E00     		.ascii	"n\000"
 661 013c 01       		.byte	0x1
 662 013d 43       		.byte	0x43
 663 013e 2C000000 		.4byte	0x2c
 664 0142 02       		.uleb128 0x2
 665 0143 91       		.byte	0x91
 666 0144 6C       		.sleb128 -20
 667 0145 00       		.byte	0
 668 0146 0B       		.uleb128 0xb
 669 0147 04       		.byte	0x4
 670 0148 4C010000 		.4byte	0x14c
 671 014c 0C       		.uleb128 0xc
 672 014d 08       		.uleb128 0x8
 673 014e 39020000 		.4byte	.LASF22
 674 0152 01       		.byte	0x1
 675 0153 4A       		.byte	0x4a
 676 0154 00000000 		.4byte	.LFB4
 677 0158 22000000 		.4byte	.LFE4-.LFB4
 678 015c 01       		.uleb128 0x1
 679 015d 9C       		.byte	0x9c
 680 015e 8B010000 		.4byte	0x18b
 681 0162 0A       		.uleb128 0xa
 682 0163 52000000 		.4byte	.LASF21
 683 0167 01       		.byte	0x1
 684 0168 4A       		.byte	0x4a
 685 0169 7D000000 		.4byte	0x7d
 686 016d 02       		.uleb128 0x2
 687 016e 91       		.byte	0x91
 688 016f 74       		.sleb128 -12
 689 0170 09       		.uleb128 0x9
 690 0171 73726300 		.ascii	"src\000"
 691 0175 01       		.byte	0x1
 692 0176 4A       		.byte	0x4a
 693 0177 46010000 		.4byte	0x146
 694 017b 02       		.uleb128 0x2
 695 017c 91       		.byte	0x91
 696 017d 70       		.sleb128 -16
 697 017e 09       		.uleb128 0x9
 698 017f 6E00     		.ascii	"n\000"
 699 0181 01       		.byte	0x1
 700 0182 4A       		.byte	0x4a
 701 0183 2C000000 		.4byte	0x2c
 702 0187 02       		.uleb128 0x2
 703 0188 91       		.byte	0x91
 704 0189 6C       		.sleb128 -20
 705 018a 00       		.byte	0
 706 018b 0D       		.uleb128 0xd
 707 018c 2E000000 		.4byte	.LASF23
 708 0190 01       		.byte	0x1
 709 0191 91       		.byte	0x91
 710 0192 00000000 		.4byte	.LFB5
 711 0196 D0000000 		.4byte	.LFE5-.LFB5
ARM GAS  C:\Users\behrenb2\AppData\Local\Temp\ccSSR5Y2.s 			page 19


 712 019a 01       		.uleb128 0x1
 713 019b 9C       		.byte	0x9c
 714 019c 0E       		.uleb128 0xe
 715 019d 0D000000 		.4byte	.LASF24
 716 01a1 01       		.byte	0x1
 717 01a2 D2       		.byte	0xd2
 718 01a3 00000000 		.4byte	.LFB6
 719 01a7 28000000 		.4byte	.LFE6-.LFB6
 720 01ab 01       		.uleb128 0x1
 721 01ac 9C       		.byte	0x9c
 722 01ad 0F       		.uleb128 0xf
 723 01ae F4000000 		.4byte	.LASF32
 724 01b2 01       		.byte	0x1
 725 01b3 ED       		.byte	0xed
 726 01b4 D0000000 		.4byte	.LFB7
 727 01b8 50010000 		.4byte	.LFE7-.LFB7
 728 01bc 01       		.uleb128 0x1
 729 01bd 9C       		.byte	0x9c
 730 01be 10       		.uleb128 0x10
 731 01bf DE000000 		.4byte	.LBB2
 732 01c3 BC000000 		.4byte	.LBE2-.LBB2
 733 01c7 11       		.uleb128 0x11
 734 01c8 06       		.byte	0x6
 735 01c9 01       		.byte	0x1
 736 01ca F6       		.byte	0xf6
 737 01cb E8010000 		.4byte	0x1e8
 738 01cf 12       		.uleb128 0x12
 739 01d0 AA010000 		.4byte	.LASF25
 740 01d4 01       		.byte	0x1
 741 01d5 F7       		.byte	0xf7
 742 01d6 7D000000 		.4byte	0x7d
 743 01da 00       		.byte	0
 744 01db 12       		.uleb128 0x12
 745 01dc 57000000 		.4byte	.LASF26
 746 01e0 01       		.byte	0x1
 747 01e1 F8       		.byte	0xf8
 748 01e2 92000000 		.4byte	0x92
 749 01e6 04       		.byte	0x4
 750 01e7 00       		.byte	0
 751 01e8 03       		.uleb128 0x3
 752 01e9 C9010000 		.4byte	.LASF27
 753 01ed 01       		.byte	0x1
 754 01ee F9       		.byte	0xf9
 755 01ef C7010000 		.4byte	0x1c7
 756 01f3 13       		.uleb128 0x13
 757 01f4 E8010000 		.4byte	0x1e8
 758 01f8 03020000 		.4byte	0x203
 759 01fc 14       		.uleb128 0x14
 760 01fd 76000000 		.4byte	0x76
 761 0201 01       		.byte	0x1
 762 0202 00       		.byte	0
 763 0203 15       		.uleb128 0x15
 764 0204 1E000000 		.4byte	.LASF28
 765 0208 01       		.byte	0x1
 766 0209 FB       		.byte	0xfb
 767 020a 14020000 		.4byte	0x214
 768 020e 05       		.uleb128 0x5
ARM GAS  C:\Users\behrenb2\AppData\Local\Temp\ccSSR5Y2.s 			page 20


 769 020f 03       		.byte	0x3
 770 0210 00000000 		.4byte	cfg_memset_list.4758
 771 0214 16       		.uleb128 0x16
 772 0215 F3010000 		.4byte	0x1f3
 773 0219 17       		.uleb128 0x17
 774 021a 6900     		.ascii	"i\000"
 775 021c 01       		.byte	0x1
 776 021d 0101     		.2byte	0x101
 777 021f 86000000 		.4byte	0x86
 778 0223 02       		.uleb128 0x2
 779 0224 91       		.byte	0x91
 780 0225 77       		.sleb128 -9
 781 0226 10       		.uleb128 0x10
 782 0227 E6000000 		.4byte	.LBB3
 783 022b 3E000000 		.4byte	.LBE3-.LBB3
 784 022f 17       		.uleb128 0x17
 785 0230 6D7300   		.ascii	"ms\000"
 786 0233 01       		.byte	0x1
 787 0234 0601     		.2byte	0x106
 788 0236 3D020000 		.4byte	0x23d
 789 023a 02       		.uleb128 0x2
 790 023b 91       		.byte	0x91
 791 023c 70       		.sleb128 -16
 792 023d 0B       		.uleb128 0xb
 793 023e 04       		.byte	0x4
 794 023f 43020000 		.4byte	0x243
 795 0243 16       		.uleb128 0x16
 796 0244 E8010000 		.4byte	0x1e8
 797 0248 00       		.byte	0
 798 0249 00       		.byte	0
 799 024a 00       		.byte	0
 800 024b 00       		.byte	0
 801              		.section	.debug_abbrev,"",%progbits
 802              	.Ldebug_abbrev0:
 803 0000 01       		.uleb128 0x1
 804 0001 11       		.uleb128 0x11
 805 0002 01       		.byte	0x1
 806 0003 25       		.uleb128 0x25
 807 0004 0E       		.uleb128 0xe
 808 0005 13       		.uleb128 0x13
 809 0006 0B       		.uleb128 0xb
 810 0007 03       		.uleb128 0x3
 811 0008 0E       		.uleb128 0xe
 812 0009 1B       		.uleb128 0x1b
 813 000a 0E       		.uleb128 0xe
 814 000b 55       		.uleb128 0x55
 815 000c 17       		.uleb128 0x17
 816 000d 11       		.uleb128 0x11
 817 000e 01       		.uleb128 0x1
 818 000f 10       		.uleb128 0x10
 819 0010 17       		.uleb128 0x17
 820 0011 00       		.byte	0
 821 0012 00       		.byte	0
 822 0013 02       		.uleb128 0x2
 823 0014 24       		.uleb128 0x24
 824 0015 00       		.byte	0
 825 0016 0B       		.uleb128 0xb
ARM GAS  C:\Users\behrenb2\AppData\Local\Temp\ccSSR5Y2.s 			page 21


 826 0017 0B       		.uleb128 0xb
 827 0018 3E       		.uleb128 0x3e
 828 0019 0B       		.uleb128 0xb
 829 001a 03       		.uleb128 0x3
 830 001b 08       		.uleb128 0x8
 831 001c 00       		.byte	0
 832 001d 00       		.byte	0
 833 001e 03       		.uleb128 0x3
 834 001f 16       		.uleb128 0x16
 835 0020 00       		.byte	0
 836 0021 03       		.uleb128 0x3
 837 0022 0E       		.uleb128 0xe
 838 0023 3A       		.uleb128 0x3a
 839 0024 0B       		.uleb128 0xb
 840 0025 3B       		.uleb128 0x3b
 841 0026 0B       		.uleb128 0xb
 842 0027 49       		.uleb128 0x49
 843 0028 13       		.uleb128 0x13
 844 0029 00       		.byte	0
 845 002a 00       		.byte	0
 846 002b 04       		.uleb128 0x4
 847 002c 24       		.uleb128 0x24
 848 002d 00       		.byte	0
 849 002e 0B       		.uleb128 0xb
 850 002f 0B       		.uleb128 0xb
 851 0030 3E       		.uleb128 0x3e
 852 0031 0B       		.uleb128 0xb
 853 0032 03       		.uleb128 0x3
 854 0033 0E       		.uleb128 0xe
 855 0034 00       		.byte	0
 856 0035 00       		.byte	0
 857 0036 05       		.uleb128 0x5
 858 0037 0F       		.uleb128 0xf
 859 0038 00       		.byte	0
 860 0039 0B       		.uleb128 0xb
 861 003a 0B       		.uleb128 0xb
 862 003b 00       		.byte	0
 863 003c 00       		.byte	0
 864 003d 06       		.uleb128 0x6
 865 003e 16       		.uleb128 0x16
 866 003f 00       		.byte	0
 867 0040 03       		.uleb128 0x3
 868 0041 0E       		.uleb128 0xe
 869 0042 3A       		.uleb128 0x3a
 870 0043 0B       		.uleb128 0xb
 871 0044 3B       		.uleb128 0x3b
 872 0045 05       		.uleb128 0x5
 873 0046 49       		.uleb128 0x49
 874 0047 13       		.uleb128 0x13
 875 0048 00       		.byte	0
 876 0049 00       		.byte	0
 877 004a 07       		.uleb128 0x7
 878 004b 35       		.uleb128 0x35
 879 004c 00       		.byte	0
 880 004d 49       		.uleb128 0x49
 881 004e 13       		.uleb128 0x13
 882 004f 00       		.byte	0
ARM GAS  C:\Users\behrenb2\AppData\Local\Temp\ccSSR5Y2.s 			page 22


 883 0050 00       		.byte	0
 884 0051 08       		.uleb128 0x8
 885 0052 2E       		.uleb128 0x2e
 886 0053 01       		.byte	0x1
 887 0054 03       		.uleb128 0x3
 888 0055 0E       		.uleb128 0xe
 889 0056 3A       		.uleb128 0x3a
 890 0057 0B       		.uleb128 0xb
 891 0058 3B       		.uleb128 0x3b
 892 0059 0B       		.uleb128 0xb
 893 005a 27       		.uleb128 0x27
 894 005b 19       		.uleb128 0x19
 895 005c 11       		.uleb128 0x11
 896 005d 01       		.uleb128 0x1
 897 005e 12       		.uleb128 0x12
 898 005f 06       		.uleb128 0x6
 899 0060 40       		.uleb128 0x40
 900 0061 18       		.uleb128 0x18
 901 0062 9642     		.uleb128 0x2116
 902 0064 19       		.uleb128 0x19
 903 0065 01       		.uleb128 0x1
 904 0066 13       		.uleb128 0x13
 905 0067 00       		.byte	0
 906 0068 00       		.byte	0
 907 0069 09       		.uleb128 0x9
 908 006a 05       		.uleb128 0x5
 909 006b 00       		.byte	0
 910 006c 03       		.uleb128 0x3
 911 006d 08       		.uleb128 0x8
 912 006e 3A       		.uleb128 0x3a
 913 006f 0B       		.uleb128 0xb
 914 0070 3B       		.uleb128 0x3b
 915 0071 0B       		.uleb128 0xb
 916 0072 49       		.uleb128 0x49
 917 0073 13       		.uleb128 0x13
 918 0074 02       		.uleb128 0x2
 919 0075 18       		.uleb128 0x18
 920 0076 00       		.byte	0
 921 0077 00       		.byte	0
 922 0078 0A       		.uleb128 0xa
 923 0079 05       		.uleb128 0x5
 924 007a 00       		.byte	0
 925 007b 03       		.uleb128 0x3
 926 007c 0E       		.uleb128 0xe
 927 007d 3A       		.uleb128 0x3a
 928 007e 0B       		.uleb128 0xb
 929 007f 3B       		.uleb128 0x3b
 930 0080 0B       		.uleb128 0xb
 931 0081 49       		.uleb128 0x49
 932 0082 13       		.uleb128 0x13
 933 0083 02       		.uleb128 0x2
 934 0084 18       		.uleb128 0x18
 935 0085 00       		.byte	0
 936 0086 00       		.byte	0
 937 0087 0B       		.uleb128 0xb
 938 0088 0F       		.uleb128 0xf
 939 0089 00       		.byte	0
ARM GAS  C:\Users\behrenb2\AppData\Local\Temp\ccSSR5Y2.s 			page 23


 940 008a 0B       		.uleb128 0xb
 941 008b 0B       		.uleb128 0xb
 942 008c 49       		.uleb128 0x49
 943 008d 13       		.uleb128 0x13
 944 008e 00       		.byte	0
 945 008f 00       		.byte	0
 946 0090 0C       		.uleb128 0xc
 947 0091 26       		.uleb128 0x26
 948 0092 00       		.byte	0
 949 0093 00       		.byte	0
 950 0094 00       		.byte	0
 951 0095 0D       		.uleb128 0xd
 952 0096 2E       		.uleb128 0x2e
 953 0097 00       		.byte	0
 954 0098 03       		.uleb128 0x3
 955 0099 0E       		.uleb128 0xe
 956 009a 3A       		.uleb128 0x3a
 957 009b 0B       		.uleb128 0xb
 958 009c 3B       		.uleb128 0x3b
 959 009d 0B       		.uleb128 0xb
 960 009e 27       		.uleb128 0x27
 961 009f 19       		.uleb128 0x19
 962 00a0 11       		.uleb128 0x11
 963 00a1 01       		.uleb128 0x1
 964 00a2 12       		.uleb128 0x12
 965 00a3 06       		.uleb128 0x6
 966 00a4 40       		.uleb128 0x40
 967 00a5 18       		.uleb128 0x18
 968 00a6 9642     		.uleb128 0x2116
 969 00a8 19       		.uleb128 0x19
 970 00a9 00       		.byte	0
 971 00aa 00       		.byte	0
 972 00ab 0E       		.uleb128 0xe
 973 00ac 2E       		.uleb128 0x2e
 974 00ad 00       		.byte	0
 975 00ae 03       		.uleb128 0x3
 976 00af 0E       		.uleb128 0xe
 977 00b0 3A       		.uleb128 0x3a
 978 00b1 0B       		.uleb128 0xb
 979 00b2 3B       		.uleb128 0x3b
 980 00b3 0B       		.uleb128 0xb
 981 00b4 27       		.uleb128 0x27
 982 00b5 19       		.uleb128 0x19
 983 00b6 11       		.uleb128 0x11
 984 00b7 01       		.uleb128 0x1
 985 00b8 12       		.uleb128 0x12
 986 00b9 06       		.uleb128 0x6
 987 00ba 40       		.uleb128 0x40
 988 00bb 18       		.uleb128 0x18
 989 00bc 9742     		.uleb128 0x2117
 990 00be 19       		.uleb128 0x19
 991 00bf 00       		.byte	0
 992 00c0 00       		.byte	0
 993 00c1 0F       		.uleb128 0xf
 994 00c2 2E       		.uleb128 0x2e
 995 00c3 01       		.byte	0x1
 996 00c4 3F       		.uleb128 0x3f
ARM GAS  C:\Users\behrenb2\AppData\Local\Temp\ccSSR5Y2.s 			page 24


 997 00c5 19       		.uleb128 0x19
 998 00c6 03       		.uleb128 0x3
 999 00c7 0E       		.uleb128 0xe
 1000 00c8 3A       		.uleb128 0x3a
 1001 00c9 0B       		.uleb128 0xb
 1002 00ca 3B       		.uleb128 0x3b
 1003 00cb 0B       		.uleb128 0xb
 1004 00cc 27       		.uleb128 0x27
 1005 00cd 19       		.uleb128 0x19
 1006 00ce 11       		.uleb128 0x11
 1007 00cf 01       		.uleb128 0x1
 1008 00d0 12       		.uleb128 0x12
 1009 00d1 06       		.uleb128 0x6
 1010 00d2 40       		.uleb128 0x40
 1011 00d3 18       		.uleb128 0x18
 1012 00d4 9642     		.uleb128 0x2116
 1013 00d6 19       		.uleb128 0x19
 1014 00d7 00       		.byte	0
 1015 00d8 00       		.byte	0
 1016 00d9 10       		.uleb128 0x10
 1017 00da 0B       		.uleb128 0xb
 1018 00db 01       		.byte	0x1
 1019 00dc 11       		.uleb128 0x11
 1020 00dd 01       		.uleb128 0x1
 1021 00de 12       		.uleb128 0x12
 1022 00df 06       		.uleb128 0x6
 1023 00e0 00       		.byte	0
 1024 00e1 00       		.byte	0
 1025 00e2 11       		.uleb128 0x11
 1026 00e3 13       		.uleb128 0x13
 1027 00e4 01       		.byte	0x1
 1028 00e5 0B       		.uleb128 0xb
 1029 00e6 0B       		.uleb128 0xb
 1030 00e7 3A       		.uleb128 0x3a
 1031 00e8 0B       		.uleb128 0xb
 1032 00e9 3B       		.uleb128 0x3b
 1033 00ea 0B       		.uleb128 0xb
 1034 00eb 01       		.uleb128 0x1
 1035 00ec 13       		.uleb128 0x13
 1036 00ed 00       		.byte	0
 1037 00ee 00       		.byte	0
 1038 00ef 12       		.uleb128 0x12
 1039 00f0 0D       		.uleb128 0xd
 1040 00f1 00       		.byte	0
 1041 00f2 03       		.uleb128 0x3
 1042 00f3 0E       		.uleb128 0xe
 1043 00f4 3A       		.uleb128 0x3a
 1044 00f5 0B       		.uleb128 0xb
 1045 00f6 3B       		.uleb128 0x3b
 1046 00f7 0B       		.uleb128 0xb
 1047 00f8 49       		.uleb128 0x49
 1048 00f9 13       		.uleb128 0x13
 1049 00fa 38       		.uleb128 0x38
 1050 00fb 0B       		.uleb128 0xb
 1051 00fc 00       		.byte	0
 1052 00fd 00       		.byte	0
 1053 00fe 13       		.uleb128 0x13
ARM GAS  C:\Users\behrenb2\AppData\Local\Temp\ccSSR5Y2.s 			page 25


 1054 00ff 01       		.uleb128 0x1
 1055 0100 01       		.byte	0x1
 1056 0101 49       		.uleb128 0x49
 1057 0102 13       		.uleb128 0x13
 1058 0103 01       		.uleb128 0x1
 1059 0104 13       		.uleb128 0x13
 1060 0105 00       		.byte	0
 1061 0106 00       		.byte	0
 1062 0107 14       		.uleb128 0x14
 1063 0108 21       		.uleb128 0x21
 1064 0109 00       		.byte	0
 1065 010a 49       		.uleb128 0x49
 1066 010b 13       		.uleb128 0x13
 1067 010c 2F       		.uleb128 0x2f
 1068 010d 0B       		.uleb128 0xb
 1069 010e 00       		.byte	0
 1070 010f 00       		.byte	0
 1071 0110 15       		.uleb128 0x15
 1072 0111 34       		.uleb128 0x34
 1073 0112 00       		.byte	0
 1074 0113 03       		.uleb128 0x3
 1075 0114 0E       		.uleb128 0xe
 1076 0115 3A       		.uleb128 0x3a
 1077 0116 0B       		.uleb128 0xb
 1078 0117 3B       		.uleb128 0x3b
 1079 0118 0B       		.uleb128 0xb
 1080 0119 49       		.uleb128 0x49
 1081 011a 13       		.uleb128 0x13
 1082 011b 02       		.uleb128 0x2
 1083 011c 18       		.uleb128 0x18
 1084 011d 00       		.byte	0
 1085 011e 00       		.byte	0
 1086 011f 16       		.uleb128 0x16
 1087 0120 26       		.uleb128 0x26
 1088 0121 00       		.byte	0
 1089 0122 49       		.uleb128 0x49
 1090 0123 13       		.uleb128 0x13
 1091 0124 00       		.byte	0
 1092 0125 00       		.byte	0
 1093 0126 17       		.uleb128 0x17
 1094 0127 34       		.uleb128 0x34
 1095 0128 00       		.byte	0
 1096 0129 03       		.uleb128 0x3
 1097 012a 08       		.uleb128 0x8
 1098 012b 3A       		.uleb128 0x3a
 1099 012c 0B       		.uleb128 0xb
 1100 012d 3B       		.uleb128 0x3b
 1101 012e 05       		.uleb128 0x5
 1102 012f 49       		.uleb128 0x49
 1103 0130 13       		.uleb128 0x13
 1104 0131 02       		.uleb128 0x2
 1105 0132 18       		.uleb128 0x18
 1106 0133 00       		.byte	0
 1107 0134 00       		.byte	0
 1108 0135 00       		.byte	0
 1109              		.section	.debug_aranges,"",%progbits
 1110 0000 44000000 		.4byte	0x44
ARM GAS  C:\Users\behrenb2\AppData\Local\Temp\ccSSR5Y2.s 			page 26


 1111 0004 0200     		.2byte	0x2
 1112 0006 00000000 		.4byte	.Ldebug_info0
 1113 000a 04       		.byte	0x4
 1114 000b 00       		.byte	0
 1115 000c 0000     		.2byte	0
 1116 000e 0000     		.2byte	0
 1117 0010 00000000 		.4byte	.LFB2
 1118 0014 1E000000 		.4byte	.LFE2-.LFB2
 1119 0018 00000000 		.4byte	.LFB3
 1120 001c 22000000 		.4byte	.LFE3-.LFB3
 1121 0020 00000000 		.4byte	.LFB4
 1122 0024 22000000 		.4byte	.LFE4-.LFB4
 1123 0028 00000000 		.4byte	.LFB5
 1124 002c D0000000 		.4byte	.LFE5-.LFB5
 1125 0030 00000000 		.4byte	.LFB6
 1126 0034 28000000 		.4byte	.LFE6-.LFB6
 1127 0038 D0000000 		.4byte	.LFB7
 1128 003c 50010000 		.4byte	.LFE7-.LFB7
 1129 0040 00000000 		.4byte	0
 1130 0044 00000000 		.4byte	0
 1131              		.section	.debug_ranges,"",%progbits
 1132              	.Ldebug_ranges0:
 1133 0000 00000000 		.4byte	.LFB2
 1134 0004 1E000000 		.4byte	.LFE2
 1135 0008 00000000 		.4byte	.LFB3
 1136 000c 22000000 		.4byte	.LFE3
 1137 0010 00000000 		.4byte	.LFB4
 1138 0014 22000000 		.4byte	.LFE4
 1139 0018 00000000 		.4byte	.LFB5
 1140 001c D0000000 		.4byte	.LFE5
 1141 0020 00000000 		.4byte	.LFB6
 1142 0024 28000000 		.4byte	.LFE6
 1143 0028 D0000000 		.4byte	.LFB7
 1144 002c 20020000 		.4byte	.LFE7
 1145 0030 00000000 		.4byte	0
 1146 0034 00000000 		.4byte	0
 1147              		.section	.debug_line,"",%progbits
 1148              	.Ldebug_line0:
 1149 0000 73010000 		.section	.debug_str,"MS",%progbits,1
 1149      0200CD00 
 1149      00000201 
 1149      FB0E0D00 
 1149      01010101 
 1150              	.LASF18:
 1151 0000 72656733 		.ascii	"reg32\000"
 1151      3200
 1152              	.LASF11:
 1153 0006 73697A65 		.ascii	"size_t\000"
 1153      5F7400
 1154              	.LASF24:
 1155 000d 416E616C 		.ascii	"AnalogSetDefault\000"
 1155      6F675365 
 1155      74446566 
 1155      61756C74 
 1155      00
 1156              	.LASF28:
 1157 001e 6366675F 		.ascii	"cfg_memset_list\000"
ARM GAS  C:\Users\behrenb2\AppData\Local\Temp\ccSSR5Y2.s 			page 27


 1157      6D656D73 
 1157      65745F6C 
 1157      69737400 
 1158              	.LASF23:
 1159 002e 436C6F63 		.ascii	"ClockSetup\000"
 1159      6B536574 
 1159      757000
 1160              	.LASF4:
 1161 0039 73686F72 		.ascii	"short unsigned int\000"
 1161      7420756E 
 1161      7369676E 
 1161      65642069 
 1161      6E7400
 1162              	.LASF15:
 1163 004c 666C6F61 		.ascii	"float\000"
 1163      7400
 1164              	.LASF21:
 1165 0052 64657374 		.ascii	"dest\000"
 1165      00
 1166              	.LASF26:
 1167 0057 73697A65 		.ascii	"size\000"
 1167      00
 1168              	.LASF17:
 1169 005c 72656738 		.ascii	"reg8\000"
 1169      00
 1170              	.LASF6:
 1171 0061 6C6F6E67 		.ascii	"long unsigned int\000"
 1171      20756E73 
 1171      69676E65 
 1171      6420696E 
 1171      7400
 1172              	.LASF12:
 1173 0073 75696E74 		.ascii	"uint8\000"
 1173      3800
 1174              	.LASF19:
 1175 0079 43594D45 		.ascii	"CYMEMZERO\000"
 1175      4D5A4552 
 1175      4F00
 1176              	.LASF2:
 1177 0083 756E7369 		.ascii	"unsigned char\000"
 1177      676E6564 
 1177      20636861 
 1177      7200
 1178              	.LASF16:
 1179 0091 646F7562 		.ascii	"double\000"
 1179      6C6500
 1180              	.LASF31:
 1181 0098 483A5C4A 		.ascii	"H:\\Jr Year\\343TermProject\\BLE_Temperature_Measur"
 1181      72205965 
 1181      61725C33 
 1181      34335465 
 1181      726D5072 
 1182 00c8 656D656E 		.ascii	"ement01\\BLE_Temperature_Measurement01.cydsn\000"
 1182      7430315C 
 1182      424C455F 
 1182      54656D70 
 1182      65726174 
ARM GAS  C:\Users\behrenb2\AppData\Local\Temp\ccSSR5Y2.s 			page 28


 1183              	.LASF32:
 1184 00f4 63796669 		.ascii	"cyfitter_cfg\000"
 1184      74746572 
 1184      5F636667 
 1184      00
 1185              	.LASF29:
 1186 0101 474E5520 		.ascii	"GNU C 4.9.3 20150303 (release) [ARM/embedded-4_9-br"
 1186      4320342E 
 1186      392E3320 
 1186      32303135 
 1186      30333033 
 1187 0134 616E6368 		.ascii	"anch revision 221220] -mcpu=cortex-m0 -mthumb -g -O"
 1187      20726576 
 1187      6973696F 
 1187      6E203232 
 1187      31323230 
 1188 0167 30202D66 		.ascii	"0 -ffunction-sections -ffat-lto-objects\000"
 1188      66756E63 
 1188      74696F6E 
 1188      2D736563 
 1188      74696F6E 
 1189              	.LASF13:
 1190 018f 75696E74 		.ascii	"uint16\000"
 1190      313600
 1191              	.LASF14:
 1192 0196 75696E74 		.ascii	"uint32\000"
 1192      333200
 1193              	.LASF0:
 1194 019d 756E7369 		.ascii	"unsigned int\000"
 1194      676E6564 
 1194      20696E74 
 1194      00
 1195              	.LASF25:
 1196 01aa 61646472 		.ascii	"address\000"
 1196      65737300 
 1197              	.LASF8:
 1198 01b2 6C6F6E67 		.ascii	"long long unsigned int\000"
 1198      206C6F6E 
 1198      6720756E 
 1198      7369676E 
 1198      65642069 
 1199              	.LASF27:
 1200 01c9 6366675F 		.ascii	"cfg_memset_t\000"
 1200      6D656D73 
 1200      65745F74 
 1200      00
 1201              	.LASF30:
 1202 01d6 2E5C4765 		.ascii	".\\Generated_Source\\PSoC4\\cyfitter_cfg.c\000"
 1202      6E657261 
 1202      7465645F 
 1202      536F7572 
 1202      63655C50 
 1203              	.LASF9:
 1204 01fe 73697A65 		.ascii	"sizetype\000"
 1204      74797065 
 1204      00
 1205              	.LASF7:
ARM GAS  C:\Users\behrenb2\AppData\Local\Temp\ccSSR5Y2.s 			page 29


 1206 0207 6C6F6E67 		.ascii	"long long int\000"
 1206      206C6F6E 
 1206      6720696E 
 1206      7400
 1207              	.LASF10:
 1208 0215 63686172 		.ascii	"char\000"
 1208      00
 1209              	.LASF3:
 1210 021a 73686F72 		.ascii	"short int\000"
 1210      7420696E 
 1210      7400
 1211              	.LASF5:
 1212 0224 6C6F6E67 		.ascii	"long int\000"
 1212      20696E74 
 1212      00
 1213              	.LASF1:
 1214 022d 7369676E 		.ascii	"signed char\000"
 1214      65642063 
 1214      68617200 
 1215              	.LASF22:
 1216 0239 4359434F 		.ascii	"CYCONFIGCPYCODE\000"
 1216      4E464947 
 1216      43505943 
 1216      4F444500 
 1217              	.LASF20:
 1218 0249 4359434F 		.ascii	"CYCONFIGCPY\000"
 1218      4E464947 
 1218      43505900 
 1219              		.ident	"GCC: (GNU Tools for ARM Embedded Processors) 4.9.3 20150303 (release) [ARM/embedded-4_9-br
