ARM GAS  C:\Users\behrenb2\AppData\Local\Temp\ccD1tKZf.s 			page 1


   1              		.cpu cortex-m0
   2              		.fpu softvfp
   3              		.eabi_attribute 20, 1
   4              		.eabi_attribute 21, 1
   5              		.eabi_attribute 23, 3
   6              		.eabi_attribute 24, 1
   7              		.eabi_attribute 25, 1
   8              		.eabi_attribute 26, 1
   9              		.eabi_attribute 30, 6
  10              		.eabi_attribute 34, 0
  11              		.eabi_attribute 18, 4
  12              		.code	16
  13              		.file	"debug.c"
  14              		.text
  15              	.Ltext0:
  16              		.cfi_sections	.debug_frame
  17              		.section	.text.ShowValue,"ax",%progbits
  18              		.align	2
  19              		.global	ShowValue
  20              		.code	16
  21              		.thumb_func
  22              		.type	ShowValue, %function
  23              	ShowValue:
  24              	.LFB37:
  25              		.file 1 ".\\debug.c"
   1:.\debug.c     **** /*******************************************************************************
   2:.\debug.c     **** * File Name: debug.c
   3:.\debug.c     **** *
   4:.\debug.c     **** * Version: 1.0
   5:.\debug.c     **** *
   6:.\debug.c     **** * Description:
   7:.\debug.c     **** *  This file contains functions for printf functionality.
   8:.\debug.c     **** *
   9:.\debug.c     **** * Hardware Dependency:
  10:.\debug.c     **** *  CY8CKIT-042 BLE
  11:.\debug.c     **** * 
  12:.\debug.c     **** ********************************************************************************
  13:.\debug.c     **** * Copyright 2015, Cypress Semiconductor Corporation.  All rights reserved.
  14:.\debug.c     **** * You may use this file only in accordance with the license, terms, conditions,
  15:.\debug.c     **** * disclaimers, and limitations in the end user license agreement accompanying
  16:.\debug.c     **** * the software package with which this file was provided.
  17:.\debug.c     **** *******************************************************************************/
  18:.\debug.c     **** 
  19:.\debug.c     **** 
  20:.\debug.c     **** #include "common.h"
  21:.\debug.c     **** 
  22:.\debug.c     **** #if (DEBUG_UART_ENABLED == ENABLED)
  23:.\debug.c     **** 
  24:.\debug.c     **** #if defined(__ARMCC_VERSION)
  25:.\debug.c     ****     
  26:.\debug.c     **** /* For MDK/RVDS compiler revise fputc function for printf functionality */
  27:.\debug.c     **** struct __FILE 
  28:.\debug.c     **** {
  29:.\debug.c     ****     int handle;  
  30:.\debug.c     **** };
  31:.\debug.c     **** 
  32:.\debug.c     **** enum 
ARM GAS  C:\Users\behrenb2\AppData\Local\Temp\ccD1tKZf.s 			page 2


  33:.\debug.c     **** {
  34:.\debug.c     ****     STDIN_HANDLE,
  35:.\debug.c     ****     STDOUT_HANDLE,
  36:.\debug.c     ****     STDERR_HANDLE
  37:.\debug.c     **** };
  38:.\debug.c     **** 
  39:.\debug.c     **** FILE __stdin = {STDIN_HANDLE};
  40:.\debug.c     **** FILE __stdout = {STDOUT_HANDLE};
  41:.\debug.c     **** FILE __stderr = {STDERR_HANDLE};
  42:.\debug.c     **** 
  43:.\debug.c     **** int fputc(int ch, FILE *file) 
  44:.\debug.c     **** {
  45:.\debug.c     ****     int ret = EOF;
  46:.\debug.c     **** 
  47:.\debug.c     ****     switch( file->handle )
  48:.\debug.c     ****     {
  49:.\debug.c     ****         case STDOUT_HANDLE:
  50:.\debug.c     ****             UART_DEB_UartPutChar(ch);
  51:.\debug.c     ****             ret = ch ;
  52:.\debug.c     ****             break ;
  53:.\debug.c     **** 
  54:.\debug.c     ****         case STDERR_HANDLE:
  55:.\debug.c     ****             ret = ch ;
  56:.\debug.c     ****             break ;
  57:.\debug.c     **** 
  58:.\debug.c     ****         default:
  59:.\debug.c     ****             file = file;
  60:.\debug.c     ****             break ;
  61:.\debug.c     ****     }
  62:.\debug.c     ****     return ret ;
  63:.\debug.c     **** }
  64:.\debug.c     **** 
  65:.\debug.c     **** #elif defined (__ICCARM__)      /* IAR */
  66:.\debug.c     **** 
  67:.\debug.c     **** /* For IAR compiler revise __write() function for printf functionality */
  68:.\debug.c     **** size_t __write(int handle, const unsigned char * buffer, size_t size)
  69:.\debug.c     **** {
  70:.\debug.c     ****     size_t nChars = 0;
  71:.\debug.c     **** 
  72:.\debug.c     ****     if (buffer == 0)
  73:.\debug.c     ****     {
  74:.\debug.c     ****         /*
  75:.\debug.c     ****          * This means that we should flush internal buffers.  Since we
  76:.\debug.c     ****          * don't we just return.  (Remember, "handle" == -1 means that all
  77:.\debug.c     ****          * handles should be flushed.)
  78:.\debug.c     ****          */
  79:.\debug.c     ****         return (0);
  80:.\debug.c     ****     }
  81:.\debug.c     **** 
  82:.\debug.c     ****     for (/* Empty */; size != 0; --size)
  83:.\debug.c     ****     {
  84:.\debug.c     ****         UART_DEB_UartPutChar(*buffer++);
  85:.\debug.c     ****         ++nChars;
  86:.\debug.c     ****     }
  87:.\debug.c     **** 
  88:.\debug.c     ****     return (nChars);
  89:.\debug.c     **** }
ARM GAS  C:\Users\behrenb2\AppData\Local\Temp\ccD1tKZf.s 			page 3


  90:.\debug.c     **** 
  91:.\debug.c     **** #else  /* (__GNUC__)  GCC */
  92:.\debug.c     **** 
  93:.\debug.c     **** /* For GCC compiler revise _write() function for printf functionality */
  94:.\debug.c     **** int _write(int file, char *ptr, int len)
  95:.\debug.c     **** {
  96:.\debug.c     ****     int i;
  97:.\debug.c     ****     file = file;
  98:.\debug.c     ****     for (i = 0; i < len; i++)
  99:.\debug.c     ****     {
 100:.\debug.c     ****         UART_DEB_UartPutChar(*ptr++);
 101:.\debug.c     ****     }
 102:.\debug.c     ****     return len;
 103:.\debug.c     **** }
 104:.\debug.c     **** 
 105:.\debug.c     **** 
 106:.\debug.c     **** #endif  /* (__ARMCC_VERSION) */   
 107:.\debug.c     **** 
 108:.\debug.c     **** #endif /* DEBUG_UART_ENABLED == ENABLED */
 109:.\debug.c     **** 
 110:.\debug.c     **** 
 111:.\debug.c     **** void ShowValue(CYBLE_GATT_VALUE_T *value)
 112:.\debug.c     **** {
  26              		.loc 1 112 0
  27              		.cfi_startproc
  28 0000 80B5     		push	{r7, lr}
  29              		.cfi_def_cfa_offset 8
  30              		.cfi_offset 7, -8
  31              		.cfi_offset 14, -4
  32 0002 84B0     		sub	sp, sp, #16
  33              		.cfi_def_cfa_offset 24
  34 0004 00AF     		add	r7, sp, #0
  35              		.cfi_def_cfa_register 7
  36 0006 7860     		str	r0, [r7, #4]
 113:.\debug.c     ****     int16 i;
 114:.\debug.c     ****     
 115:.\debug.c     ****     for(i = 0; i < value->len; i++)
  37              		.loc 1 115 0
  38 0008 0E23     		mov	r3, #14
  39 000a FB18     		add	r3, r7, r3
  40 000c 0022     		mov	r2, #0
  41 000e 1A80     		strh	r2, [r3]
  42 0010 08E0     		b	.L2
  43              	.L3:
  44              		.loc 1 115 0 is_stmt 0 discriminator 3
  45 0012 0E23     		mov	r3, #14
  46 0014 FB18     		add	r3, r7, r3
  47 0016 1B88     		ldrh	r3, [r3]
  48 0018 9BB2     		uxth	r3, r3
  49 001a 0133     		add	r3, r3, #1
  50 001c 9AB2     		uxth	r2, r3
  51 001e 0E23     		mov	r3, #14
  52 0020 FB18     		add	r3, r7, r3
  53 0022 1A80     		strh	r2, [r3]
  54              	.L2:
  55              		.loc 1 115 0 discriminator 1
  56 0024 0E23     		mov	r3, #14
ARM GAS  C:\Users\behrenb2\AppData\Local\Temp\ccD1tKZf.s 			page 4


  57 0026 FB18     		add	r3, r7, r3
  58 0028 0022     		mov	r2, #0
  59 002a 9B5E     		ldrsh	r3, [r3, r2]
  60 002c 7A68     		ldr	r2, [r7, #4]
  61 002e 9288     		ldrh	r2, [r2, #4]
  62 0030 9342     		cmp	r3, r2
  63 0032 EEDB     		blt	.L3
 116:.\debug.c     ****     {
 117:.\debug.c     ****         DBG_PRINTF("%2.2x ", value->val[i]);
 118:.\debug.c     ****     }
 119:.\debug.c     ****     DBG_PRINTF("\r\n");
 120:.\debug.c     **** }
  64              		.loc 1 120 0 is_stmt 1
  65 0034 BD46     		mov	sp, r7
  66 0036 04B0     		add	sp, sp, #16
  67              		@ sp needed
  68 0038 80BD     		pop	{r7, pc}
  69              		.cfi_endproc
  70              	.LFE37:
  71              		.size	ShowValue, .-ShowValue
  72 003a C046     		.section	.text.Set32ByPtr,"ax",%progbits
  73              		.align	2
  74              		.global	Set32ByPtr
  75              		.code	16
  76              		.thumb_func
  77              		.type	Set32ByPtr, %function
  78              	Set32ByPtr:
  79              	.LFB38:
 121:.\debug.c     **** 
 122:.\debug.c     **** 
 123:.\debug.c     **** void Set32ByPtr(uint8 ptr[], uint32 value)
 124:.\debug.c     **** {
  80              		.loc 1 124 0
  81              		.cfi_startproc
  82 0000 80B5     		push	{r7, lr}
  83              		.cfi_def_cfa_offset 8
  84              		.cfi_offset 7, -8
  85              		.cfi_offset 14, -4
  86 0002 82B0     		sub	sp, sp, #8
  87              		.cfi_def_cfa_offset 16
  88 0004 00AF     		add	r7, sp, #0
  89              		.cfi_def_cfa_register 7
  90 0006 7860     		str	r0, [r7, #4]
  91 0008 3960     		str	r1, [r7]
 125:.\debug.c     ****     ptr[0u] = (uint8) value;
  92              		.loc 1 125 0
  93 000a 3B68     		ldr	r3, [r7]
  94 000c DAB2     		uxtb	r2, r3
  95 000e 7B68     		ldr	r3, [r7, #4]
  96 0010 1A70     		strb	r2, [r3]
 126:.\debug.c     ****     ptr[1u] = (uint8) (value >> 8u);    
  97              		.loc 1 126 0
  98 0012 7B68     		ldr	r3, [r7, #4]
  99 0014 0133     		add	r3, r3, #1
 100 0016 3A68     		ldr	r2, [r7]
 101 0018 120A     		lsr	r2, r2, #8
 102 001a D2B2     		uxtb	r2, r2
ARM GAS  C:\Users\behrenb2\AppData\Local\Temp\ccD1tKZf.s 			page 5


 103 001c 1A70     		strb	r2, [r3]
 127:.\debug.c     ****     ptr[2u] = (uint8) (value >> 16u);    
 104              		.loc 1 127 0
 105 001e 7B68     		ldr	r3, [r7, #4]
 106 0020 0233     		add	r3, r3, #2
 107 0022 3A68     		ldr	r2, [r7]
 108 0024 120C     		lsr	r2, r2, #16
 109 0026 D2B2     		uxtb	r2, r2
 110 0028 1A70     		strb	r2, [r3]
 128:.\debug.c     ****     ptr[3u] = (uint8) (value >> 24u);
 111              		.loc 1 128 0
 112 002a 7B68     		ldr	r3, [r7, #4]
 113 002c 0333     		add	r3, r3, #3
 114 002e 3A68     		ldr	r2, [r7]
 115 0030 120E     		lsr	r2, r2, #24
 116 0032 D2B2     		uxtb	r2, r2
 117 0034 1A70     		strb	r2, [r3]
 129:.\debug.c     **** }
 118              		.loc 1 129 0
 119 0036 BD46     		mov	sp, r7
 120 0038 02B0     		add	sp, sp, #8
 121              		@ sp needed
 122 003a 80BD     		pop	{r7, pc}
 123              		.cfi_endproc
 124              	.LFE38:
 125              		.size	Set32ByPtr, .-Set32ByPtr
 126              		.text
 127              	.Letext0:
 128              		.file 2 "Generated_Source\\PSoC4/cytypes.h"
 129              		.file 3 "Generated_Source\\PSoC4/BLE_StackGatt.h"
 130              		.section	.debug_info,"",%progbits
 131              	.Ldebug_info0:
 132 0000 5B010000 		.4byte	0x15b
 133 0004 0400     		.2byte	0x4
 134 0006 00000000 		.4byte	.Ldebug_abbrev0
 135 000a 04       		.byte	0x4
 136 000b 01       		.uleb128 0x1
 137 000c 57010000 		.4byte	.LASF20
 138 0010 01       		.byte	0x1
 139 0011 22000000 		.4byte	.LASF21
 140 0015 4A000000 		.4byte	.LASF22
 141 0019 00000000 		.4byte	.Ldebug_ranges0+0
 142 001d 00000000 		.4byte	0
 143 0021 00000000 		.4byte	.Ldebug_line0
 144 0025 02       		.uleb128 0x2
 145 0026 01       		.byte	0x1
 146 0027 06       		.byte	0x6
 147 0028 07010000 		.4byte	.LASF0
 148 002c 02       		.uleb128 0x2
 149 002d 01       		.byte	0x1
 150 002e 08       		.byte	0x8
 151 002f BD000000 		.4byte	.LASF1
 152 0033 02       		.uleb128 0x2
 153 0034 02       		.byte	0x2
 154 0035 05       		.byte	0x5
 155 0036 E3000000 		.4byte	.LASF2
 156 003a 02       		.uleb128 0x2
ARM GAS  C:\Users\behrenb2\AppData\Local\Temp\ccD1tKZf.s 			page 6


 157 003b 02       		.byte	0x2
 158 003c 07       		.byte	0x7
 159 003d F4000000 		.4byte	.LASF3
 160 0041 02       		.uleb128 0x2
 161 0042 04       		.byte	0x4
 162 0043 05       		.byte	0x5
 163 0044 DA000000 		.4byte	.LASF4
 164 0048 02       		.uleb128 0x2
 165 0049 04       		.byte	0x4
 166 004a 07       		.byte	0x7
 167 004b 32000000 		.4byte	.LASF5
 168 004f 02       		.uleb128 0x2
 169 0050 08       		.byte	0x8
 170 0051 05       		.byte	0x5
 171 0052 00000000 		.4byte	.LASF6
 172 0056 02       		.uleb128 0x2
 173 0057 08       		.byte	0x8
 174 0058 07       		.byte	0x7
 175 0059 A6000000 		.4byte	.LASF7
 176 005d 03       		.uleb128 0x3
 177 005e 04       		.byte	0x4
 178 005f 05       		.byte	0x5
 179 0060 696E7400 		.ascii	"int\000"
 180 0064 02       		.uleb128 0x2
 181 0065 04       		.byte	0x4
 182 0066 07       		.byte	0x7
 183 0067 15000000 		.4byte	.LASF8
 184 006b 04       		.uleb128 0x4
 185 006c 2C000000 		.4byte	.LASF9
 186 0070 02       		.byte	0x2
 187 0071 9801     		.2byte	0x198
 188 0073 2C000000 		.4byte	0x2c
 189 0077 04       		.uleb128 0x4
 190 0078 34010000 		.4byte	.LASF10
 191 007c 02       		.byte	0x2
 192 007d 9901     		.2byte	0x199
 193 007f 3A000000 		.4byte	0x3a
 194 0083 04       		.uleb128 0x4
 195 0084 0E000000 		.4byte	.LASF11
 196 0088 02       		.byte	0x2
 197 0089 9A01     		.2byte	0x19a
 198 008b 48000000 		.4byte	0x48
 199 008f 04       		.uleb128 0x4
 200 0090 23010000 		.4byte	.LASF12
 201 0094 02       		.byte	0x2
 202 0095 9C01     		.2byte	0x19c
 203 0097 33000000 		.4byte	0x33
 204 009b 02       		.uleb128 0x2
 205 009c 04       		.byte	0x4
 206 009d 04       		.byte	0x4
 207 009e 44000000 		.4byte	.LASF13
 208 00a2 02       		.uleb128 0x2
 209 00a3 08       		.byte	0x8
 210 00a4 04       		.byte	0x4
 211 00a5 ED000000 		.4byte	.LASF14
 212 00a9 02       		.uleb128 0x2
 213 00aa 01       		.byte	0x1
ARM GAS  C:\Users\behrenb2\AppData\Local\Temp\ccD1tKZf.s 			page 7


 214 00ab 08       		.byte	0x8
 215 00ac CB000000 		.4byte	.LASF15
 216 00b0 02       		.uleb128 0x2
 217 00b1 04       		.byte	0x4
 218 00b2 07       		.byte	0x7
 219 00b3 4E010000 		.4byte	.LASF16
 220 00b7 05       		.uleb128 0x5
 221 00b8 04       		.byte	0x4
 222 00b9 6B000000 		.4byte	0x6b
 223 00bd 06       		.uleb128 0x6
 224 00be 08       		.byte	0x8
 225 00bf 03       		.byte	0x3
 226 00c0 C701     		.2byte	0x1c7
 227 00c2 EE000000 		.4byte	0xee
 228 00c6 07       		.uleb128 0x7
 229 00c7 76616C00 		.ascii	"val\000"
 230 00cb 03       		.byte	0x3
 231 00cc CA01     		.2byte	0x1ca
 232 00ce B7000000 		.4byte	0xb7
 233 00d2 00       		.byte	0
 234 00d3 07       		.uleb128 0x7
 235 00d4 6C656E00 		.ascii	"len\000"
 236 00d8 03       		.byte	0x3
 237 00d9 CD01     		.2byte	0x1cd
 238 00db 77000000 		.4byte	0x77
 239 00df 04       		.byte	0x4
 240 00e0 08       		.uleb128 0x8
 241 00e1 D0000000 		.4byte	.LASF17
 242 00e5 03       		.byte	0x3
 243 00e6 D401     		.2byte	0x1d4
 244 00e8 77000000 		.4byte	0x77
 245 00ec 06       		.byte	0x6
 246 00ed 00       		.byte	0
 247 00ee 04       		.uleb128 0x4
 248 00ef 3B010000 		.4byte	.LASF18
 249 00f3 03       		.byte	0x3
 250 00f4 D601     		.2byte	0x1d6
 251 00f6 BD000000 		.4byte	0xbd
 252 00fa 05       		.uleb128 0x5
 253 00fb 04       		.byte	0x4
 254 00fc EE000000 		.4byte	0xee
 255 0100 09       		.uleb128 0x9
 256 0101 13010000 		.4byte	.LASF23
 257 0105 01       		.byte	0x1
 258 0106 6F       		.byte	0x6f
 259 0107 00000000 		.4byte	.LFB37
 260 010b 3A000000 		.4byte	.LFE37-.LFB37
 261 010f 01       		.uleb128 0x1
 262 0110 9C       		.byte	0x9c
 263 0111 30010000 		.4byte	0x130
 264 0115 0A       		.uleb128 0xa
 265 0116 1D010000 		.4byte	.LASF19
 266 011a 01       		.byte	0x1
 267 011b 6F       		.byte	0x6f
 268 011c FA000000 		.4byte	0xfa
 269 0120 02       		.uleb128 0x2
 270 0121 91       		.byte	0x91
ARM GAS  C:\Users\behrenb2\AppData\Local\Temp\ccD1tKZf.s 			page 8


 271 0122 6C       		.sleb128 -20
 272 0123 0B       		.uleb128 0xb
 273 0124 6900     		.ascii	"i\000"
 274 0126 01       		.byte	0x1
 275 0127 71       		.byte	0x71
 276 0128 8F000000 		.4byte	0x8f
 277 012c 02       		.uleb128 0x2
 278 012d 91       		.byte	0x91
 279 012e 76       		.sleb128 -10
 280 012f 00       		.byte	0
 281 0130 0C       		.uleb128 0xc
 282 0131 29010000 		.4byte	.LASF24
 283 0135 01       		.byte	0x1
 284 0136 7B       		.byte	0x7b
 285 0137 00000000 		.4byte	.LFB38
 286 013b 3C000000 		.4byte	.LFE38-.LFB38
 287 013f 01       		.uleb128 0x1
 288 0140 9C       		.byte	0x9c
 289 0141 0D       		.uleb128 0xd
 290 0142 70747200 		.ascii	"ptr\000"
 291 0146 01       		.byte	0x1
 292 0147 7B       		.byte	0x7b
 293 0148 B7000000 		.4byte	0xb7
 294 014c 02       		.uleb128 0x2
 295 014d 91       		.byte	0x91
 296 014e 74       		.sleb128 -12
 297 014f 0A       		.uleb128 0xa
 298 0150 1D010000 		.4byte	.LASF19
 299 0154 01       		.byte	0x1
 300 0155 7B       		.byte	0x7b
 301 0156 83000000 		.4byte	0x83
 302 015a 02       		.uleb128 0x2
 303 015b 91       		.byte	0x91
 304 015c 70       		.sleb128 -16
 305 015d 00       		.byte	0
 306 015e 00       		.byte	0
 307              		.section	.debug_abbrev,"",%progbits
 308              	.Ldebug_abbrev0:
 309 0000 01       		.uleb128 0x1
 310 0001 11       		.uleb128 0x11
 311 0002 01       		.byte	0x1
 312 0003 25       		.uleb128 0x25
 313 0004 0E       		.uleb128 0xe
 314 0005 13       		.uleb128 0x13
 315 0006 0B       		.uleb128 0xb
 316 0007 03       		.uleb128 0x3
 317 0008 0E       		.uleb128 0xe
 318 0009 1B       		.uleb128 0x1b
 319 000a 0E       		.uleb128 0xe
 320 000b 55       		.uleb128 0x55
 321 000c 17       		.uleb128 0x17
 322 000d 11       		.uleb128 0x11
 323 000e 01       		.uleb128 0x1
 324 000f 10       		.uleb128 0x10
 325 0010 17       		.uleb128 0x17
 326 0011 00       		.byte	0
 327 0012 00       		.byte	0
ARM GAS  C:\Users\behrenb2\AppData\Local\Temp\ccD1tKZf.s 			page 9


 328 0013 02       		.uleb128 0x2
 329 0014 24       		.uleb128 0x24
 330 0015 00       		.byte	0
 331 0016 0B       		.uleb128 0xb
 332 0017 0B       		.uleb128 0xb
 333 0018 3E       		.uleb128 0x3e
 334 0019 0B       		.uleb128 0xb
 335 001a 03       		.uleb128 0x3
 336 001b 0E       		.uleb128 0xe
 337 001c 00       		.byte	0
 338 001d 00       		.byte	0
 339 001e 03       		.uleb128 0x3
 340 001f 24       		.uleb128 0x24
 341 0020 00       		.byte	0
 342 0021 0B       		.uleb128 0xb
 343 0022 0B       		.uleb128 0xb
 344 0023 3E       		.uleb128 0x3e
 345 0024 0B       		.uleb128 0xb
 346 0025 03       		.uleb128 0x3
 347 0026 08       		.uleb128 0x8
 348 0027 00       		.byte	0
 349 0028 00       		.byte	0
 350 0029 04       		.uleb128 0x4
 351 002a 16       		.uleb128 0x16
 352 002b 00       		.byte	0
 353 002c 03       		.uleb128 0x3
 354 002d 0E       		.uleb128 0xe
 355 002e 3A       		.uleb128 0x3a
 356 002f 0B       		.uleb128 0xb
 357 0030 3B       		.uleb128 0x3b
 358 0031 05       		.uleb128 0x5
 359 0032 49       		.uleb128 0x49
 360 0033 13       		.uleb128 0x13
 361 0034 00       		.byte	0
 362 0035 00       		.byte	0
 363 0036 05       		.uleb128 0x5
 364 0037 0F       		.uleb128 0xf
 365 0038 00       		.byte	0
 366 0039 0B       		.uleb128 0xb
 367 003a 0B       		.uleb128 0xb
 368 003b 49       		.uleb128 0x49
 369 003c 13       		.uleb128 0x13
 370 003d 00       		.byte	0
 371 003e 00       		.byte	0
 372 003f 06       		.uleb128 0x6
 373 0040 13       		.uleb128 0x13
 374 0041 01       		.byte	0x1
 375 0042 0B       		.uleb128 0xb
 376 0043 0B       		.uleb128 0xb
 377 0044 3A       		.uleb128 0x3a
 378 0045 0B       		.uleb128 0xb
 379 0046 3B       		.uleb128 0x3b
 380 0047 05       		.uleb128 0x5
 381 0048 01       		.uleb128 0x1
 382 0049 13       		.uleb128 0x13
 383 004a 00       		.byte	0
 384 004b 00       		.byte	0
ARM GAS  C:\Users\behrenb2\AppData\Local\Temp\ccD1tKZf.s 			page 10


 385 004c 07       		.uleb128 0x7
 386 004d 0D       		.uleb128 0xd
 387 004e 00       		.byte	0
 388 004f 03       		.uleb128 0x3
 389 0050 08       		.uleb128 0x8
 390 0051 3A       		.uleb128 0x3a
 391 0052 0B       		.uleb128 0xb
 392 0053 3B       		.uleb128 0x3b
 393 0054 05       		.uleb128 0x5
 394 0055 49       		.uleb128 0x49
 395 0056 13       		.uleb128 0x13
 396 0057 38       		.uleb128 0x38
 397 0058 0B       		.uleb128 0xb
 398 0059 00       		.byte	0
 399 005a 00       		.byte	0
 400 005b 08       		.uleb128 0x8
 401 005c 0D       		.uleb128 0xd
 402 005d 00       		.byte	0
 403 005e 03       		.uleb128 0x3
 404 005f 0E       		.uleb128 0xe
 405 0060 3A       		.uleb128 0x3a
 406 0061 0B       		.uleb128 0xb
 407 0062 3B       		.uleb128 0x3b
 408 0063 05       		.uleb128 0x5
 409 0064 49       		.uleb128 0x49
 410 0065 13       		.uleb128 0x13
 411 0066 38       		.uleb128 0x38
 412 0067 0B       		.uleb128 0xb
 413 0068 00       		.byte	0
 414 0069 00       		.byte	0
 415 006a 09       		.uleb128 0x9
 416 006b 2E       		.uleb128 0x2e
 417 006c 01       		.byte	0x1
 418 006d 3F       		.uleb128 0x3f
 419 006e 19       		.uleb128 0x19
 420 006f 03       		.uleb128 0x3
 421 0070 0E       		.uleb128 0xe
 422 0071 3A       		.uleb128 0x3a
 423 0072 0B       		.uleb128 0xb
 424 0073 3B       		.uleb128 0x3b
 425 0074 0B       		.uleb128 0xb
 426 0075 27       		.uleb128 0x27
 427 0076 19       		.uleb128 0x19
 428 0077 11       		.uleb128 0x11
 429 0078 01       		.uleb128 0x1
 430 0079 12       		.uleb128 0x12
 431 007a 06       		.uleb128 0x6
 432 007b 40       		.uleb128 0x40
 433 007c 18       		.uleb128 0x18
 434 007d 9742     		.uleb128 0x2117
 435 007f 19       		.uleb128 0x19
 436 0080 01       		.uleb128 0x1
 437 0081 13       		.uleb128 0x13
 438 0082 00       		.byte	0
 439 0083 00       		.byte	0
 440 0084 0A       		.uleb128 0xa
 441 0085 05       		.uleb128 0x5
ARM GAS  C:\Users\behrenb2\AppData\Local\Temp\ccD1tKZf.s 			page 11


 442 0086 00       		.byte	0
 443 0087 03       		.uleb128 0x3
 444 0088 0E       		.uleb128 0xe
 445 0089 3A       		.uleb128 0x3a
 446 008a 0B       		.uleb128 0xb
 447 008b 3B       		.uleb128 0x3b
 448 008c 0B       		.uleb128 0xb
 449 008d 49       		.uleb128 0x49
 450 008e 13       		.uleb128 0x13
 451 008f 02       		.uleb128 0x2
 452 0090 18       		.uleb128 0x18
 453 0091 00       		.byte	0
 454 0092 00       		.byte	0
 455 0093 0B       		.uleb128 0xb
 456 0094 34       		.uleb128 0x34
 457 0095 00       		.byte	0
 458 0096 03       		.uleb128 0x3
 459 0097 08       		.uleb128 0x8
 460 0098 3A       		.uleb128 0x3a
 461 0099 0B       		.uleb128 0xb
 462 009a 3B       		.uleb128 0x3b
 463 009b 0B       		.uleb128 0xb
 464 009c 49       		.uleb128 0x49
 465 009d 13       		.uleb128 0x13
 466 009e 02       		.uleb128 0x2
 467 009f 18       		.uleb128 0x18
 468 00a0 00       		.byte	0
 469 00a1 00       		.byte	0
 470 00a2 0C       		.uleb128 0xc
 471 00a3 2E       		.uleb128 0x2e
 472 00a4 01       		.byte	0x1
 473 00a5 3F       		.uleb128 0x3f
 474 00a6 19       		.uleb128 0x19
 475 00a7 03       		.uleb128 0x3
 476 00a8 0E       		.uleb128 0xe
 477 00a9 3A       		.uleb128 0x3a
 478 00aa 0B       		.uleb128 0xb
 479 00ab 3B       		.uleb128 0x3b
 480 00ac 0B       		.uleb128 0xb
 481 00ad 27       		.uleb128 0x27
 482 00ae 19       		.uleb128 0x19
 483 00af 11       		.uleb128 0x11
 484 00b0 01       		.uleb128 0x1
 485 00b1 12       		.uleb128 0x12
 486 00b2 06       		.uleb128 0x6
 487 00b3 40       		.uleb128 0x40
 488 00b4 18       		.uleb128 0x18
 489 00b5 9742     		.uleb128 0x2117
 490 00b7 19       		.uleb128 0x19
 491 00b8 00       		.byte	0
 492 00b9 00       		.byte	0
 493 00ba 0D       		.uleb128 0xd
 494 00bb 05       		.uleb128 0x5
 495 00bc 00       		.byte	0
 496 00bd 03       		.uleb128 0x3
 497 00be 08       		.uleb128 0x8
 498 00bf 3A       		.uleb128 0x3a
ARM GAS  C:\Users\behrenb2\AppData\Local\Temp\ccD1tKZf.s 			page 12


 499 00c0 0B       		.uleb128 0xb
 500 00c1 3B       		.uleb128 0x3b
 501 00c2 0B       		.uleb128 0xb
 502 00c3 49       		.uleb128 0x49
 503 00c4 13       		.uleb128 0x13
 504 00c5 02       		.uleb128 0x2
 505 00c6 18       		.uleb128 0x18
 506 00c7 00       		.byte	0
 507 00c8 00       		.byte	0
 508 00c9 00       		.byte	0
 509              		.section	.debug_aranges,"",%progbits
 510 0000 24000000 		.4byte	0x24
 511 0004 0200     		.2byte	0x2
 512 0006 00000000 		.4byte	.Ldebug_info0
 513 000a 04       		.byte	0x4
 514 000b 00       		.byte	0
 515 000c 0000     		.2byte	0
 516 000e 0000     		.2byte	0
 517 0010 00000000 		.4byte	.LFB37
 518 0014 3A000000 		.4byte	.LFE37-.LFB37
 519 0018 00000000 		.4byte	.LFB38
 520 001c 3C000000 		.4byte	.LFE38-.LFB38
 521 0020 00000000 		.4byte	0
 522 0024 00000000 		.4byte	0
 523              		.section	.debug_ranges,"",%progbits
 524              	.Ldebug_ranges0:
 525 0000 00000000 		.4byte	.LFB37
 526 0004 3A000000 		.4byte	.LFE37
 527 0008 00000000 		.4byte	.LFB38
 528 000c 3C000000 		.4byte	.LFE38
 529 0010 00000000 		.4byte	0
 530 0014 00000000 		.4byte	0
 531              		.section	.debug_line,"",%progbits
 532              	.Ldebug_line0:
 533 0000 90000000 		.section	.debug_str,"MS",%progbits,1
 533      02005700 
 533      00000201 
 533      FB0E0D00 
 533      01010101 
 534              	.LASF6:
 535 0000 6C6F6E67 		.ascii	"long long int\000"
 535      206C6F6E 
 535      6720696E 
 535      7400
 536              	.LASF11:
 537 000e 75696E74 		.ascii	"uint32\000"
 537      333200
 538              	.LASF8:
 539 0015 756E7369 		.ascii	"unsigned int\000"
 539      676E6564 
 539      20696E74 
 539      00
 540              	.LASF21:
 541 0022 2E5C6465 		.ascii	".\\debug.c\000"
 541      6275672E 
 541      6300
 542              	.LASF9:
ARM GAS  C:\Users\behrenb2\AppData\Local\Temp\ccD1tKZf.s 			page 13


 543 002c 75696E74 		.ascii	"uint8\000"
 543      3800
 544              	.LASF5:
 545 0032 6C6F6E67 		.ascii	"long unsigned int\000"
 545      20756E73 
 545      69676E65 
 545      6420696E 
 545      7400
 546              	.LASF13:
 547 0044 666C6F61 		.ascii	"float\000"
 547      7400
 548              	.LASF22:
 549 004a 483A5C4A 		.ascii	"H:\\Jr Year\\343TermProject\\BLE_Temperature_Measur"
 549      72205965 
 549      61725C33 
 549      34335465 
 549      726D5072 
 550 007a 656D656E 		.ascii	"ement01\\BLE_Temperature_Measurement01.cydsn\000"
 550      7430315C 
 550      424C455F 
 550      54656D70 
 550      65726174 
 551              	.LASF7:
 552 00a6 6C6F6E67 		.ascii	"long long unsigned int\000"
 552      206C6F6E 
 552      6720756E 
 552      7369676E 
 552      65642069 
 553              	.LASF1:
 554 00bd 756E7369 		.ascii	"unsigned char\000"
 554      676E6564 
 554      20636861 
 554      7200
 555              	.LASF15:
 556 00cb 63686172 		.ascii	"char\000"
 556      00
 557              	.LASF17:
 558 00d0 61637475 		.ascii	"actualLen\000"
 558      616C4C65 
 558      6E00
 559              	.LASF4:
 560 00da 6C6F6E67 		.ascii	"long int\000"
 560      20696E74 
 560      00
 561              	.LASF2:
 562 00e3 73686F72 		.ascii	"short int\000"
 562      7420696E 
 562      7400
 563              	.LASF14:
 564 00ed 646F7562 		.ascii	"double\000"
 564      6C6500
 565              	.LASF3:
 566 00f4 73686F72 		.ascii	"short unsigned int\000"
 566      7420756E 
 566      7369676E 
 566      65642069 
 566      6E7400
ARM GAS  C:\Users\behrenb2\AppData\Local\Temp\ccD1tKZf.s 			page 14


 567              	.LASF0:
 568 0107 7369676E 		.ascii	"signed char\000"
 568      65642063 
 568      68617200 
 569              	.LASF23:
 570 0113 53686F77 		.ascii	"ShowValue\000"
 570      56616C75 
 570      6500
 571              	.LASF19:
 572 011d 76616C75 		.ascii	"value\000"
 572      6500
 573              	.LASF12:
 574 0123 696E7431 		.ascii	"int16\000"
 574      3600
 575              	.LASF24:
 576 0129 53657433 		.ascii	"Set32ByPtr\000"
 576      32427950 
 576      747200
 577              	.LASF10:
 578 0134 75696E74 		.ascii	"uint16\000"
 578      313600
 579              	.LASF18:
 580 013b 4359424C 		.ascii	"CYBLE_GATT_VALUE_T\000"
 580      455F4741 
 580      54545F56 
 580      414C5545 
 580      5F5400
 581              	.LASF16:
 582 014e 73697A65 		.ascii	"sizetype\000"
 582      74797065 
 582      00
 583              	.LASF20:
 584 0157 474E5520 		.ascii	"GNU C 4.9.3 20150303 (release) [ARM/embedded-4_9-br"
 584      4320342E 
 584      392E3320 
 584      32303135 
 584      30333033 
 585 018a 616E6368 		.ascii	"anch revision 221220] -mcpu=cortex-m0 -mthumb -g -O"
 585      20726576 
 585      6973696F 
 585      6E203232 
 585      31323230 
 586 01bd 30202D66 		.ascii	"0 -ffunction-sections -ffat-lto-objects\000"
 586      66756E63 
 586      74696F6E 
 586      2D736563 
 586      74696F6E 
 587              		.ident	"GCC: (GNU Tools for ARM Embedded Processors) 4.9.3 20150303 (release) [ARM/embedded-4_9-br
